<?xml version="1.0" encoding="UTF-8"?>
<!-- Generated by org.testng.reporters.JUnitReportReporter -->
<testsuite hostname="N700278" name="TestCase.SitTest.US200001AndUS200002ValidateTrailerAndUS200041ValidateTerminal" tests="126" failures="0" timestamp="2 Aug 2016 15:03:23 GMT" time="262.094" errors="0">
  <testcase name="VerifyValidTerminal" time="2.199" classname="TestCase.SitTest.US200001AndUS200002ValidateTrailerAndUS200041ValidateTerminal"/>
  <testcase name="VerifyValidTerminal" time="2.300" classname="TestCase.SitTest.US200001AndUS200002ValidateTrailerAndUS200041ValidateTerminal"/>
  <testcase name="VerifyValidTerminal" time="2.202" classname="TestCase.SitTest.US200001AndUS200002ValidateTrailerAndUS200041ValidateTerminal"/>
  <testcase name="VerifyInvalidTerminal" time="1.648" classname="TestCase.SitTest.US200001AndUS200002ValidateTrailerAndUS200041ValidateTerminal"/>
  <testcase name="VerifyValidTerminal" time="2.214" classname="TestCase.SitTest.US200001AndUS200002ValidateTrailerAndUS200041ValidateTerminal"/>
  <testcase name="VerifyInvalidTerminal" time="1.647" classname="TestCase.SitTest.US200001AndUS200002ValidateTrailerAndUS200041ValidateTerminal"/>
  <testcase name="VerifyMaintenanceTrailer" time="5.556" classname="TestCase.SitTest.US200001AndUS200002ValidateTrailerAndUS200041ValidateTerminal"/>
  <testcase name="VerifyValidTerminal" time="2.195" classname="TestCase.SitTest.US200001AndUS200002ValidateTrailerAndUS200041ValidateTerminal"/>
  <testcase name="VerifyValidTerminal" time="2.240" classname="TestCase.SitTest.US200001AndUS200002ValidateTrailerAndUS200041ValidateTerminal"/>
  <testcase name="VerifyValidTerminal" time="2.206" classname="TestCase.SitTest.US200001AndUS200002ValidateTrailerAndUS200041ValidateTerminal"/>
  <testcase name="VerifyNotExistTrailer" time="0.704" classname="TestCase.SitTest.US200001AndUS200002ValidateTrailerAndUS200041ValidateTerminal"/>
  <testcase name="VerifyRetiredTrailer" time="0.822" classname="TestCase.SitTest.US200001AndUS200002ValidateTrailerAndUS200041ValidateTerminal"/>
  <testcase name="VerifyInvalidTerminal" time="1.646" classname="TestCase.SitTest.US200001AndUS200002ValidateTrailerAndUS200041ValidateTerminal"/>
  <testcase name="VerifyInvalidTerminal" time="1.646" classname="TestCase.SitTest.US200001AndUS200002ValidateTrailerAndUS200041ValidateTerminal"/>
  <testcase name="VerifyValidTerminal" time="2.201" classname="TestCase.SitTest.US200001AndUS200002ValidateTrailerAndUS200041ValidateTerminal"/>
  <testcase name="VerifyValidTerminal" time="2.252" classname="TestCase.SitTest.US200001AndUS200002ValidateTrailerAndUS200041ValidateTerminal"/>
  <testcase name="VerifyValidTerminal" time="2.202" classname="TestCase.SitTest.US200001AndUS200002ValidateTrailerAndUS200041ValidateTerminal"/>
  <testcase name="VerifyValidTerminal" time="2.203" classname="TestCase.SitTest.US200001AndUS200002ValidateTrailerAndUS200041ValidateTerminal"/>
  <testcase name="VerifyInvalidTerminal" time="1.654" classname="TestCase.SitTest.US200001AndUS200002ValidateTrailerAndUS200041ValidateTerminal"/>
  <testcase name="VerifyValidTerminal" time="2.208" classname="TestCase.SitTest.US200001AndUS200002ValidateTrailerAndUS200041ValidateTerminal"/>
  <testcase name="VerifyInvalidTerminal" time="1.645" classname="TestCase.SitTest.US200001AndUS200002ValidateTrailerAndUS200041ValidateTerminal"/>
  <testcase name="VerifyRetiredTrailer" time="0.762" classname="TestCase.SitTest.US200001AndUS200002ValidateTrailerAndUS200041ValidateTerminal"/>
  <testcase name="VerifyValidTerminal" time="2.216" classname="TestCase.SitTest.US200001AndUS200002ValidateTrailerAndUS200041ValidateTerminal"/>
  <testcase name="VerifyInvalidTerminal" time="1.643" classname="TestCase.SitTest.US200001AndUS200002ValidateTrailerAndUS200041ValidateTerminal"/>
  <testcase name="VerifyValidTerminal" time="2.235" classname="TestCase.SitTest.US200001AndUS200002ValidateTrailerAndUS200041ValidateTerminal"/>
  <testcase name="VerifyValidTerminal" time="2.203" classname="TestCase.SitTest.US200001AndUS200002ValidateTrailerAndUS200041ValidateTerminal"/>
  <testcase name="VerifyInvalidTerminal" time="1.649" classname="TestCase.SitTest.US200001AndUS200002ValidateTrailerAndUS200041ValidateTerminal"/>
  <testcase name="VerifyInvalidTerminal" time="1.645" classname="TestCase.SitTest.US200001AndUS200002ValidateTrailerAndUS200041ValidateTerminal"/>
  <testcase name="VerifyValidTerminal" time="2.203" classname="TestCase.SitTest.US200001AndUS200002ValidateTrailerAndUS200041ValidateTerminal"/>
  <testcase name="VerifyInvalidTerminal" time="1.651" classname="TestCase.SitTest.US200001AndUS200002ValidateTrailerAndUS200041ValidateTerminal"/>
  <testcase name="VerifyValidTerminal" time="2.279" classname="TestCase.SitTest.US200001AndUS200002ValidateTrailerAndUS200041ValidateTerminal"/>
  <testcase name="VerifyValidTerminal" time="2.251" classname="TestCase.SitTest.US200001AndUS200002ValidateTrailerAndUS200041ValidateTerminal"/>
  <testcase name="VerifyInvalidTerminal" time="1.660" classname="TestCase.SitTest.US200001AndUS200002ValidateTrailerAndUS200041ValidateTerminal"/>
  <testcase name="VerifyValidTerminal" time="2.201" classname="TestCase.SitTest.US200001AndUS200002ValidateTrailerAndUS200041ValidateTerminal"/>
  <testcase name="VerifyValidTerminal" time="2.198" classname="TestCase.SitTest.US200001AndUS200002ValidateTrailerAndUS200041ValidateTerminal"/>
  <testcase name="VerifyNotExistTrailer" time="0.706" classname="TestCase.SitTest.US200001AndUS200002ValidateTrailerAndUS200041ValidateTerminal"/>
  <testcase name="VerifyMaintenanceTrailer" time="5.709" classname="TestCase.SitTest.US200001AndUS200002ValidateTrailerAndUS200041ValidateTerminal"/>
  <testcase name="VerifyRetiredTrailer" time="0.706" classname="TestCase.SitTest.US200001AndUS200002ValidateTrailerAndUS200041ValidateTerminal"/>
  <testcase name="VerifyInvalidTerminal" time="1.653" classname="TestCase.SitTest.US200001AndUS200002ValidateTrailerAndUS200041ValidateTerminal"/>
  <testcase name="VerifyInvalidTerminal" time="1.649" classname="TestCase.SitTest.US200001AndUS200002ValidateTrailerAndUS200041ValidateTerminal"/>
  <testcase name="VerifyInvalidTerminal" time="1.647" classname="TestCase.SitTest.US200001AndUS200002ValidateTrailerAndUS200041ValidateTerminal"/>
  <testcase name="VerifyInvalidTerminal" time="1.646" classname="TestCase.SitTest.US200001AndUS200002ValidateTrailerAndUS200041ValidateTerminal"/>
  <testcase name="VerifyMaintenanceTrailer" time="5.638" classname="TestCase.SitTest.US200001AndUS200002ValidateTrailerAndUS200041ValidateTerminal"/>
  <testcase name="VerifyInvalidTerminal" time="1.643" classname="TestCase.SitTest.US200001AndUS200002ValidateTrailerAndUS200041ValidateTerminal"/>
  <testcase name="VerifyValidTerminal" time="2.203" classname="TestCase.SitTest.US200001AndUS200002ValidateTrailerAndUS200041ValidateTerminal"/>
  <testcase name="VerifyInvalidTerminal" time="1.642" classname="TestCase.SitTest.US200001AndUS200002ValidateTrailerAndUS200041ValidateTerminal"/>
  <testcase name="VerifyRetiredTrailer" time="0.695" classname="TestCase.SitTest.US200001AndUS200002ValidateTrailerAndUS200041ValidateTerminal"/>
  <testcase name="VerifyInvalidTerminal" time="1.654" classname="TestCase.SitTest.US200001AndUS200002ValidateTrailerAndUS200041ValidateTerminal"/>
  <testcase name="VerifyInvalidTerminal" time="1.639" classname="TestCase.SitTest.US200001AndUS200002ValidateTrailerAndUS200041ValidateTerminal"/>
  <testcase name="VerifyInvalidTerminal" time="1.651" classname="TestCase.SitTest.US200001AndUS200002ValidateTrailerAndUS200041ValidateTerminal"/>
  <testcase name="VerifyValidTerminal" time="2.208" classname="TestCase.SitTest.US200001AndUS200002ValidateTrailerAndUS200041ValidateTerminal"/>
  <testcase name="VerifyValidTerminal" time="2.201" classname="TestCase.SitTest.US200001AndUS200002ValidateTrailerAndUS200041ValidateTerminal"/>
  <testcase name="VerifyValidTerminal" time="2.205" classname="TestCase.SitTest.US200001AndUS200002ValidateTrailerAndUS200041ValidateTerminal"/>
  <testcase name="VerifyValidTerminal" time="2.209" classname="TestCase.SitTest.US200001AndUS200002ValidateTrailerAndUS200041ValidateTerminal"/>
  <testcase name="VerifyMaintenanceTrailer" time="5.622" classname="TestCase.SitTest.US200001AndUS200002ValidateTrailerAndUS200041ValidateTerminal"/>
  <testcase name="VerifyRetiredTrailer" time="0.684" classname="TestCase.SitTest.US200001AndUS200002ValidateTrailerAndUS200041ValidateTerminal"/>
  <testcase name="VerifyInvalidTerminal" time="1.700" classname="TestCase.SitTest.US200001AndUS200002ValidateTrailerAndUS200041ValidateTerminal"/>
  <testcase name="VerifyValidTerminal" time="2.214" classname="TestCase.SitTest.US200001AndUS200002ValidateTrailerAndUS200041ValidateTerminal"/>
  <testcase name="VerifyInvalidTerminal" time="1.718" classname="TestCase.SitTest.US200001AndUS200002ValidateTrailerAndUS200041ValidateTerminal"/>
  <testcase name="VerifyValidTerminal" time="2.200" classname="TestCase.SitTest.US200001AndUS200002ValidateTrailerAndUS200041ValidateTerminal"/>
  <testcase name="VerifyInvalidTerminal" time="1.648" classname="TestCase.SitTest.US200001AndUS200002ValidateTrailerAndUS200041ValidateTerminal"/>
  <testcase name="VerifyValidTerminal" time="2.195" classname="TestCase.SitTest.US200001AndUS200002ValidateTrailerAndUS200041ValidateTerminal"/>
  <testcase name="VerifyValidTerminal" time="2.218" classname="TestCase.SitTest.US200001AndUS200002ValidateTrailerAndUS200041ValidateTerminal"/>
  <testcase name="VerifyInvalidTerminal" time="1.649" classname="TestCase.SitTest.US200001AndUS200002ValidateTrailerAndUS200041ValidateTerminal"/>
  <testcase name="VerifyValidTerminal" time="2.204" classname="TestCase.SitTest.US200001AndUS200002ValidateTrailerAndUS200041ValidateTerminal"/>
  <testcase name="VerifyInvalidTerminal" time="1.642" classname="TestCase.SitTest.US200001AndUS200002ValidateTrailerAndUS200041ValidateTerminal"/>
  <testcase name="VerifyNotExistTrailer" time="0.687" classname="TestCase.SitTest.US200001AndUS200002ValidateTrailerAndUS200041ValidateTerminal"/>
  <testcase name="VerifyInvalidTerminal" time="1.644" classname="TestCase.SitTest.US200001AndUS200002ValidateTrailerAndUS200041ValidateTerminal"/>
  <testcase name="VerifyInvalidTerminal" time="1.650" classname="TestCase.SitTest.US200001AndUS200002ValidateTrailerAndUS200041ValidateTerminal"/>
  <testcase name="VerifyInvalidTerminal" time="1.641" classname="TestCase.SitTest.US200001AndUS200002ValidateTrailerAndUS200041ValidateTerminal"/>
  <testcase name="VerifyInvalidTerminal" time="1.636" classname="TestCase.SitTest.US200001AndUS200002ValidateTrailerAndUS200041ValidateTerminal"/>
  <testcase name="VerifyValidTerminal" time="2.194" classname="TestCase.SitTest.US200001AndUS200002ValidateTrailerAndUS200041ValidateTerminal"/>
  <testcase name="VerifyValidTerminal" time="2.249" classname="TestCase.SitTest.US200001AndUS200002ValidateTrailerAndUS200041ValidateTerminal"/>
  <testcase name="VerifyValidTerminal" time="2.200" classname="TestCase.SitTest.US200001AndUS200002ValidateTrailerAndUS200041ValidateTerminal"/>
  <testcase name="VerifyInvalidTerminal" time="1.644" classname="TestCase.SitTest.US200001AndUS200002ValidateTrailerAndUS200041ValidateTerminal"/>
  <testcase name="VerifyMaintenanceTrailer" time="5.540" classname="TestCase.SitTest.US200001AndUS200002ValidateTrailerAndUS200041ValidateTerminal"/>
  <testcase name="VerifyInvalidTerminal" time="1.653" classname="TestCase.SitTest.US200001AndUS200002ValidateTrailerAndUS200041ValidateTerminal"/>
  <testcase name="VerifyValidTerminal" time="2.209" classname="TestCase.SitTest.US200001AndUS200002ValidateTrailerAndUS200041ValidateTerminal"/>
  <testcase name="VerifyValidTerminal" time="2.201" classname="TestCase.SitTest.US200001AndUS200002ValidateTrailerAndUS200041ValidateTerminal"/>
  <testcase name="VerifyInvalidTerminal" time="1.662" classname="TestCase.SitTest.US200001AndUS200002ValidateTrailerAndUS200041ValidateTerminal"/>
  <testcase name="VerifyInvalidTerminal" time="1.661" classname="TestCase.SitTest.US200001AndUS200002ValidateTrailerAndUS200041ValidateTerminal"/>
  <testcase name="VerifyValidTerminal" time="2.197" classname="TestCase.SitTest.US200001AndUS200002ValidateTrailerAndUS200041ValidateTerminal"/>
  <testcase name="VerifyValidTerminal" time="2.303" classname="TestCase.SitTest.US200001AndUS200002ValidateTrailerAndUS200041ValidateTerminal"/>
  <testcase name="VerifyValidTerminal" time="2.200" classname="TestCase.SitTest.US200001AndUS200002ValidateTrailerAndUS200041ValidateTerminal"/>
  <testcase name="VerifyMaintenanceTrailer" time="5.623" classname="TestCase.SitTest.US200001AndUS200002ValidateTrailerAndUS200041ValidateTerminal"/>
  <testcase name="VerifyInvalidTerminal" time="1.649" classname="TestCase.SitTest.US200001AndUS200002ValidateTrailerAndUS200041ValidateTerminal"/>
  <testcase name="VerifyValidTerminal" time="2.372" classname="TestCase.SitTest.US200001AndUS200002ValidateTrailerAndUS200041ValidateTerminal"/>
  <testcase name="VerifyInvalidTerminal" time="1.649" classname="TestCase.SitTest.US200001AndUS200002ValidateTrailerAndUS200041ValidateTerminal"/>
  <testcase name="VerifyRetiredTrailer" time="1.067" classname="TestCase.SitTest.US200001AndUS200002ValidateTrailerAndUS200041ValidateTerminal"/>
  <testcase name="VerifyInvalidTerminal" time="1.647" classname="TestCase.SitTest.US200001AndUS200002ValidateTrailerAndUS200041ValidateTerminal"/>
  <testcase name="VerifyRetiredTrailer" time="0.705" classname="TestCase.SitTest.US200001AndUS200002ValidateTrailerAndUS200041ValidateTerminal"/>
  <testcase name="VerifyInvalidTerminal" time="1.642" classname="TestCase.SitTest.US200001AndUS200002ValidateTrailerAndUS200041ValidateTerminal"/>
  <testcase name="VerifyInvalidTerminal" time="1.640" classname="TestCase.SitTest.US200001AndUS200002ValidateTrailerAndUS200041ValidateTerminal"/>
  <testcase name="VerifyValidTerminal" time="2.200" classname="TestCase.SitTest.US200001AndUS200002ValidateTrailerAndUS200041ValidateTerminal"/>
  <testcase name="VerifyValidTerminal" time="2.209" classname="TestCase.SitTest.US200001AndUS200002ValidateTrailerAndUS200041ValidateTerminal"/>
  <testcase name="VerifyRetiredTrailer" time="0.715" classname="TestCase.SitTest.US200001AndUS200002ValidateTrailerAndUS200041ValidateTerminal"/>
  <testcase name="VerifyMaintenanceTrailer" time="5.554" classname="TestCase.SitTest.US200001AndUS200002ValidateTrailerAndUS200041ValidateTerminal"/>
  <testcase name="VerifyMaintenanceTrailer" time="5.585" classname="TestCase.SitTest.US200001AndUS200002ValidateTrailerAndUS200041ValidateTerminal"/>
  <testcase name="VerifyInvalidTerminal" time="1.648" classname="TestCase.SitTest.US200001AndUS200002ValidateTrailerAndUS200041ValidateTerminal"/>
  <testcase name="VerifyRetiredTrailer" time="0.707" classname="TestCase.SitTest.US200001AndUS200002ValidateTrailerAndUS200041ValidateTerminal"/>
  <testcase name="VerifyValidTerminal" time="2.204" classname="TestCase.SitTest.US200001AndUS200002ValidateTrailerAndUS200041ValidateTerminal"/>
  <testcase name="VerifyValidTerminal" time="2.199" classname="TestCase.SitTest.US200001AndUS200002ValidateTrailerAndUS200041ValidateTerminal"/>
  <testcase name="VerifyInvalidTerminal" time="1.656" classname="TestCase.SitTest.US200001AndUS200002ValidateTrailerAndUS200041ValidateTerminal"/>
  <testcase name="VerifyValidTerminal" time="2.226" classname="TestCase.SitTest.US200001AndUS200002ValidateTrailerAndUS200041ValidateTerminal"/>
  <testcase name="VerifyInvalidTerminal" time="1.644" classname="TestCase.SitTest.US200001AndUS200002ValidateTrailerAndUS200041ValidateTerminal"/>
  <testcase name="VerifyMaintenanceTrailer" time="5.565" classname="TestCase.SitTest.US200001AndUS200002ValidateTrailerAndUS200041ValidateTerminal"/>
  <testcase name="VerifyValidTerminal" time="2.219" classname="TestCase.SitTest.US200001AndUS200002ValidateTrailerAndUS200041ValidateTerminal"/>
  <testcase name="VerifyValidTerminal" time="2.213" classname="TestCase.SitTest.US200001AndUS200002ValidateTrailerAndUS200041ValidateTerminal"/>
  <testcase name="VerifyInvalidTerminal" time="1.650" classname="TestCase.SitTest.US200001AndUS200002ValidateTrailerAndUS200041ValidateTerminal"/>
  <testcase name="VerifyNotExistTrailer" time="0.742" classname="TestCase.SitTest.US200001AndUS200002ValidateTrailerAndUS200041ValidateTerminal"/>
  <testcase name="VerifyInvalidTerminal" time="1.642" classname="TestCase.SitTest.US200001AndUS200002ValidateTrailerAndUS200041ValidateTerminal"/>
  <testcase name="VerifyInvalidTerminal" time="1.671" classname="TestCase.SitTest.US200001AndUS200002ValidateTrailerAndUS200041ValidateTerminal"/>
  <testcase name="VerifyValidTerminal" time="2.220" classname="TestCase.SitTest.US200001AndUS200002ValidateTrailerAndUS200041ValidateTerminal"/>
  <testcase name="VerifyInvalidTerminal" time="1.643" classname="TestCase.SitTest.US200001AndUS200002ValidateTrailerAndUS200041ValidateTerminal"/>
  <testcase name="VerifyInvalidTerminal" time="1.662" classname="TestCase.SitTest.US200001AndUS200002ValidateTrailerAndUS200041ValidateTerminal"/>
  <testcase name="VerifyInvalidTerminal" time="1.639" classname="TestCase.SitTest.US200001AndUS200002ValidateTrailerAndUS200041ValidateTerminal"/>
  <testcase name="VerifyValidTerminal" time="2.199" classname="TestCase.SitTest.US200001AndUS200002ValidateTrailerAndUS200041ValidateTerminal"/>
  <testcase name="VerifyNotExistTrailer" time="1.380" classname="TestCase.SitTest.US200001AndUS200002ValidateTrailerAndUS200041ValidateTerminal"/>
  <testcase name="VerifyNotExistTrailer" time="0.702" classname="TestCase.SitTest.US200001AndUS200002ValidateTrailerAndUS200041ValidateTerminal"/>
  <testcase name="VerifyInvalidTerminal" time="1.641" classname="TestCase.SitTest.US200001AndUS200002ValidateTrailerAndUS200041ValidateTerminal"/>
  <testcase name="VerifyValidTerminal" time="2.206" classname="TestCase.SitTest.US200001AndUS200002ValidateTrailerAndUS200041ValidateTerminal"/>
  <testcase name="VerifyValidTerminal" time="2.298" classname="TestCase.SitTest.US200001AndUS200002ValidateTrailerAndUS200041ValidateTerminal"/>
  <testcase name="VerifyInvalidTerminal" time="1.671" classname="TestCase.SitTest.US200001AndUS200002ValidateTrailerAndUS200041ValidateTerminal"/>
  <testcase name="VerifyInvalidTerminal" time="1.663" classname="TestCase.SitTest.US200001AndUS200002ValidateTrailerAndUS200041ValidateTerminal"/>
  <testcase name="VerifyMaintenanceTrailer" time="5.647" classname="TestCase.SitTest.US200001AndUS200002ValidateTrailerAndUS200041ValidateTerminal"/>
  <testcase name="VerifyRetiredTrailer" time="0.725" classname="TestCase.SitTest.US200001AndUS200002ValidateTrailerAndUS200041ValidateTerminal"/>
</testsuite> <!-- TestCase.SitTest.US200001AndUS200002ValidateTrailerAndUS200041ValidateTerminal -->
