<?xml version="1.0" encoding="UTF-8"?>
<!-- Generated by org.testng.reporters.JUnitReportReporter -->
<testsuite hostname="N700278" name="trial.divide1000" tests="1" failures="0" timestamp="20 Jun 2016 15:16:16 GMT" time="0.020" errors="0">
  <testcase name="f" time="0.020" classname="trial.divide1000"/>
</testsuite> <!-- trial.divide1000 -->
