<?xml version="1.0" encoding="UTF-8"?>
<!-- Generated by org.testng.reporters.JUnitReportReporter -->
<testsuite hostname="N700278" name="LdgScreen.US458CheckShipmentAlreadyLoadedOnTrailer" tests="1" failures="0" timestamp="3 May 2016 21:35:57 GMT" time="56.950" errors="0">
  <testcase name="CheckShipmentAlreadyLoadedOnTrailer" time="56.950" classname="LdgScreen.US458CheckShipmentAlreadyLoadedOnTrailer"/>
</testsuite> <!-- LdgScreen.US458CheckShipmentAlreadyLoadedOnTrailer -->
