<?xml version="1.0" encoding="UTF-8"?>
<!-- Generated by org.testng.reporters.JUnitReportReporter -->
<testsuite hostname="N700278" name="test.trial.US200075DisplayPROsInOrderWhichTheyEnter" tests="1" failures="0" timestamp="23 Aug 2016 20:25:25 GMT" time="364.702" errors="0">
  <testcase name="LdgTrailerWithProAddPro" time="364.702" classname="test.trial.US200075DisplayPROsInOrderWhichTheyEnter"/>
</testsuite> <!-- test.trial.US200075DisplayPROsInOrderWhichTheyEnter -->
