<?xml version="1.0" encoding="UTF-8"?>
<!-- Generated by org.testng.reporters.JUnitReportReporter -->
<testsuite hostname="N700278" name="LDDscreen.US1205CheckCubeAndSeal" tests="4" failures="0" timestamp="21 Apr 2016 19:42:09 GMT" time="104.106" errors="0">
  <testcase name="VerifyCubePatternCheck" time="28.966" classname="LDDscreen.US1205CheckCubeAndSeal"/>
  <testcase name="VerifyCubePatternCheck" time="28.941" classname="LDDscreen.US1205CheckCubeAndSeal"/>
  <testcase name="VerifySealPatternCheck" time="22.811" classname="LDDscreen.US1205CheckCubeAndSeal"/>
  <testcase name="VerifySealPatternCheck" time="23.388" classname="LDDscreen.US1205CheckCubeAndSeal"/>
</testsuite> <!-- LDDscreen.US1205CheckCubeAndSeal -->
