<?xml version="1.0" encoding="UTF-8"?>
<!-- Generated by org.testng.reporters.JUnitReportReporter -->
<testsuite hostname="N700278" name="trial.trial2" tests="1" failures="0" timestamp="12 Feb 2016 20:38:22 GMT" time="0.011" errors="0">
  <testcase name="wee" time="0.011" classname="trial.trial2"/>
</testsuite> <!-- trial.trial2 -->
