<?xml version="1.0" encoding="UTF-8"?>
<!-- Generated by org.testng.reporters.JUnitReportReporter -->
<testsuite hostname="N700278" name="SitTest.US50707AutoSetUnloadingTrailer" tests="4" failures="0" timestamp="26 Jan 2016 22:54:12 GMT" time="161.855" errors="0">
  <testcase name="PullProFromCPUTrailerInSameTerminal" time="36.919" classname="SitTest.US50707AutoSetUnloadingTrailer"/>
  <testcase name="PullProFromARVTrailerInDifferentTerminal" time="36.449" classname="SitTest.US50707AutoSetUnloadingTrailer"/>
  <testcase name="PullProFromARVTrailerInSameTerminal" time="51.076" classname="SitTest.US50707AutoSetUnloadingTrailer"/>
  <testcase name="PullProFromCPUTrailerInDifferentTerminal" time="37.411" classname="SitTest.US50707AutoSetUnloadingTrailer"/>
</testsuite> <!-- SitTest.US50707AutoSetUnloadingTrailer -->
