<?xml version="1.0" encoding="UTF-8"?>
<!-- Generated by org.testng.reporters.JUnitReportReporter -->
<testsuite hostname="N700278" name="TestCase.CLtesting.US439PreventProFromLoadingAlert" tests="21" failures="0" timestamp="17 Aug 2016 18:45:24 GMT" time="144.645" errors="0">
  <testcase name="EnterTrailerInCLStatusNoProAtCan" time="4.859" classname="TestCase.CLtesting.US439PreventProFromLoadingAlert"/>
  <testcase name="VerifyInbondProToCAN" time="6.755" classname="TestCase.CLtesting.US439PreventProFromLoadingAlert"/>
  <testcase name="VerifyAlreadyDeliveredValidation" time="4.367" classname="TestCase.CLtesting.US439PreventProFromLoadingAlert"/>
  <testcase name="VerifyVOValidation" time="4.749" classname="TestCase.CLtesting.US439PreventProFromLoadingAlert"/>
  <testcase name="VerifyMRValidation" time="4.288" classname="TestCase.CLtesting.US439PreventProFromLoadingAlert"/>
  <testcase name="EnterTrailerInCLWithoutPro" time="5.089" classname="TestCase.CLtesting.US439PreventProFromLoadingAlert"/>
  <testcase name="VerifyVOValidation" time="4.245" classname="TestCase.CLtesting.US439PreventProFromLoadingAlert"/>
  <testcase name="VerifyInbondProToCAN" time="4.548" classname="TestCase.CLtesting.US439PreventProFromLoadingAlert"/>
  <testcase name="VerifyInbondProToCAN" time="4.402" classname="TestCase.CLtesting.US439PreventProFromLoadingAlert"/>
  <testcase name="VerifyMRValidation" time="6.363" classname="TestCase.CLtesting.US439PreventProFromLoadingAlert"/>
  <testcase name="VerifyMasterRevenueValidationCLWithoutPro" time="51.443" classname="TestCase.CLtesting.US439PreventProFromLoadingAlert"/>
  <testcase name="VerifyInbondProToUS" time="4.357" classname="TestCase.CLtesting.US439PreventProFromLoadingAlert"/>
  <testcase name="VerifyAlreadyDeliveredValidation" time="4.328" classname="TestCase.CLtesting.US439PreventProFromLoadingAlert"/>
  <testcase name="VerifySUValidation" time="4.363" classname="TestCase.CLtesting.US439PreventProFromLoadingAlert"/>
  <testcase name="VerifyMRValidation" time="4.243" classname="TestCase.CLtesting.US439PreventProFromLoadingAlert"/>
  <testcase name="VerifyVOValidation" time="4.508" classname="TestCase.CLtesting.US439PreventProFromLoadingAlert"/>
  <testcase name="VerifyInbondProToUS" time="4.403" classname="TestCase.CLtesting.US439PreventProFromLoadingAlert"/>
  <testcase name="VerifyInbondProToUS" time="4.320" classname="TestCase.CLtesting.US439PreventProFromLoadingAlert"/>
  <testcase name="VerifySUValidation" time="4.449" classname="TestCase.CLtesting.US439PreventProFromLoadingAlert"/>
  <testcase name="VerifySUValidation" time="4.191" classname="TestCase.CLtesting.US439PreventProFromLoadingAlert"/>
  <testcase name="VerifyAlreadyDeliveredValidation" time="4.375" classname="TestCase.CLtesting.US439PreventProFromLoadingAlert"/>
</testsuite> <!-- TestCase.CLtesting.US439PreventProFromLoadingAlert -->
