<?xml version="1.0" encoding="UTF-8"?>
<!-- Generated by org.testng.reporters.JUnitReportReporter -->
<testsuite hostname="N700278" name="trial.submit" tests="1" failures="0" timestamp="2 May 2016 20:41:35 GMT" time="24.960" errors="0">
  <testcase name="SetONHToUAD" time="24.960" classname="trial.submit"/>
</testsuite> <!-- trial.submit -->
