<?xml version="1.0" encoding="UTF-8"?>
<!-- Generated by org.testng.reporters.JUnitReportReporter -->
<testsuite hostname="N700278" name="test.trial2.RandomAlphnumeric" tests="1" failures="0" timestamp="21 Jul 2016 00:30:29 GMT" time="0.016" errors="0">
  <testcase name="f" time="0.016" classname="test.trial2.RandomAlphnumeric"/>
</testsuite> <!-- test.trial2.RandomAlphnumeric -->
