<?xml version="1.0" encoding="UTF-8"?>
<!-- Generated by org.testng.reporters.JUnitReportReporter -->
<testsuite hostname="N700278" name="trial.trial5" tests="1" failures="0" timestamp="10 Mar 2016 03:48:45 GMT" time="26.388" errors="0">
  <testcase name="f" time="26.388" classname="trial.trial5"/>
</testsuite> <!-- trial.trial5 -->
