<?xml version="1.0" encoding="UTF-8"?>
<!-- Generated by org.testng.reporters.JUnitReportReporter -->
<testsuite hostname="N700278" name="LdgScreen.US200075DisplayPROsInOrderWhichTheyEnter" tests="3" failures="0" timestamp="25 Apr 2016 20:10:55 GMT" time="119.926" errors="0">
  <testcase name="AddSinglePro" time="62.218" classname="LdgScreen.US200075DisplayPROsInOrderWhichTheyEnter"/>
  <testcase name="AddMultipleProsInSingleBatch" time="20.952" classname="LdgScreen.US200075DisplayPROsInOrderWhichTheyEnter"/>
  <testcase name="AddTwoBatchesProsInSameSection" time="36.756" classname="LdgScreen.US200075DisplayPROsInOrderWhichTheyEnter"/>
</testsuite> <!-- LdgScreen.US200075DisplayPROsInOrderWhichTheyEnter -->
