<?xml version="1.0" encoding="UTF-8"?>
<!-- Generated by org.testng.reporters.JUnitReportReporter -->
<testsuite hostname="N700278" name="trial6.NewTest" tests="2" failures="0" timestamp="12 Jan 2016 00:04:42 GMT" time="0.051" errors="0">
  <testcase name="f" time="0.003" classname="trial6.NewTest"/>
  <testcase name="e" time="0.048" classname="trial6.NewTest"/>
</testsuite> <!-- trial6.NewTest -->
