<?xml version="1.0" encoding="UTF-8"?>
<!-- Generated by org.testng.reporters.JUnitReportReporter -->
<testsuite hostname="N700278" name="SitTest.US200070DisplayUpdatablesStatusInDropDownBox" tests="1" failures="0" timestamp="30 Oct 2015 16:56:34 GMT" time="8.654" errors="0">
  <testcase name="VerifyStatusClickable" time="8.654" classname="SitTest.US200070DisplayUpdatablesStatusInDropDownBox"/>
</testsuite> <!-- SitTest.US200070DisplayUpdatablesStatusInDropDownBox -->
