<?xml version="1.0" encoding="UTF-8"?>
<!-- Generated by org.testng.reporters.JUnitReportReporter -->
<testsuite hostname="N700278" name="TestCase.ReusableFunctionTest.US200001AndUS200002ValidateTrailerAndUS200041ValidateTerminal" tests="126" failures="0" timestamp="11 Aug 2016 22:12:47 GMT" time="255.414" errors="0">
  <testcase name="VerifyInvalidTerminal" time="1.629" classname="TestCase.ReusableFunctionTest.US200001AndUS200002ValidateTrailerAndUS200041ValidateTerminal"/>
  <testcase name="VerifyInvalidTerminal" time="1.636" classname="TestCase.ReusableFunctionTest.US200001AndUS200002ValidateTrailerAndUS200041ValidateTerminal"/>
  <testcase name="VerifyRetiredTrailer" time="0.633" classname="TestCase.ReusableFunctionTest.US200001AndUS200002ValidateTrailerAndUS200041ValidateTerminal"/>
  <testcase name="VerifyValidTerminal" time="2.203" classname="TestCase.ReusableFunctionTest.US200001AndUS200002ValidateTrailerAndUS200041ValidateTerminal"/>
  <testcase name="VerifyValidTerminal" time="2.338" classname="TestCase.ReusableFunctionTest.US200001AndUS200002ValidateTrailerAndUS200041ValidateTerminal"/>
  <testcase name="VerifyMaintenanceTrailer" time="5.537" classname="TestCase.ReusableFunctionTest.US200001AndUS200002ValidateTrailerAndUS200041ValidateTerminal"/>
  <testcase name="VerifyInvalidTerminal" time="1.631" classname="TestCase.ReusableFunctionTest.US200001AndUS200002ValidateTrailerAndUS200041ValidateTerminal"/>
  <testcase name="VerifyRetiredTrailer" time="0.633" classname="TestCase.ReusableFunctionTest.US200001AndUS200002ValidateTrailerAndUS200041ValidateTerminal"/>
  <testcase name="VerifyValidTerminal" time="2.182" classname="TestCase.ReusableFunctionTest.US200001AndUS200002ValidateTrailerAndUS200041ValidateTerminal"/>
  <testcase name="VerifyValidTerminal" time="2.183" classname="TestCase.ReusableFunctionTest.US200001AndUS200002ValidateTrailerAndUS200041ValidateTerminal"/>
  <testcase name="VerifyValidTerminal" time="2.181" classname="TestCase.ReusableFunctionTest.US200001AndUS200002ValidateTrailerAndUS200041ValidateTerminal"/>
  <testcase name="VerifyValidTerminal" time="2.297" classname="TestCase.ReusableFunctionTest.US200001AndUS200002ValidateTrailerAndUS200041ValidateTerminal"/>
  <testcase name="VerifyValidTerminal" time="2.191" classname="TestCase.ReusableFunctionTest.US200001AndUS200002ValidateTrailerAndUS200041ValidateTerminal"/>
  <testcase name="VerifyValidTerminal" time="2.188" classname="TestCase.ReusableFunctionTest.US200001AndUS200002ValidateTrailerAndUS200041ValidateTerminal"/>
  <testcase name="VerifyRetiredTrailer" time="0.683" classname="TestCase.ReusableFunctionTest.US200001AndUS200002ValidateTrailerAndUS200041ValidateTerminal"/>
  <testcase name="VerifyValidTerminal" time="2.301" classname="TestCase.ReusableFunctionTest.US200001AndUS200002ValidateTrailerAndUS200041ValidateTerminal"/>
  <testcase name="VerifyMaintenanceTrailer" time="3.522" classname="TestCase.ReusableFunctionTest.US200001AndUS200002ValidateTrailerAndUS200041ValidateTerminal"/>
  <testcase name="VerifyValidTerminal" time="2.179" classname="TestCase.ReusableFunctionTest.US200001AndUS200002ValidateTrailerAndUS200041ValidateTerminal"/>
  <testcase name="VerifyMaintenanceTrailer" time="5.578" classname="TestCase.ReusableFunctionTest.US200001AndUS200002ValidateTrailerAndUS200041ValidateTerminal"/>
  <testcase name="VerifyValidTerminal" time="2.187" classname="TestCase.ReusableFunctionTest.US200001AndUS200002ValidateTrailerAndUS200041ValidateTerminal"/>
  <testcase name="VerifyMaintenanceTrailer" time="5.558" classname="TestCase.ReusableFunctionTest.US200001AndUS200002ValidateTrailerAndUS200041ValidateTerminal"/>
  <testcase name="VerifyValidTerminal" time="2.193" classname="TestCase.ReusableFunctionTest.US200001AndUS200002ValidateTrailerAndUS200041ValidateTerminal"/>
  <testcase name="VerifyNotExistTrailer" time="0.631" classname="TestCase.ReusableFunctionTest.US200001AndUS200002ValidateTrailerAndUS200041ValidateTerminal"/>
  <testcase name="VerifyValidTerminal" time="2.232" classname="TestCase.ReusableFunctionTest.US200001AndUS200002ValidateTrailerAndUS200041ValidateTerminal"/>
  <testcase name="VerifyInvalidTerminal" time="1.777" classname="TestCase.ReusableFunctionTest.US200001AndUS200002ValidateTrailerAndUS200041ValidateTerminal"/>
  <testcase name="VerifyInvalidTerminal" time="1.644" classname="TestCase.ReusableFunctionTest.US200001AndUS200002ValidateTrailerAndUS200041ValidateTerminal"/>
  <testcase name="VerifyValidTerminal" time="2.208" classname="TestCase.ReusableFunctionTest.US200001AndUS200002ValidateTrailerAndUS200041ValidateTerminal"/>
  <testcase name="VerifyInvalidTerminal" time="1.633" classname="TestCase.ReusableFunctionTest.US200001AndUS200002ValidateTrailerAndUS200041ValidateTerminal"/>
  <testcase name="VerifyNotExistTrailer" time="0.646" classname="TestCase.ReusableFunctionTest.US200001AndUS200002ValidateTrailerAndUS200041ValidateTerminal"/>
  <testcase name="VerifyInvalidTerminal" time="1.643" classname="TestCase.ReusableFunctionTest.US200001AndUS200002ValidateTrailerAndUS200041ValidateTerminal"/>
  <testcase name="VerifyRetiredTrailer" time="0.630" classname="TestCase.ReusableFunctionTest.US200001AndUS200002ValidateTrailerAndUS200041ValidateTerminal"/>
  <testcase name="VerifyInvalidTerminal" time="1.631" classname="TestCase.ReusableFunctionTest.US200001AndUS200002ValidateTrailerAndUS200041ValidateTerminal"/>
  <testcase name="VerifyValidTerminal" time="2.186" classname="TestCase.ReusableFunctionTest.US200001AndUS200002ValidateTrailerAndUS200041ValidateTerminal"/>
  <testcase name="VerifyValidTerminal" time="2.211" classname="TestCase.ReusableFunctionTest.US200001AndUS200002ValidateTrailerAndUS200041ValidateTerminal"/>
  <testcase name="VerifyValidTerminal" time="2.204" classname="TestCase.ReusableFunctionTest.US200001AndUS200002ValidateTrailerAndUS200041ValidateTerminal"/>
  <testcase name="VerifyValidTerminal" time="2.267" classname="TestCase.ReusableFunctionTest.US200001AndUS200002ValidateTrailerAndUS200041ValidateTerminal"/>
  <testcase name="VerifyInvalidTerminal" time="1.637" classname="TestCase.ReusableFunctionTest.US200001AndUS200002ValidateTrailerAndUS200041ValidateTerminal"/>
  <testcase name="VerifyInvalidTerminal" time="1.636" classname="TestCase.ReusableFunctionTest.US200001AndUS200002ValidateTrailerAndUS200041ValidateTerminal"/>
  <testcase name="VerifyInvalidTerminal" time="1.643" classname="TestCase.ReusableFunctionTest.US200001AndUS200002ValidateTrailerAndUS200041ValidateTerminal"/>
  <testcase name="VerifyRetiredTrailer" time="0.645" classname="TestCase.ReusableFunctionTest.US200001AndUS200002ValidateTrailerAndUS200041ValidateTerminal"/>
  <testcase name="VerifyInvalidTerminal" time="1.643" classname="TestCase.ReusableFunctionTest.US200001AndUS200002ValidateTrailerAndUS200041ValidateTerminal"/>
  <testcase name="VerifyValidTerminal" time="2.191" classname="TestCase.ReusableFunctionTest.US200001AndUS200002ValidateTrailerAndUS200041ValidateTerminal"/>
  <testcase name="VerifyValidTerminal" time="2.223" classname="TestCase.ReusableFunctionTest.US200001AndUS200002ValidateTrailerAndUS200041ValidateTerminal"/>
  <testcase name="VerifyNotExistTrailer" time="0.673" classname="TestCase.ReusableFunctionTest.US200001AndUS200002ValidateTrailerAndUS200041ValidateTerminal"/>
  <testcase name="VerifyMaintenanceTrailer" time="5.522" classname="TestCase.ReusableFunctionTest.US200001AndUS200002ValidateTrailerAndUS200041ValidateTerminal"/>
  <testcase name="VerifyMaintenanceTrailer" time="5.537" classname="TestCase.ReusableFunctionTest.US200001AndUS200002ValidateTrailerAndUS200041ValidateTerminal"/>
  <testcase name="VerifyInvalidTerminal" time="1.643" classname="TestCase.ReusableFunctionTest.US200001AndUS200002ValidateTrailerAndUS200041ValidateTerminal"/>
  <testcase name="VerifyInvalidTerminal" time="1.648" classname="TestCase.ReusableFunctionTest.US200001AndUS200002ValidateTrailerAndUS200041ValidateTerminal"/>
  <testcase name="VerifyValidTerminal" time="2.206" classname="TestCase.ReusableFunctionTest.US200001AndUS200002ValidateTrailerAndUS200041ValidateTerminal"/>
  <testcase name="VerifyMaintenanceTrailer" time="5.602" classname="TestCase.ReusableFunctionTest.US200001AndUS200002ValidateTrailerAndUS200041ValidateTerminal"/>
  <testcase name="VerifyValidTerminal" time="2.211" classname="TestCase.ReusableFunctionTest.US200001AndUS200002ValidateTrailerAndUS200041ValidateTerminal"/>
  <testcase name="VerifyInvalidTerminal" time="1.646" classname="TestCase.ReusableFunctionTest.US200001AndUS200002ValidateTrailerAndUS200041ValidateTerminal"/>
  <testcase name="VerifyNotExistTrailer" time="0.635" classname="TestCase.ReusableFunctionTest.US200001AndUS200002ValidateTrailerAndUS200041ValidateTerminal"/>
  <testcase name="VerifyValidTerminal" time="2.199" classname="TestCase.ReusableFunctionTest.US200001AndUS200002ValidateTrailerAndUS200041ValidateTerminal"/>
  <testcase name="VerifyValidTerminal" time="2.184" classname="TestCase.ReusableFunctionTest.US200001AndUS200002ValidateTrailerAndUS200041ValidateTerminal"/>
  <testcase name="VerifyInvalidTerminal" time="1.636" classname="TestCase.ReusableFunctionTest.US200001AndUS200002ValidateTrailerAndUS200041ValidateTerminal"/>
  <testcase name="VerifyInvalidTerminal" time="1.652" classname="TestCase.ReusableFunctionTest.US200001AndUS200002ValidateTrailerAndUS200041ValidateTerminal"/>
  <testcase name="VerifyValidTerminal" time="2.201" classname="TestCase.ReusableFunctionTest.US200001AndUS200002ValidateTrailerAndUS200041ValidateTerminal"/>
  <testcase name="VerifyInvalidTerminal" time="1.685" classname="TestCase.ReusableFunctionTest.US200001AndUS200002ValidateTrailerAndUS200041ValidateTerminal"/>
  <testcase name="VerifyRetiredTrailer" time="0.617" classname="TestCase.ReusableFunctionTest.US200001AndUS200002ValidateTrailerAndUS200041ValidateTerminal"/>
  <testcase name="VerifyInvalidTerminal" time="1.632" classname="TestCase.ReusableFunctionTest.US200001AndUS200002ValidateTrailerAndUS200041ValidateTerminal"/>
  <testcase name="VerifyValidTerminal" time="2.197" classname="TestCase.ReusableFunctionTest.US200001AndUS200002ValidateTrailerAndUS200041ValidateTerminal"/>
  <testcase name="VerifyInvalidTerminal" time="1.665" classname="TestCase.ReusableFunctionTest.US200001AndUS200002ValidateTrailerAndUS200041ValidateTerminal"/>
  <testcase name="VerifyInvalidTerminal" time="1.626" classname="TestCase.ReusableFunctionTest.US200001AndUS200002ValidateTrailerAndUS200041ValidateTerminal"/>
  <testcase name="VerifyInvalidTerminal" time="1.648" classname="TestCase.ReusableFunctionTest.US200001AndUS200002ValidateTrailerAndUS200041ValidateTerminal"/>
  <testcase name="VerifyValidTerminal" time="2.186" classname="TestCase.ReusableFunctionTest.US200001AndUS200002ValidateTrailerAndUS200041ValidateTerminal"/>
  <testcase name="VerifyValidTerminal" time="2.189" classname="TestCase.ReusableFunctionTest.US200001AndUS200002ValidateTrailerAndUS200041ValidateTerminal"/>
  <testcase name="VerifyNotExistTrailer" time="0.669" classname="TestCase.ReusableFunctionTest.US200001AndUS200002ValidateTrailerAndUS200041ValidateTerminal"/>
  <testcase name="VerifyValidTerminal" time="2.191" classname="TestCase.ReusableFunctionTest.US200001AndUS200002ValidateTrailerAndUS200041ValidateTerminal"/>
  <testcase name="VerifyInvalidTerminal" time="1.632" classname="TestCase.ReusableFunctionTest.US200001AndUS200002ValidateTrailerAndUS200041ValidateTerminal"/>
  <testcase name="VerifyInvalidTerminal" time="1.682" classname="TestCase.ReusableFunctionTest.US200001AndUS200002ValidateTrailerAndUS200041ValidateTerminal"/>
  <testcase name="VerifyInvalidTerminal" time="1.627" classname="TestCase.ReusableFunctionTest.US200001AndUS200002ValidateTrailerAndUS200041ValidateTerminal"/>
  <testcase name="VerifyNotExistTrailer" time="0.638" classname="TestCase.ReusableFunctionTest.US200001AndUS200002ValidateTrailerAndUS200041ValidateTerminal"/>
  <testcase name="VerifyMaintenanceTrailer" time="5.522" classname="TestCase.ReusableFunctionTest.US200001AndUS200002ValidateTrailerAndUS200041ValidateTerminal"/>
  <testcase name="VerifyInvalidTerminal" time="1.652" classname="TestCase.ReusableFunctionTest.US200001AndUS200002ValidateTrailerAndUS200041ValidateTerminal"/>
  <testcase name="VerifyInvalidTerminal" time="1.645" classname="TestCase.ReusableFunctionTest.US200001AndUS200002ValidateTrailerAndUS200041ValidateTerminal"/>
  <testcase name="VerifyValidTerminal" time="2.271" classname="TestCase.ReusableFunctionTest.US200001AndUS200002ValidateTrailerAndUS200041ValidateTerminal"/>
  <testcase name="VerifyInvalidTerminal" time="1.651" classname="TestCase.ReusableFunctionTest.US200001AndUS200002ValidateTrailerAndUS200041ValidateTerminal"/>
  <testcase name="VerifyInvalidTerminal" time="1.635" classname="TestCase.ReusableFunctionTest.US200001AndUS200002ValidateTrailerAndUS200041ValidateTerminal"/>
  <testcase name="VerifyInvalidTerminal" time="1.640" classname="TestCase.ReusableFunctionTest.US200001AndUS200002ValidateTrailerAndUS200041ValidateTerminal"/>
  <testcase name="VerifyInvalidTerminal" time="1.637" classname="TestCase.ReusableFunctionTest.US200001AndUS200002ValidateTrailerAndUS200041ValidateTerminal"/>
  <testcase name="VerifyInvalidTerminal" time="1.634" classname="TestCase.ReusableFunctionTest.US200001AndUS200002ValidateTrailerAndUS200041ValidateTerminal"/>
  <testcase name="VerifyValidTerminal" time="2.195" classname="TestCase.ReusableFunctionTest.US200001AndUS200002ValidateTrailerAndUS200041ValidateTerminal"/>
  <testcase name="VerifyValidTerminal" time="2.192" classname="TestCase.ReusableFunctionTest.US200001AndUS200002ValidateTrailerAndUS200041ValidateTerminal"/>
  <testcase name="VerifyInvalidTerminal" time="1.628" classname="TestCase.ReusableFunctionTest.US200001AndUS200002ValidateTrailerAndUS200041ValidateTerminal"/>
  <testcase name="VerifyValidTerminal" time="2.183" classname="TestCase.ReusableFunctionTest.US200001AndUS200002ValidateTrailerAndUS200041ValidateTerminal"/>
  <testcase name="VerifyInvalidTerminal" time="1.636" classname="TestCase.ReusableFunctionTest.US200001AndUS200002ValidateTrailerAndUS200041ValidateTerminal"/>
  <testcase name="VerifyInvalidTerminal" time="1.637" classname="TestCase.ReusableFunctionTest.US200001AndUS200002ValidateTrailerAndUS200041ValidateTerminal"/>
  <testcase name="VerifyValidTerminal" time="2.185" classname="TestCase.ReusableFunctionTest.US200001AndUS200002ValidateTrailerAndUS200041ValidateTerminal"/>
  <testcase name="VerifyValidTerminal" time="2.208" classname="TestCase.ReusableFunctionTest.US200001AndUS200002ValidateTrailerAndUS200041ValidateTerminal"/>
  <testcase name="VerifyInvalidTerminal" time="1.646" classname="TestCase.ReusableFunctionTest.US200001AndUS200002ValidateTrailerAndUS200041ValidateTerminal"/>
  <testcase name="VerifyValidTerminal" time="2.186" classname="TestCase.ReusableFunctionTest.US200001AndUS200002ValidateTrailerAndUS200041ValidateTerminal"/>
  <testcase name="VerifyValidTerminal" time="2.183" classname="TestCase.ReusableFunctionTest.US200001AndUS200002ValidateTrailerAndUS200041ValidateTerminal"/>
  <testcase name="VerifyInvalidTerminal" time="1.648" classname="TestCase.ReusableFunctionTest.US200001AndUS200002ValidateTrailerAndUS200041ValidateTerminal"/>
  <testcase name="VerifyValidTerminal" time="2.187" classname="TestCase.ReusableFunctionTest.US200001AndUS200002ValidateTrailerAndUS200041ValidateTerminal"/>
  <testcase name="VerifyInvalidTerminal" time="1.660" classname="TestCase.ReusableFunctionTest.US200001AndUS200002ValidateTrailerAndUS200041ValidateTerminal"/>
  <testcase name="VerifyRetiredTrailer" time="1.668" classname="TestCase.ReusableFunctionTest.US200001AndUS200002ValidateTrailerAndUS200041ValidateTerminal"/>
  <testcase name="VerifyValidTerminal" time="2.197" classname="TestCase.ReusableFunctionTest.US200001AndUS200002ValidateTrailerAndUS200041ValidateTerminal"/>
  <testcase name="VerifyValidTerminal" time="2.181" classname="TestCase.ReusableFunctionTest.US200001AndUS200002ValidateTrailerAndUS200041ValidateTerminal"/>
  <testcase name="VerifyMaintenanceTrailer" time="3.585" classname="TestCase.ReusableFunctionTest.US200001AndUS200002ValidateTrailerAndUS200041ValidateTerminal"/>
  <testcase name="VerifyMaintenanceTrailer" time="5.597" classname="TestCase.ReusableFunctionTest.US200001AndUS200002ValidateTrailerAndUS200041ValidateTerminal"/>
  <testcase name="VerifyValidTerminal" time="2.177" classname="TestCase.ReusableFunctionTest.US200001AndUS200002ValidateTrailerAndUS200041ValidateTerminal"/>
  <testcase name="VerifyInvalidTerminal" time="1.684" classname="TestCase.ReusableFunctionTest.US200001AndUS200002ValidateTrailerAndUS200041ValidateTerminal"/>
  <testcase name="VerifyInvalidTerminal" time="1.632" classname="TestCase.ReusableFunctionTest.US200001AndUS200002ValidateTrailerAndUS200041ValidateTerminal"/>
  <testcase name="VerifyInvalidTerminal" time="1.639" classname="TestCase.ReusableFunctionTest.US200001AndUS200002ValidateTrailerAndUS200041ValidateTerminal"/>
  <testcase name="VerifyInvalidTerminal" time="1.637" classname="TestCase.ReusableFunctionTest.US200001AndUS200002ValidateTrailerAndUS200041ValidateTerminal"/>
  <testcase name="VerifyValidTerminal" time="2.220" classname="TestCase.ReusableFunctionTest.US200001AndUS200002ValidateTrailerAndUS200041ValidateTerminal"/>
  <testcase name="VerifyValidTerminal" time="2.181" classname="TestCase.ReusableFunctionTest.US200001AndUS200002ValidateTrailerAndUS200041ValidateTerminal"/>
  <testcase name="VerifyInvalidTerminal" time="1.628" classname="TestCase.ReusableFunctionTest.US200001AndUS200002ValidateTrailerAndUS200041ValidateTerminal"/>
  <testcase name="VerifyRetiredTrailer" time="0.632" classname="TestCase.ReusableFunctionTest.US200001AndUS200002ValidateTrailerAndUS200041ValidateTerminal"/>
  <testcase name="VerifyValidTerminal" time="2.190" classname="TestCase.ReusableFunctionTest.US200001AndUS200002ValidateTrailerAndUS200041ValidateTerminal"/>
  <testcase name="VerifyValidTerminal" time="2.193" classname="TestCase.ReusableFunctionTest.US200001AndUS200002ValidateTrailerAndUS200041ValidateTerminal"/>
  <testcase name="VerifyInvalidTerminal" time="1.636" classname="TestCase.ReusableFunctionTest.US200001AndUS200002ValidateTrailerAndUS200041ValidateTerminal"/>
  <testcase name="VerifyRetiredTrailer" time="0.731" classname="TestCase.ReusableFunctionTest.US200001AndUS200002ValidateTrailerAndUS200041ValidateTerminal"/>
  <testcase name="VerifyRetiredTrailer" time="0.639" classname="TestCase.ReusableFunctionTest.US200001AndUS200002ValidateTrailerAndUS200041ValidateTerminal"/>
  <testcase name="VerifyValidTerminal" time="2.209" classname="TestCase.ReusableFunctionTest.US200001AndUS200002ValidateTrailerAndUS200041ValidateTerminal"/>
  <testcase name="VerifyInvalidTerminal" time="1.627" classname="TestCase.ReusableFunctionTest.US200001AndUS200002ValidateTrailerAndUS200041ValidateTerminal"/>
  <testcase name="VerifyInvalidTerminal" time="1.635" classname="TestCase.ReusableFunctionTest.US200001AndUS200002ValidateTrailerAndUS200041ValidateTerminal"/>
  <testcase name="VerifyInvalidTerminal" time="1.633" classname="TestCase.ReusableFunctionTest.US200001AndUS200002ValidateTrailerAndUS200041ValidateTerminal"/>
  <testcase name="VerifyValidTerminal" time="2.189" classname="TestCase.ReusableFunctionTest.US200001AndUS200002ValidateTrailerAndUS200041ValidateTerminal"/>
  <testcase name="VerifyInvalidTerminal" time="1.645" classname="TestCase.ReusableFunctionTest.US200001AndUS200002ValidateTrailerAndUS200041ValidateTerminal"/>
  <testcase name="VerifyInvalidTerminal" time="1.639" classname="TestCase.ReusableFunctionTest.US200001AndUS200002ValidateTrailerAndUS200041ValidateTerminal"/>
  <testcase name="VerifyValidTerminal" time="2.191" classname="TestCase.ReusableFunctionTest.US200001AndUS200002ValidateTrailerAndUS200041ValidateTerminal"/>
  <testcase name="VerifyInvalidTerminal" time="1.634" classname="TestCase.ReusableFunctionTest.US200001AndUS200002ValidateTrailerAndUS200041ValidateTerminal"/>
  <testcase name="VerifyValidTerminal" time="2.201" classname="TestCase.ReusableFunctionTest.US200001AndUS200002ValidateTrailerAndUS200041ValidateTerminal"/>
  <testcase name="VerifyValidTerminal" time="2.200" classname="TestCase.ReusableFunctionTest.US200001AndUS200002ValidateTrailerAndUS200041ValidateTerminal"/>
</testsuite> <!-- TestCase.ReusableFunctionTest.US200001AndUS200002ValidateTrailerAndUS200041ValidateTerminal -->
