<?xml version="1.0" encoding="UTF-8"?>
<!-- Generated by org.testng.reporters.JUnitReportReporter -->
<testsuite hostname="N700278" name="Test.US461PrepopValuesLoadingTrailerAndUS465SummarizeBillsWeightUS457ShowLoadedShipmentOnGrid" tests="20" failures="0" timestamp="16 Feb 2016 21:22:17 GMT" time="103.141" errors="0">
  <testcase name="PrepopValuesLoadingTrailerAndSummarizeBillsWeight" time="4.450" classname="Test.US461PrepopValuesLoadingTrailerAndUS465SummarizeBillsWeightUS457ShowLoadedShipmentOnGrid"/>
  <testcase name="PrepopValuesLoadingTrailerAndSummarizeBillsWeight" time="12.838" classname="Test.US461PrepopValuesLoadingTrailerAndUS465SummarizeBillsWeightUS457ShowLoadedShipmentOnGrid"/>
  <testcase name="PrepopValuesLoadingTrailerAndSummarizeBillsWeight" time="8.963" classname="Test.US461PrepopValuesLoadingTrailerAndUS465SummarizeBillsWeightUS457ShowLoadedShipmentOnGrid"/>
  <testcase name="PrepopValuesLoadingTrailerAndSummarizeBillsWeight" time="4.325" classname="Test.US461PrepopValuesLoadingTrailerAndUS465SummarizeBillsWeightUS457ShowLoadedShipmentOnGrid"/>
  <testcase name="PrepopValuesLoadingTrailerAndSummarizeBillsWeight" time="4.569" classname="Test.US461PrepopValuesLoadingTrailerAndUS465SummarizeBillsWeightUS457ShowLoadedShipmentOnGrid"/>
  <testcase name="PrepopValuesLoadingTrailerAndSummarizeBillsWeight" time="4.824" classname="Test.US461PrepopValuesLoadingTrailerAndUS465SummarizeBillsWeightUS457ShowLoadedShipmentOnGrid"/>
  <testcase name="PrepopValuesLoadingTrailerAndSummarizeBillsWeight" time="4.653" classname="Test.US461PrepopValuesLoadingTrailerAndUS465SummarizeBillsWeightUS457ShowLoadedShipmentOnGrid"/>
  <testcase name="PrepopValuesLoadingTrailerAndSummarizeBillsWeight" time="4.311" classname="Test.US461PrepopValuesLoadingTrailerAndUS465SummarizeBillsWeightUS457ShowLoadedShipmentOnGrid"/>
  <testcase name="PrepopValuesLoadingTrailerAndSummarizeBillsWeight" time="4.321" classname="Test.US461PrepopValuesLoadingTrailerAndUS465SummarizeBillsWeightUS457ShowLoadedShipmentOnGrid"/>
  <testcase name="PrepopValuesLoadingTrailerAndSummarizeBillsWeight" time="3.843" classname="Test.US461PrepopValuesLoadingTrailerAndUS465SummarizeBillsWeightUS457ShowLoadedShipmentOnGrid"/>
  <testcase name="PrepopValuesLoadingTrailerAndSummarizeBillsWeight" time="4.271" classname="Test.US461PrepopValuesLoadingTrailerAndUS465SummarizeBillsWeightUS457ShowLoadedShipmentOnGrid"/>
  <testcase name="PrepopValuesLoadingTrailerAndSummarizeBillsWeight" time="4.393" classname="Test.US461PrepopValuesLoadingTrailerAndUS465SummarizeBillsWeightUS457ShowLoadedShipmentOnGrid"/>
  <testcase name="PrepopValuesLoadingTrailerAndSummarizeBillsWeight" time="4.382" classname="Test.US461PrepopValuesLoadingTrailerAndUS465SummarizeBillsWeightUS457ShowLoadedShipmentOnGrid"/>
  <testcase name="PrepopValuesLoadingTrailerAndSummarizeBillsWeight" time="5.642" classname="Test.US461PrepopValuesLoadingTrailerAndUS465SummarizeBillsWeightUS457ShowLoadedShipmentOnGrid"/>
  <testcase name="PrepopValuesLoadingTrailerAndSummarizeBillsWeight" time="4.560" classname="Test.US461PrepopValuesLoadingTrailerAndUS465SummarizeBillsWeightUS457ShowLoadedShipmentOnGrid"/>
  <testcase name="PrepopValuesLoadingTrailerAndSummarizeBillsWeight" time="4.343" classname="Test.US461PrepopValuesLoadingTrailerAndUS465SummarizeBillsWeightUS457ShowLoadedShipmentOnGrid"/>
  <testcase name="PrepopValuesLoadingTrailerAndSummarizeBillsWeight" time="4.797" classname="Test.US461PrepopValuesLoadingTrailerAndUS465SummarizeBillsWeightUS457ShowLoadedShipmentOnGrid"/>
  <testcase name="PrepopValuesLoadingTrailerAndSummarizeBillsWeight" time="5.268" classname="Test.US461PrepopValuesLoadingTrailerAndUS465SummarizeBillsWeightUS457ShowLoadedShipmentOnGrid"/>
  <testcase name="PrepopValuesLoadingTrailerAndSummarizeBillsWeight" time="4.328" classname="Test.US461PrepopValuesLoadingTrailerAndUS465SummarizeBillsWeightUS457ShowLoadedShipmentOnGrid"/>
  <testcase name="PrepopValuesLoadingTrailerAndSummarizeBillsWeight" time="4.060" classname="Test.US461PrepopValuesLoadingTrailerAndUS465SummarizeBillsWeightUS457ShowLoadedShipmentOnGrid"/>
</testsuite> <!-- Test.US461PrepopValuesLoadingTrailerAndUS465SummarizeBillsWeightUS457ShowLoadedShipmentOnGrid -->
