<?xml version="1.0" encoding="UTF-8"?>
<!-- Generated by org.testng.reporters.JUnitReportReporter -->
<testsuite hostname="N700278" name="LDDscreen.US622SmartEnterHeadloadOnDestinationChangeLDD" tests="1" failures="0" timestamp="29 Apr 2016 06:14:35 GMT" time="35.362" errors="0">
  <testcase name="lddTrailerWithHeadloadProsClickYes" time="35.362" classname="LDDscreen.US622SmartEnterHeadloadOnDestinationChangeLDD"/>
</testsuite> <!-- LDDscreen.US622SmartEnterHeadloadOnDestinationChangeLDD -->
