<?xml version="1.0" encoding="UTF-8"?>
<!-- Generated by org.testng.reporters.JUnitReportReporter -->
<testsuite hostname="N700278" name="TestCase.LdgScreen.US642DTMSCHProAndTrailer" tests="1" failures="0" timestamp="29 Jul 2016 14:48:15 GMT" time="143.847" errors="0">
  <testcase name="SetTrailerToLDGWithProAndHeadLoad" time="143.847" classname="TestCase.LdgScreen.US642DTMSCHProAndTrailer"/>
</testsuite> <!-- TestCase.LdgScreen.US642DTMSCHProAndTrailer -->
