<?xml version="1.0" encoding="UTF-8"?>
<!-- Generated by org.testng.reporters.JUnitReportReporter -->
<testsuite hostname="N700278" name="SitTest.US200068AndUS445ValidateDestinationFacilityValid" tests="41" failures="0" timestamp="11 Apr 2016 14:47:34 GMT" time="35.527" errors="0">
  <testcase name="VerifyInvalidDestination" time="0.754" classname="SitTest.US200068AndUS445ValidateDestinationFacilityValid"/>
  <testcase name="VerifyInvalidDestination" time="0.350" classname="SitTest.US200068AndUS445ValidateDestinationFacilityValid"/>
  <testcase name="VerifyInvalidDestination" time="0.870" classname="SitTest.US200068AndUS445ValidateDestinationFacilityValid"/>
  <testcase name="VerifyValidDestination" time="0.170" classname="SitTest.US200068AndUS445ValidateDestinationFacilityValid"/>
  <testcase name="VerifyInvalidDestination" time="0.783" classname="SitTest.US200068AndUS445ValidateDestinationFacilityValid"/>
  <testcase name="VerifyValidDestination" time="0.134" classname="SitTest.US200068AndUS445ValidateDestinationFacilityValid"/>
  <testcase name="VerifyInvalidDestination" time="0.634" classname="SitTest.US200068AndUS445ValidateDestinationFacilityValid"/>
  <testcase name="VerifyValidDestination" time="0.395" classname="SitTest.US200068AndUS445ValidateDestinationFacilityValid"/>
  <testcase name="VerifyValidDestination" time="0.504" classname="SitTest.US200068AndUS445ValidateDestinationFacilityValid"/>
  <testcase name="VerifyInvalidDestination" time="0.149" classname="SitTest.US200068AndUS445ValidateDestinationFacilityValid"/>
  <testcase name="VerifyInvalidDestination" time="0.386" classname="SitTest.US200068AndUS445ValidateDestinationFacilityValid"/>
  <testcase name="VerifyInvalidDestination" time="0.524" classname="SitTest.US200068AndUS445ValidateDestinationFacilityValid"/>
  <testcase name="VerifyValidDestination" time="0.139" classname="SitTest.US200068AndUS445ValidateDestinationFacilityValid"/>
  <testcase name="VerifyInvalidDestination" time="0.155" classname="SitTest.US200068AndUS445ValidateDestinationFacilityValid"/>
  <testcase name="VerifyValidDestination" time="1.366" classname="SitTest.US200068AndUS445ValidateDestinationFacilityValid"/>
  <testcase name="VerifyValidDestination" time="0.743" classname="SitTest.US200068AndUS445ValidateDestinationFacilityValid"/>
  <testcase name="VerifyInvalidDestination" time="1.289" classname="SitTest.US200068AndUS445ValidateDestinationFacilityValid"/>
  <testcase name="VerifyValidDestination" time="0.681" classname="SitTest.US200068AndUS445ValidateDestinationFacilityValid"/>
  <testcase name="VerifyValidDestination" time="0.532" classname="SitTest.US200068AndUS445ValidateDestinationFacilityValid"/>
  <testcase name="VerifyValidDestination" time="5.090" classname="SitTest.US200068AndUS445ValidateDestinationFacilityValid"/>
  <testcase name="VerifyValidDestination" time="0.372" classname="SitTest.US200068AndUS445ValidateDestinationFacilityValid"/>
  <testcase name="VerifyInvalidDestination" time="0.181" classname="SitTest.US200068AndUS445ValidateDestinationFacilityValid"/>
  <testcase name="VerifyInvalidDestination" time="0.145" classname="SitTest.US200068AndUS445ValidateDestinationFacilityValid"/>
  <testcase name="VerifyValidDestination" time="0.361" classname="SitTest.US200068AndUS445ValidateDestinationFacilityValid"/>
  <testcase name="EnterTrailerInLdgNoShipments" time="9.534" classname="SitTest.US200068AndUS445ValidateDestinationFacilityValid"/>
  <testcase name="VerifyValidDestination" time="0.141" classname="SitTest.US200068AndUS445ValidateDestinationFacilityValid"/>
  <testcase name="VerifyValidDestination" time="0.545" classname="SitTest.US200068AndUS445ValidateDestinationFacilityValid"/>
  <testcase name="VerifyInvalidDestination" time="0.609" classname="SitTest.US200068AndUS445ValidateDestinationFacilityValid"/>
  <testcase name="VerifyValidDestination" time="0.132" classname="SitTest.US200068AndUS445ValidateDestinationFacilityValid"/>
  <testcase name="VerifyValidDestination" time="0.547" classname="SitTest.US200068AndUS445ValidateDestinationFacilityValid"/>
  <testcase name="VerifyInvalidDestination" time="0.281" classname="SitTest.US200068AndUS445ValidateDestinationFacilityValid"/>
  <testcase name="VerifyValidDestination" time="0.939" classname="SitTest.US200068AndUS445ValidateDestinationFacilityValid"/>
  <testcase name="VerifyInvalidDestination" time="0.847" classname="SitTest.US200068AndUS445ValidateDestinationFacilityValid"/>
  <testcase name="VerifyInvalidDestination" time="1.296" classname="SitTest.US200068AndUS445ValidateDestinationFacilityValid"/>
  <testcase name="VerifyInvalidDestination" time="0.925" classname="SitTest.US200068AndUS445ValidateDestinationFacilityValid"/>
  <testcase name="VerifyInvalidDestination" time="0.585" classname="SitTest.US200068AndUS445ValidateDestinationFacilityValid"/>
  <testcase name="VerifyValidDestination" time="0.621" classname="SitTest.US200068AndUS445ValidateDestinationFacilityValid"/>
  <testcase name="VerifyValidDestination" time="0.218" classname="SitTest.US200068AndUS445ValidateDestinationFacilityValid"/>
  <testcase name="VerifyValidDestination" time="0.734" classname="SitTest.US200068AndUS445ValidateDestinationFacilityValid"/>
  <testcase name="VerifyInvalidDestination" time="0.549" classname="SitTest.US200068AndUS445ValidateDestinationFacilityValid"/>
  <testcase name="VerifyInvalidDestination" time="0.317" classname="SitTest.US200068AndUS445ValidateDestinationFacilityValid"/>
</testsuite> <!-- SitTest.US200068AndUS445ValidateDestinationFacilityValid -->
