<?xml version="1.0" encoding="UTF-8"?>
<!-- Generated by org.testng.reporters.JUnitReportReporter -->
<testsuite hostname="N700278" name="LoadToEnr.LoadToEnrScreenTesting" tests="1" failures="1" timestamp="16 Jun 2016 18:14:18 GMT" time="326.676" errors="0">
  <testcase name="AddMultipleProsInSingleBatch" time="326.676" classname="LoadToEnr.LoadToEnrScreenTesting">
    <failure type="java.lang.AssertionError" message="The following asserts failed:
	 pro sequence is wrong: Lists differ at element [0]: 4967508097 != 4958299648 expected [4967508097] but found [4958299648]">
      <![CDATA[java.lang.AssertionError: The following asserts failed:
	 pro sequence is wrong: Lists differ at element [0]: 4967508097 != 4958299648 expected [4967508097] but found [4958299648]
	at org.testng.asserts.SoftAssert.assertAll(SoftAssert.java:43)
	at LoadToEnr.LoadToEnrScreenTesting.AddMultipleProsInSingleBatch(LoadToEnrScreenTesting.java:315)
	at sun.reflect.NativeMethodAccessorImpl.invoke0(Native Method)
	at sun.reflect.NativeMethodAccessorImpl.invoke(NativeMethodAccessorImpl.java:57)
	at sun.reflect.DelegatingMethodAccessorImpl.invoke(DelegatingMethodAccessorImpl.java:43)
	at java.lang.reflect.Method.invoke(Method.java:601)
	at org.testng.internal.MethodInvocationHelper.invokeMethod(MethodInvocationHelper.java:86)
	at org.testng.internal.Invoker.invokeMethod(Invoker.java:646)
	at org.testng.internal.Invoker.invokeTestMethod(Invoker.java:823)
	at org.testng.internal.Invoker.invokeTestMethods(Invoker.java:1131)
	at org.testng.internal.TestMethodWorker.invokeTestMethods(TestMethodWorker.java:129)
	at org.testng.internal.TestMethodWorker.run(TestMethodWorker.java:112)
	at java.util.concurrent.ThreadPoolExecutor.runWorker(ThreadPoolExecutor.java:1110)
	at java.util.concurrent.ThreadPoolExecutor$Worker.run(ThreadPoolExecutor.java:603)
	at java.lang.Thread.run(Thread.java:722)
]]>
    </failure>
  </testcase> <!-- AddMultipleProsInSingleBatch -->
</testsuite> <!-- LoadToEnr.LoadToEnrScreenTesting -->
