<?xml version="1.0" encoding="UTF-8"?>
<!-- Generated by org.testng.reporters.JUnitReportReporter -->
<testsuite hostname="N700278" name="CPUtesting.CPUScreenTesting" tests="1" failures="0" timestamp="4 Apr 2016 18:56:17 GMT" time="8.981" errors="0">
  <testcase name="SetTrailerWithoutProToMty" time="8.981" classname="CPUtesting.CPUScreenTesting"/>
</testsuite> <!-- CPUtesting.CPUScreenTesting -->
