<?xml version="1.0" encoding="UTF-8"?>
<!-- Generated by org.testng.reporters.JUnitReportReporter -->
<testsuite hostname="N700278" name="CPUtesting.CPUScreenTesting" tests="2" failures="0" timestamp="29 Apr 2016 20:10:58 GMT" time="20.570" errors="0">
  <testcase name="SmartEneterSetTrailerToMtyfromONH" time="7.661" classname="CPUtesting.CPUScreenTesting"/>
  <testcase name="SetTrailerToMtyfromONH" time="12.909" classname="CPUtesting.CPUScreenTesting"/>
</testsuite> <!-- CPUtesting.CPUScreenTesting -->
