<?xml version="1.0" encoding="UTF-8"?>
<!-- Generated by org.testng.reporters.JUnitReportReporter -->
<testsuite hostname="N700278" name="Test.US200004ProNumberDigitCheck" tests="6" failures="0" timestamp="29 Sep 2015 15:21:48 GMT" time="5.066" errors="0">
  <testcase name="VerifyProDigitCheck" time="0.819" classname="Test.US200004ProNumberDigitCheck"/>
  <testcase name="VerifyProDigitCheck" time="0.848" classname="Test.US200004ProNumberDigitCheck"/>
  <testcase name="VerifyProDigitCheck" time="0.927" classname="Test.US200004ProNumberDigitCheck"/>
  <testcase name="VerifyProDigitCheck" time="0.813" classname="Test.US200004ProNumberDigitCheck"/>
  <testcase name="VerifyProDigitCheck" time="0.809" classname="Test.US200004ProNumberDigitCheck"/>
  <testcase name="VerifyProDigitCheck" time="0.850" classname="Test.US200004ProNumberDigitCheck"/>
</testsuite> <!-- Test.US200004ProNumberDigitCheck -->
