<?xml version="1.0" encoding="UTF-8"?>
<!-- Generated by org.testng.reporters.JUnitReportReporter -->
<testsuite hostname="N700278" name="CPUtesting.MTYScreenTesting" tests="2" failures="0" timestamp="12 Apr 2016 15:37:53 GMT" time="59.191" errors="0">
  <testcase name="twoBlOBRDock" time="26.389" classname="CPUtesting.MTYScreenTesting"/>
  <testcase name="twoBlOBRAllShort" time="32.802" classname="CPUtesting.MTYScreenTesting"/>
</testsuite> <!-- CPUtesting.MTYScreenTesting -->
