<?xml version="1.0" encoding="UTF-8"?>
<!-- Generated by org.testng.reporters.JUnitReportReporter -->
<testsuite hostname="N700278" name="Test.US1205CheckCubeAndSeal" tests="2" failures="0" timestamp="29 Sep 2015 18:21:48 GMT" time="11.067" errors="0">
  <testcase name="VerifySealPatternCheck" time="5.477" classname="Test.US1205CheckCubeAndSeal"/>
  <testcase name="VerifyCubePatternCheck" time="5.590" classname="Test.US1205CheckCubeAndSeal"/>
</testsuite> <!-- Test.US1205CheckCubeAndSeal -->
