<?xml version="1.0" encoding="UTF-8"?>
<!-- Generated by org.testng.reporters.JUnitReportReporter -->
<testsuite hostname="N700278" name="test.trial.US200075DisplayPROsInOrderWhichTheyEnter" tests="1" failures="0" timestamp="15 Aug 2016 20:30:13 GMT" time="52.503" errors="0">
  <testcase name="LdgTrailerWithProAddPro2" time="52.503" classname="test.trial.US200075DisplayPROsInOrderWhichTheyEnter"/>
</testsuite> <!-- test.trial.US200075DisplayPROsInOrderWhichTheyEnter -->
