<?xml version="1.0" encoding="UTF-8"?>
<!-- Generated by org.testng.reporters.JUnitReportReporter -->
<testsuite hostname="N700278" name="Test.US200068ValidateDestinationFacilityValid" tests="50" failures="0" timestamp="21 Sep 2015 21:37:56 GMT" time="5.480" errors="0">
  <testcase name="VerifyValidDestination" time="0.102" classname="Test.US200068ValidateDestinationFacilityValid"/>
  <testcase name="VerifyValidDestination" time="0.096" classname="Test.US200068ValidateDestinationFacilityValid"/>
  <testcase name="VerifyInvalidDestination" time="0.093" classname="Test.US200068ValidateDestinationFacilityValid"/>
  <testcase name="VerifyInvalidDestination" time="0.095" classname="Test.US200068ValidateDestinationFacilityValid"/>
  <testcase name="VerifyInvalidDestination" time="0.094" classname="Test.US200068ValidateDestinationFacilityValid"/>
  <testcase name="VerifyInvalidDestination" time="0.094" classname="Test.US200068ValidateDestinationFacilityValid"/>
  <testcase name="VerifyInvalidDestination" time="0.094" classname="Test.US200068ValidateDestinationFacilityValid"/>
  <testcase name="VerifyInvalidDestination" time="0.090" classname="Test.US200068ValidateDestinationFacilityValid"/>
  <testcase name="VerifyInvalidDestination" time="0.101" classname="Test.US200068ValidateDestinationFacilityValid"/>
  <testcase name="VerifyValidDestination" time="0.092" classname="Test.US200068ValidateDestinationFacilityValid"/>
  <testcase name="VerifyInvalidDestination" time="0.092" classname="Test.US200068ValidateDestinationFacilityValid"/>
  <testcase name="VerifyValidDestination" time="0.161" classname="Test.US200068ValidateDestinationFacilityValid"/>
  <testcase name="VerifyInvalidDestination" time="0.095" classname="Test.US200068ValidateDestinationFacilityValid"/>
  <testcase name="VerifyValidDestination" time="0.088" classname="Test.US200068ValidateDestinationFacilityValid"/>
  <testcase name="VerifyInvalidDestination" time="0.107" classname="Test.US200068ValidateDestinationFacilityValid"/>
  <testcase name="VerifyInvalidDestination" time="0.091" classname="Test.US200068ValidateDestinationFacilityValid"/>
  <testcase name="VerifyValidDestination" time="0.093" classname="Test.US200068ValidateDestinationFacilityValid"/>
  <testcase name="VerifyInvalidDestination" time="0.094" classname="Test.US200068ValidateDestinationFacilityValid"/>
  <testcase name="VerifyInvalidDestination" time="0.100" classname="Test.US200068ValidateDestinationFacilityValid"/>
  <testcase name="VerifyInvalidDestination" time="0.094" classname="Test.US200068ValidateDestinationFacilityValid"/>
  <testcase name="VerifyValidDestination" time="0.097" classname="Test.US200068ValidateDestinationFacilityValid"/>
  <testcase name="VerifyInvalidDestination" time="0.098" classname="Test.US200068ValidateDestinationFacilityValid"/>
  <testcase name="VerifyInvalidDestination" time="0.104" classname="Test.US200068ValidateDestinationFacilityValid"/>
  <testcase name="VerifyInvalidDestination" time="0.101" classname="Test.US200068ValidateDestinationFacilityValid"/>
  <testcase name="VerifyInvalidDestination" time="0.672" classname="Test.US200068ValidateDestinationFacilityValid"/>
  <testcase name="VerifyValidDestination" time="0.088" classname="Test.US200068ValidateDestinationFacilityValid"/>
  <testcase name="VerifyValidDestination" time="0.093" classname="Test.US200068ValidateDestinationFacilityValid"/>
  <testcase name="VerifyInvalidDestination" time="0.095" classname="Test.US200068ValidateDestinationFacilityValid"/>
  <testcase name="VerifyValidDestination" time="0.091" classname="Test.US200068ValidateDestinationFacilityValid"/>
  <testcase name="VerifyInvalidDestination" time="0.099" classname="Test.US200068ValidateDestinationFacilityValid"/>
  <testcase name="VerifyInvalidDestination" time="0.095" classname="Test.US200068ValidateDestinationFacilityValid"/>
  <testcase name="VerifyValidDestination" time="0.088" classname="Test.US200068ValidateDestinationFacilityValid"/>
  <testcase name="VerifyValidDestination" time="0.148" classname="Test.US200068ValidateDestinationFacilityValid"/>
  <testcase name="VerifyInvalidDestination" time="0.087" classname="Test.US200068ValidateDestinationFacilityValid"/>
  <testcase name="VerifyValidDestination" time="0.092" classname="Test.US200068ValidateDestinationFacilityValid"/>
  <testcase name="VerifyInvalidDestination" time="0.093" classname="Test.US200068ValidateDestinationFacilityValid"/>
  <testcase name="VerifyInvalidDestination" time="0.096" classname="Test.US200068ValidateDestinationFacilityValid"/>
  <testcase name="VerifyValidDestination" time="0.115" classname="Test.US200068ValidateDestinationFacilityValid"/>
  <testcase name="VerifyValidDestination" time="0.090" classname="Test.US200068ValidateDestinationFacilityValid"/>
  <testcase name="VerifyInvalidDestination" time="0.097" classname="Test.US200068ValidateDestinationFacilityValid"/>
  <testcase name="VerifyValidDestination" time="0.089" classname="Test.US200068ValidateDestinationFacilityValid"/>
  <testcase name="VerifyInvalidDestination" time="0.086" classname="Test.US200068ValidateDestinationFacilityValid"/>
  <testcase name="VerifyValidDestination" time="0.089" classname="Test.US200068ValidateDestinationFacilityValid"/>
  <testcase name="VerifyInvalidDestination" time="0.097" classname="Test.US200068ValidateDestinationFacilityValid"/>
  <testcase name="VerifyInvalidDestination" time="0.094" classname="Test.US200068ValidateDestinationFacilityValid"/>
  <testcase name="VerifyValidDestination" time="0.097" classname="Test.US200068ValidateDestinationFacilityValid"/>
  <testcase name="VerifyValidDestination" time="0.105" classname="Test.US200068ValidateDestinationFacilityValid"/>
  <testcase name="VerifyValidDestination" time="0.120" classname="Test.US200068ValidateDestinationFacilityValid"/>
  <testcase name="VerifyInvalidDestination" time="0.101" classname="Test.US200068ValidateDestinationFacilityValid"/>
  <testcase name="VerifyInvalidDestination" time="0.097" classname="Test.US200068ValidateDestinationFacilityValid"/>
</testsuite> <!-- Test.US200068ValidateDestinationFacilityValid -->
