<?xml version="1.0" encoding="UTF-8"?>
<!-- Generated by org.testng.reporters.JUnitReportReporter -->
<testsuite hostname="N700278" name="LdgScreen.NegativeScenarioLDG" tests="43" failures="0" timestamp="5 May 2016 22:07:16 GMT" time="46.379" errors="0">
  <testcase name="VerifyInvalidDestination" time="0.166" classname="LdgScreen.NegativeScenarioLDG"/>
  <testcase name="VerifyInvalidDestination" time="1.346" classname="LdgScreen.NegativeScenarioLDG"/>
  <testcase name="VerifyValidDestination" time="0.118" classname="LdgScreen.NegativeScenarioLDG"/>
  <testcase name="VerifyValidDestination" time="0.118" classname="LdgScreen.NegativeScenarioLDG"/>
  <testcase name="VerifyInvalidDestination" time="0.140" classname="LdgScreen.NegativeScenarioLDG"/>
  <testcase name="VerifyValidDestination" time="0.106" classname="LdgScreen.NegativeScenarioLDG"/>
  <testcase name="VerifyValidDestination" time="0.117" classname="LdgScreen.NegativeScenarioLDG"/>
  <testcase name="VerifyValidDestination" time="0.115" classname="LdgScreen.NegativeScenarioLDG"/>
  <testcase name="VerifyValidDestination" time="0.112" classname="LdgScreen.NegativeScenarioLDG"/>
  <testcase name="VerifyValidDestination" time="0.117" classname="LdgScreen.NegativeScenarioLDG"/>
  <testcase name="VerifyInvalidDestination" time="0.145" classname="LdgScreen.NegativeScenarioLDG"/>
  <testcase name="SetTrailerToLDGWithProLeaveHeadLoadCubeAndDestination" time="10.887" classname="LdgScreen.NegativeScenarioLDG"/>
  <testcase name="VerifyInvalidDestination" time="0.133" classname="LdgScreen.NegativeScenarioLDG"/>
  <testcase name="VerifyValidDestination" time="0.114" classname="LdgScreen.NegativeScenarioLDG"/>
  <testcase name="VerifyInvalidDestination" time="0.163" classname="LdgScreen.NegativeScenarioLDG"/>
  <testcase name="VerifyInvalidDestination" time="0.136" classname="LdgScreen.NegativeScenarioLDG"/>
  <testcase name="VerifyInvalidDestination" time="0.173" classname="LdgScreen.NegativeScenarioLDG"/>
  <testcase name="VerifyValidDestination" time="0.110" classname="LdgScreen.NegativeScenarioLDG"/>
  <testcase name="VerifyValidDestination" time="0.174" classname="LdgScreen.NegativeScenarioLDG"/>
  <testcase name="VerifyInvalidDestination" time="0.188" classname="LdgScreen.NegativeScenarioLDG"/>
  <testcase name="VerifyInvalidDestination" time="0.147" classname="LdgScreen.NegativeScenarioLDG"/>
  <testcase name="VerifyInvalidDestination" time="0.146" classname="LdgScreen.NegativeScenarioLDG"/>
  <testcase name="VerifyInvalidDestination" time="0.137" classname="LdgScreen.NegativeScenarioLDG"/>
  <testcase name="VerifyInvalidDestination" time="0.137" classname="LdgScreen.NegativeScenarioLDG"/>
  <testcase name="VerifyInvalidDestination" time="2.282" classname="LdgScreen.NegativeScenarioLDG"/>
  <testcase name="VerifyValidDestination" time="0.122" classname="LdgScreen.NegativeScenarioLDG"/>
  <testcase name="VerifyValidDestination" time="0.114" classname="LdgScreen.NegativeScenarioLDG"/>
  <testcase name="VerifyValidDestination" time="0.114" classname="LdgScreen.NegativeScenarioLDG"/>
  <testcase name="VerifyValidDestination" time="0.133" classname="LdgScreen.NegativeScenarioLDG"/>
  <testcase name="VerifyInvalidDestination" time="0.139" classname="LdgScreen.NegativeScenarioLDG"/>
  <testcase name="VerifyValidDestination" time="0.120" classname="LdgScreen.NegativeScenarioLDG"/>
  <testcase name="VerifyValidDestination" time="0.124" classname="LdgScreen.NegativeScenarioLDG"/>
  <testcase name="VerifyValidDestination" time="0.119" classname="LdgScreen.NegativeScenarioLDG"/>
  <testcase name="SetTrailerToLDGWithProCheckHeadloadCube" time="11.997" classname="LdgScreen.NegativeScenarioLDG"/>
  <testcase name="VerifyValidDestination" time="0.115" classname="LdgScreen.NegativeScenarioLDG"/>
  <testcase name="VerifyInvalidDestination" time="0.141" classname="LdgScreen.NegativeScenarioLDG"/>
  <testcase name="SetTrailerToLDGWithPro" time="14.257" classname="LdgScreen.NegativeScenarioLDG"/>
  <testcase name="VerifyValidDestination" time="0.115" classname="LdgScreen.NegativeScenarioLDG"/>
  <testcase name="VerifyValidDestination" time="0.685" classname="LdgScreen.NegativeScenarioLDG"/>
  <testcase name="VerifyInvalidDestination" time="0.146" classname="LdgScreen.NegativeScenarioLDG"/>
  <testcase name="VerifyInvalidDestination" time="0.129" classname="LdgScreen.NegativeScenarioLDG"/>
  <testcase name="VerifyInvalidDestination" time="0.133" classname="LdgScreen.NegativeScenarioLDG"/>
  <testcase name="VerifyInvalidDestination" time="0.149" classname="LdgScreen.NegativeScenarioLDG"/>
</testsuite> <!-- LdgScreen.NegativeScenarioLDG -->
