<?xml version="1.0" encoding="UTF-8"?>
<!-- Generated by org.testng.reporters.JUnitReportReporter -->
<testsuite hostname="N700278" name="TestCase.LdgScreen.US452RemoveShipment" tests="4" failures="0" timestamp="8 Aug 2016 19:29:07 GMT" time="102.799" errors="0">
  <testcase name="VerifyDockPro" time="25.756" classname="TestCase.LdgScreen.US452RemoveShipment"/>
  <testcase name="EmptyTrailerAddSomeThenDock" time="32.398" classname="TestCase.LdgScreen.US452RemoveShipment"/>
  <testcase name="DockAndReAdd" time="18.646" classname="TestCase.LdgScreen.US452RemoveShipment"/>
  <testcase name="VerifyDockThenAddNewPRO" time="25.999" classname="TestCase.LdgScreen.US452RemoveShipment"/>
</testsuite> <!-- TestCase.LdgScreen.US452RemoveShipment -->
