<?xml version="1.0" encoding="UTF-8"?>
<!-- Generated by org.testng.reporters.JUnitReportReporter -->
<testsuite hostname="N700278" name="trial.trial11" tests="1" failures="0" timestamp="4 Feb 2016 20:10:54 GMT" time="0.469" errors="0">
  <testcase name="f" time="0.469" classname="trial.trial11"/>
</testsuite> <!-- trial.trial11 -->
