<?xml version="1.0" encoding="UTF-8"?>
<!-- Generated by org.testng.reporters.JUnitReportReporter -->
<testsuite hostname="N700278" name="Test.US1215" tests="2" failures="0" timestamp="23 Dec 2015 05:12:30 GMT" time="52.798" errors="1">
  <testcase name="TrailerWithPRO" time="21.736" classname="Test.US1215"/>
  <testcase name="TrailerWithPRO" time="31.062" classname="Test.US1215">
    <error type="java.util.ConcurrentModificationException">
      <![CDATA[java.util.ConcurrentModificationException
	at java.util.ArrayList$Itr.checkForComodification(Unknown Source)
	at java.util.ArrayList$Itr.next(Unknown Source)
	at org.testng.internal.Invoker.invokeTestMethods(Invoker.java:1118)
	at org.testng.internal.TestMethodWorker.invokeTestMethods(TestMethodWorker.java:124)
	at org.testng.internal.TestMethodWorker.run(TestMethodWorker.java:108)
	at java.util.concurrent.ThreadPoolExecutor.runWorker(Unknown Source)
	at java.util.concurrent.ThreadPoolExecutor$Worker.run(Unknown Source)
	at java.lang.Thread.run(Unknown Source)
]]>
    </error>
  </testcase> <!-- TrailerWithPRO -->
</testsuite> <!-- Test.US1215 -->
