<?xml version="1.0" encoding="UTF-8"?>
<!-- Generated by org.testng.reporters.JUnitReportReporter -->
<testsuite hostname="N700278" name="trial.NewTest" tests="1" failures="0" timestamp="5 Apr 2016 22:47:13 GMT" time="2.082" errors="0">
  <testcase name="g" time="2.082" classname="trial.NewTest"/>
</testsuite> <!-- trial.NewTest -->
