<?xml version="1.0" encoding="UTF-8"?>
<!-- Generated by org.testng.reporters.JUnitReportReporter -->
<testsuite hostname="N700278" name="LdgScreen.US200075DisplayPROsInOrderWhichTheyEnter" tests="3" failures="1" timestamp="16 Jun 2016 08:02:14 GMT" time="106.127" errors="0">
  <testcase name="AddTwoBatchesProsInSameSection" time="31.978" classname="LdgScreen.US200075DisplayPROsInOrderWhichTheyEnter"/>
  <testcase name="AddSinglePro" time="54.535" classname="LdgScreen.US200075DisplayPROsInOrderWhichTheyEnter"/>
  <testcase name="AddMultipleProsInSingleBatch" time="19.614" classname="LdgScreen.US200075DisplayPROsInOrderWhichTheyEnter">
    <failure type="java.lang.AssertionError" message="The following asserts failed:
	eqps Mainframe_User_ID is wrong expected [UYR27B0] but found [UYR7EEE],
	 eqp Mainframe_User_ID is wrong expected [UYR27B0] but found [UYR7EEE]">
      <![CDATA[java.lang.AssertionError: The following asserts failed:
	eqps Mainframe_User_ID is wrong expected [UYR27B0] but found [UYR7EEE],
	 eqp Mainframe_User_ID is wrong expected [UYR27B0] but found [UYR7EEE]
	at org.testng.asserts.SoftAssert.assertAll(SoftAssert.java:43)
	at LdgScreen.US200075DisplayPROsInOrderWhichTheyEnter.AddMultipleProsInSingleBatch(US200075DisplayPROsInOrderWhichTheyEnter.java:117)
	at sun.reflect.NativeMethodAccessorImpl.invoke0(Native Method)
	at sun.reflect.NativeMethodAccessorImpl.invoke(NativeMethodAccessorImpl.java:57)
	at sun.reflect.DelegatingMethodAccessorImpl.invoke(DelegatingMethodAccessorImpl.java:43)
	at java.lang.reflect.Method.invoke(Method.java:601)
	at org.testng.internal.MethodInvocationHelper.invokeMethod(MethodInvocationHelper.java:86)
	at org.testng.internal.Invoker.invokeMethod(Invoker.java:646)
	at org.testng.internal.Invoker.invokeTestMethod(Invoker.java:823)
	at org.testng.internal.Invoker.invokeTestMethods(Invoker.java:1131)
	at org.testng.internal.TestMethodWorker.invokeTestMethods(TestMethodWorker.java:129)
	at org.testng.internal.TestMethodWorker.run(TestMethodWorker.java:112)
	at org.testng.TestRunner.privateRun(TestRunner.java:778)
	at org.testng.TestRunner.run(TestRunner.java:632)
	at org.testng.SuiteRunner.runTest(SuiteRunner.java:366)
	at org.testng.SuiteRunner.runSequentially(SuiteRunner.java:361)
	at org.testng.SuiteRunner.privateRun(SuiteRunner.java:319)
	at org.testng.SuiteRunner.run(SuiteRunner.java:268)
	at org.testng.SuiteRunnerWorker.runSuite(SuiteRunnerWorker.java:52)
	at org.testng.SuiteRunnerWorker.run(SuiteRunnerWorker.java:86)
	at org.testng.TestNG.runSuitesSequentially(TestNG.java:1225)
	at org.testng.TestNG.runSuitesLocally(TestNG.java:1150)
	at org.testng.TestNG.runSuites(TestNG.java:1075)
	at org.testng.TestNG.run(TestNG.java:1047)
	at org.testng.remote.AbstractRemoteTestNG.run(AbstractRemoteTestNG.java:126)
	at org.testng.remote.RemoteTestNG.initAndRun(RemoteTestNG.java:137)
	at org.testng.remote.RemoteTestNG.main(RemoteTestNG.java:58)
]]>
    </failure>
  </testcase> <!-- AddMultipleProsInSingleBatch -->
</testsuite> <!-- LdgScreen.US200075DisplayPROsInOrderWhichTheyEnter -->
