<?xml version="1.0" encoding="UTF-8"?>
<!-- Generated by org.testng.reporters.JUnitReportReporter -->
<testsuite hostname="N700278" name="Test.US1212SummarizeSeriviceOnTrailer" tests="30" failures="0" timestamp="19 Sep 2015 01:09:14 GMT" time="128.235" errors="0">
  <testcase name="VerifySmmarizeServiceOnTrailer" time="2.787" classname="Test.US1212SummarizeSeriviceOnTrailer"/>
  <testcase name="VerifySmmarizeServiceOnTrailer" time="4.980" classname="Test.US1212SummarizeSeriviceOnTrailer"/>
  <testcase name="VerifySmmarizeServiceOnTrailer" time="4.718" classname="Test.US1212SummarizeSeriviceOnTrailer"/>
  <testcase name="VerifySmmarizeServiceOnTrailer" time="2.745" classname="Test.US1212SummarizeSeriviceOnTrailer"/>
  <testcase name="VerifySmmarizeServiceOnTrailer" time="2.616" classname="Test.US1212SummarizeSeriviceOnTrailer"/>
  <testcase name="VerifySmmarizeServiceOnTrailer" time="4.886" classname="Test.US1212SummarizeSeriviceOnTrailer"/>
  <testcase name="VerifySmmarizeServiceOnTrailer" time="2.574" classname="Test.US1212SummarizeSeriviceOnTrailer"/>
  <testcase name="VerifySmmarizeServiceOnTrailer" time="17.785" classname="Test.US1212SummarizeSeriviceOnTrailer"/>
  <testcase name="VerifySmmarizeServiceOnTrailer" time="5.114" classname="Test.US1212SummarizeSeriviceOnTrailer"/>
  <testcase name="VerifySmmarizeServiceOnTrailer" time="2.412" classname="Test.US1212SummarizeSeriviceOnTrailer"/>
  <testcase name="VerifySmmarizeServiceOnTrailer" time="2.550" classname="Test.US1212SummarizeSeriviceOnTrailer"/>
  <testcase name="VerifySmmarizeServiceOnTrailer" time="2.452" classname="Test.US1212SummarizeSeriviceOnTrailer"/>
  <testcase name="VerifySmmarizeServiceOnTrailer" time="2.583" classname="Test.US1212SummarizeSeriviceOnTrailer"/>
  <testcase name="VerifySmmarizeServiceOnTrailer" time="2.478" classname="Test.US1212SummarizeSeriviceOnTrailer"/>
  <testcase name="VerifySmmarizeServiceOnTrailer" time="2.745" classname="Test.US1212SummarizeSeriviceOnTrailer"/>
  <testcase name="VerifySmmarizeServiceOnTrailer" time="2.638" classname="Test.US1212SummarizeSeriviceOnTrailer"/>
  <testcase name="VerifySmmarizeServiceOnTrailer" time="16.079" classname="Test.US1212SummarizeSeriviceOnTrailer"/>
  <testcase name="VerifySmmarizeServiceOnTrailer" time="2.698" classname="Test.US1212SummarizeSeriviceOnTrailer"/>
  <testcase name="VerifySmmarizeServiceOnTrailer" time="3.725" classname="Test.US1212SummarizeSeriviceOnTrailer"/>
  <testcase name="VerifySmmarizeServiceOnTrailer" time="4.498" classname="Test.US1212SummarizeSeriviceOnTrailer"/>
  <testcase name="VerifySmmarizeServiceOnTrailer" time="2.415" classname="Test.US1212SummarizeSeriviceOnTrailer"/>
  <testcase name="VerifySmmarizeServiceOnTrailer" time="2.631" classname="Test.US1212SummarizeSeriviceOnTrailer"/>
  <testcase name="VerifySmmarizeServiceOnTrailer" time="2.490" classname="Test.US1212SummarizeSeriviceOnTrailer"/>
  <testcase name="VerifySmmarizeServiceOnTrailer" time="2.509" classname="Test.US1212SummarizeSeriviceOnTrailer"/>
  <testcase name="VerifySmmarizeServiceOnTrailer" time="2.590" classname="Test.US1212SummarizeSeriviceOnTrailer"/>
  <testcase name="VerifySmmarizeServiceOnTrailer" time="10.244" classname="Test.US1212SummarizeSeriviceOnTrailer"/>
  <testcase name="VerifySmmarizeServiceOnTrailer" time="4.638" classname="Test.US1212SummarizeSeriviceOnTrailer"/>
  <testcase name="VerifySmmarizeServiceOnTrailer" time="2.585" classname="Test.US1212SummarizeSeriviceOnTrailer"/>
  <testcase name="VerifySmmarizeServiceOnTrailer" time="2.660" classname="Test.US1212SummarizeSeriviceOnTrailer"/>
  <testcase name="VerifySmmarizeServiceOnTrailer" time="2.410" classname="Test.US1212SummarizeSeriviceOnTrailer"/>
</testsuite> <!-- Test.US1212SummarizeSeriviceOnTrailer -->
