<?xml version="1.0" encoding="UTF-8"?>
<!-- Generated by org.testng.reporters.JUnitReportReporter -->
<testsuite hostname="N700278" name="TestCase.CLtesting.US51212AutoSetUnloadingTrailerFromCL" tests="4" failures="1" timestamp="26 Jul 2016 19:43:02 GMT" time="86.401" errors="0">
  <testcase name="PullProFromCPUTrailerInSameTerminal" time="20.618" classname="TestCase.CLtesting.US51212AutoSetUnloadingTrailerFromCL"/>
  <testcase name="PullProFromCPUTrailerInDifferentTerminal" time="20.769" classname="TestCase.CLtesting.US51212AutoSetUnloadingTrailerFromCL"/>
  <testcase name="PullProFromARVTrailerInSameTerminal" time="22.487" classname="TestCase.CLtesting.US51212AutoSetUnloadingTrailerFromCL"/>
  <testcase name="PullProFromARVTrailerInDifferentTerminal" time="22.527" classname="TestCase.CLtesting.US51212AutoSetUnloadingTrailerFromCL">
    <failure type="java.lang.AssertionError" message="The following asserts failed:
	Waybill table Standard_Carrier_Alpha_CD is wrong 1238033338 expected [RDWY] but found [MATU],
	Waybill table Equipment_Unit_NB is wrong 1238033338 expected [125858] but found [260879],
	Waybill table Source_Modify_ID is wrong 1238033338 expected [LH.LDG] but found [CAR061],
	waybill table system_modify_ts Wed Jun 22 15:19:02 UTC 2016  Tue Jul 26 19:42:25 UTC 2016     1238033338 expected [true] but found [false],
	waybill table loading record From_Facility_CD is wrong 1238033338 expected [100] but found [847],
	waybill table loading record To_Standard_Carrier_Alpha_CD is wrong 1238033338 expected [RDWY] but found [MATU],
	waybill table loading record To_Equipment_Unit_NB is wrong 1238033338 expected [125858] but found [260879],
	waybill Waybill_Transaction_End_TS   Wed Mar 23 16:58:11 UTC 2016  Tue Jul 26 19:42:25 UTC 2016     1238033338 expected [true] but found [false]">
      <![CDATA[java.lang.AssertionError: The following asserts failed:
	Waybill table Standard_Carrier_Alpha_CD is wrong 1238033338 expected [RDWY] but found [MATU],
	Waybill table Equipment_Unit_NB is wrong 1238033338 expected [125858] but found [260879],
	Waybill table Source_Modify_ID is wrong 1238033338 expected [LH.LDG] but found [CAR061],
	waybill table system_modify_ts Wed Jun 22 15:19:02 UTC 2016  Tue Jul 26 19:42:25 UTC 2016     1238033338 expected [true] but found [false],
	waybill table loading record From_Facility_CD is wrong 1238033338 expected [100] but found [847],
	waybill table loading record To_Standard_Carrier_Alpha_CD is wrong 1238033338 expected [RDWY] but found [MATU],
	waybill table loading record To_Equipment_Unit_NB is wrong 1238033338 expected [125858] but found [260879],
	waybill Waybill_Transaction_End_TS   Wed Mar 23 16:58:11 UTC 2016  Tue Jul 26 19:42:25 UTC 2016     1238033338 expected [true] but found [false]
	at org.testng.asserts.SoftAssert.assertAll(SoftAssert.java:43)
	at TestCase.CLtesting.US51212AutoSetUnloadingTrailerFromCL.PullProFromARVTrailerInDifferentTerminal(US51212AutoSetUnloadingTrailerFromCL.java:309)
	at sun.reflect.NativeMethodAccessorImpl.invoke0(Native Method)
	at sun.reflect.NativeMethodAccessorImpl.invoke(NativeMethodAccessorImpl.java:57)
	at sun.reflect.DelegatingMethodAccessorImpl.invoke(DelegatingMethodAccessorImpl.java:43)
	at java.lang.reflect.Method.invoke(Method.java:601)
	at org.testng.internal.MethodInvocationHelper.invokeMethod(MethodInvocationHelper.java:86)
	at org.testng.internal.Invoker.invokeMethod(Invoker.java:646)
	at org.testng.internal.Invoker.invokeTestMethod(Invoker.java:823)
	at org.testng.internal.Invoker.invokeTestMethods(Invoker.java:1131)
	at org.testng.internal.TestMethodWorker.invokeTestMethods(TestMethodWorker.java:129)
	at org.testng.internal.TestMethodWorker.run(TestMethodWorker.java:112)
	at org.testng.TestRunner.privateRun(TestRunner.java:778)
	at org.testng.TestRunner.run(TestRunner.java:632)
	at org.testng.SuiteRunner.runTest(SuiteRunner.java:366)
	at org.testng.SuiteRunner.runSequentially(SuiteRunner.java:361)
	at org.testng.SuiteRunner.privateRun(SuiteRunner.java:319)
	at org.testng.SuiteRunner.run(SuiteRunner.java:268)
	at org.testng.SuiteRunnerWorker.runSuite(SuiteRunnerWorker.java:52)
	at org.testng.SuiteRunnerWorker.run(SuiteRunnerWorker.java:86)
	at org.testng.TestNG.runSuitesSequentially(TestNG.java:1225)
	at org.testng.TestNG.runSuitesLocally(TestNG.java:1150)
	at org.testng.TestNG.runSuites(TestNG.java:1075)
	at org.testng.TestNG.run(TestNG.java:1047)
	at org.testng.remote.AbstractRemoteTestNG.run(AbstractRemoteTestNG.java:126)
	at org.testng.remote.RemoteTestNG.initAndRun(RemoteTestNG.java:137)
	at org.testng.remote.RemoteTestNG.main(RemoteTestNG.java:58)
]]>
    </failure>
  </testcase> <!-- PullProFromARVTrailerInDifferentTerminal -->
</testsuite> <!-- TestCase.CLtesting.US51212AutoSetUnloadingTrailerFromCL -->
