<?xml version="1.0" encoding="UTF-8"?>
<!-- Generated by org.testng.reporters.JUnitReportReporter -->
<testsuite hostname="N700278" name="LdgScreen.US1215QuickClose" tests="2" failures="0" timestamp="25 Apr 2016 20:18:45 GMT" time="50.561" errors="0">
  <testcase name="NONLDGTrailerWithoutPROAddPRO" time="32.929" classname="LdgScreen.US1215QuickClose"/>
  <testcase name="LDGTrailerWithPROQuickClose" time="17.632" classname="LdgScreen.US1215QuickClose"/>
</testsuite> <!-- LdgScreen.US1215QuickClose -->
