<?xml version="1.0" encoding="UTF-8"?>
<!-- Generated by org.testng.reporters.JUnitReportReporter -->
<testsuite hostname="N700278" name="LdgScreen.US461PrepopValuesLoadingTrailerAndUS465SummarizeBillsWeightUS457ShowLoadedShipmentOnGrid" tests="20" failures="0" timestamp="3 May 2016 22:17:44 GMT" time="82.477" errors="0">
  <testcase name="PrepopValuesLoadingTrailerAndSummarizeBillsWeight2" time="3.698" classname="LdgScreen.US461PrepopValuesLoadingTrailerAndUS465SummarizeBillsWeightUS457ShowLoadedShipmentOnGrid"/>
  <testcase name="PrepopValuesLoadingTrailerAndSummarizeBillsWeight2" time="4.086" classname="LdgScreen.US461PrepopValuesLoadingTrailerAndUS465SummarizeBillsWeightUS457ShowLoadedShipmentOnGrid"/>
  <testcase name="PrepopValuesLoadingTrailerAndSummarizeBillsWeight2" time="3.967" classname="LdgScreen.US461PrepopValuesLoadingTrailerAndUS465SummarizeBillsWeightUS457ShowLoadedShipmentOnGrid"/>
  <testcase name="PrepopValuesLoadingTrailerAndSummarizeBillsWeight2" time="3.858" classname="LdgScreen.US461PrepopValuesLoadingTrailerAndUS465SummarizeBillsWeightUS457ShowLoadedShipmentOnGrid"/>
  <testcase name="PrepopValuesLoadingTrailerAndSummarizeBillsWeight2" time="3.869" classname="LdgScreen.US461PrepopValuesLoadingTrailerAndUS465SummarizeBillsWeightUS457ShowLoadedShipmentOnGrid"/>
  <testcase name="PrepopValuesLoadingTrailerAndSummarizeBillsWeight2" time="3.988" classname="LdgScreen.US461PrepopValuesLoadingTrailerAndUS465SummarizeBillsWeightUS457ShowLoadedShipmentOnGrid"/>
  <testcase name="PrepopValuesLoadingTrailerAndSummarizeBillsWeight2" time="3.883" classname="LdgScreen.US461PrepopValuesLoadingTrailerAndUS465SummarizeBillsWeightUS457ShowLoadedShipmentOnGrid"/>
  <testcase name="PrepopValuesLoadingTrailerAndSummarizeBillsWeight2" time="3.698" classname="LdgScreen.US461PrepopValuesLoadingTrailerAndUS465SummarizeBillsWeightUS457ShowLoadedShipmentOnGrid"/>
  <testcase name="PrepopValuesLoadingTrailerAndSummarizeBillsWeight2" time="3.711" classname="LdgScreen.US461PrepopValuesLoadingTrailerAndUS465SummarizeBillsWeightUS457ShowLoadedShipmentOnGrid"/>
  <testcase name="PrepopValuesLoadingTrailerAndSummarizeBillsWeight2" time="3.682" classname="LdgScreen.US461PrepopValuesLoadingTrailerAndUS465SummarizeBillsWeightUS457ShowLoadedShipmentOnGrid"/>
  <testcase name="PrepopValuesLoadingTrailerAndSummarizeBillsWeight2" time="3.702" classname="LdgScreen.US461PrepopValuesLoadingTrailerAndUS465SummarizeBillsWeightUS457ShowLoadedShipmentOnGrid"/>
  <testcase name="PrepopValuesLoadingTrailerAndSummarizeBillsWeight2" time="3.835" classname="LdgScreen.US461PrepopValuesLoadingTrailerAndUS465SummarizeBillsWeightUS457ShowLoadedShipmentOnGrid"/>
  <testcase name="PrepopValuesLoadingTrailerAndSummarizeBillsWeight2" time="3.738" classname="LdgScreen.US461PrepopValuesLoadingTrailerAndUS465SummarizeBillsWeightUS457ShowLoadedShipmentOnGrid"/>
  <testcase name="PrepopValuesLoadingTrailerAndSummarizeBillsWeight2" time="4.024" classname="LdgScreen.US461PrepopValuesLoadingTrailerAndUS465SummarizeBillsWeightUS457ShowLoadedShipmentOnGrid"/>
  <testcase name="PrepopValuesLoadingTrailerAndSummarizeBillsWeight2" time="3.851" classname="LdgScreen.US461PrepopValuesLoadingTrailerAndUS465SummarizeBillsWeightUS457ShowLoadedShipmentOnGrid"/>
  <testcase name="PrepopValuesLoadingTrailerAndSummarizeBillsWeight2" time="3.714" classname="LdgScreen.US461PrepopValuesLoadingTrailerAndUS465SummarizeBillsWeightUS457ShowLoadedShipmentOnGrid"/>
  <testcase name="PrepopValuesLoadingTrailerAndSummarizeBillsWeight2" time="9.697" classname="LdgScreen.US461PrepopValuesLoadingTrailerAndUS465SummarizeBillsWeightUS457ShowLoadedShipmentOnGrid"/>
  <testcase name="PrepopValuesLoadingTrailerAndSummarizeBillsWeight2" time="3.917" classname="LdgScreen.US461PrepopValuesLoadingTrailerAndUS465SummarizeBillsWeightUS457ShowLoadedShipmentOnGrid"/>
  <testcase name="PrepopValuesLoadingTrailerAndSummarizeBillsWeight2" time="3.717" classname="LdgScreen.US461PrepopValuesLoadingTrailerAndUS465SummarizeBillsWeightUS457ShowLoadedShipmentOnGrid"/>
  <testcase name="PrepopValuesLoadingTrailerAndSummarizeBillsWeight2" time="3.842" classname="LdgScreen.US461PrepopValuesLoadingTrailerAndUS465SummarizeBillsWeightUS457ShowLoadedShipmentOnGrid"/>
</testsuite> <!-- LdgScreen.US461PrepopValuesLoadingTrailerAndUS465SummarizeBillsWeightUS457ShowLoadedShipmentOnGrid -->
