<?xml version="1.0" encoding="UTF-8"?>
<!-- Generated by org.testng.reporters.JUnitReportReporter -->
<testsuite hostname="N700278" name="SitTest.US51212AutoSetUnloadingTrailerFromCL" tests="1" failures="0" timestamp="8 Feb 2016 16:47:04 GMT" time="39.486" errors="0">
  <testcase name="PullProFromARVTrailerInSameTerminal" time="39.486" classname="SitTest.US51212AutoSetUnloadingTrailerFromCL"/>
</testsuite> <!-- SitTest.US51212AutoSetUnloadingTrailerFromCL -->
