<?xml version="1.0" encoding="UTF-8"?>
<!-- Generated by org.testng.reporters.JUnitReportReporter -->
<testsuite hostname="N700278" name="TestCase.CLtesting.CLScreenTesting" tests="1" failures="0" timestamp="22 Aug 2016 03:51:44 GMT" time="33.761" errors="0">
  <testcase name="CLHasProSetToCL" time="33.761" classname="TestCase.CLtesting.CLScreenTesting"/>
</testsuite> <!-- TestCase.CLtesting.CLScreenTesting -->
