<?xml version="1.0" encoding="UTF-8"?>
<!-- Generated by org.testng.reporters.JUnitReportReporter -->
<testsuite hostname="N700278" name="test.trial.submit" tests="1" failures="0" timestamp="7 Jul 2016 15:28:13 GMT" time="34.739" errors="0">
  <testcase name="SetONHToUAD" time="34.739" classname="test.trial.submit"/>
</testsuite> <!-- test.trial.submit -->
