<?xml version="1.0" encoding="UTF-8"?>
<!-- Generated by org.testng.reporters.JUnitReportReporter -->
<testsuite hostname="N700278" name="LdgScreen.US439PreventProFromLoadingAlert" tests="14" failures="0" timestamp="16 Jun 2016 06:54:56 GMT" time="193.916" errors="0">
  <testcase name="VerifyVOValidation" time="7.219" classname="LdgScreen.US439PreventProFromLoadingAlert"/>
  <testcase name="VerifyMasterRevenueVlidation" time="96.643" classname="LdgScreen.US439PreventProFromLoadingAlert"/>
  <testcase name="VerifyMRValidation" time="7.197" classname="LdgScreen.US439PreventProFromLoadingAlert"/>
  <testcase name="VerifyMRValidation" time="6.831" classname="LdgScreen.US439PreventProFromLoadingAlert"/>
  <testcase name="VerifyAlreadyDeliveredValidation" time="7.236" classname="LdgScreen.US439PreventProFromLoadingAlert"/>
  <testcase name="VerifySUValidation" time="7.197" classname="LdgScreen.US439PreventProFromLoadingAlert"/>
  <testcase name="VerifySUValidation" time="7.245" classname="LdgScreen.US439PreventProFromLoadingAlert"/>
  <testcase name="VerifySUValidation" time="7.222" classname="LdgScreen.US439PreventProFromLoadingAlert"/>
  <testcase name="VerifyVOValidation" time="7.227" classname="LdgScreen.US439PreventProFromLoadingAlert"/>
  <testcase name="VerifyAlreadyDeliveredValidation" time="7.208" classname="LdgScreen.US439PreventProFromLoadingAlert"/>
  <testcase name="VerifyAlreadyDeliveredValidation" time="7.253" classname="LdgScreen.US439PreventProFromLoadingAlert"/>
  <testcase name="VerifyMRValidation" time="7.300" classname="LdgScreen.US439PreventProFromLoadingAlert"/>
  <testcase name="VerifyVOValidation" time="7.249" classname="LdgScreen.US439PreventProFromLoadingAlert"/>
  <testcase name="EnterTrailerInLdgNoShipments" time="10.889" classname="LdgScreen.US439PreventProFromLoadingAlert"/>
</testsuite> <!-- LdgScreen.US439PreventProFromLoadingAlert -->
