<?xml version="1.0" encoding="UTF-8"?>
<!-- Generated by org.testng.reporters.JUnitReportReporter -->
<testsuite hostname="N700278" name="trial10.NewTest" tests="1" failures="0" timestamp="11 May 2016 22:18:53 GMT" time="14.653" errors="0">
  <testcase name="f" time="14.653" classname="trial10.NewTest"/>
</testsuite> <!-- trial10.NewTest -->
