<?xml version="1.0" encoding="UTF-8"?>
<!-- Generated by org.testng.reporters.JUnitReportReporter -->
<testsuite hostname="N700278" name="CPUtesting.BORScreenTesting" tests="1" failures="0" timestamp="4 Apr 2016 09:02:30 GMT" time="18.286" errors="0">
  <testcase name="SetTrailerWithoutProToBor" time="18.286" classname="CPUtesting.BORScreenTesting"/>
</testsuite> <!-- CPUtesting.BORScreenTesting -->
