<?xml version="1.0" encoding="UTF-8"?>
<!-- Generated by org.testng.reporters.JUnitReportReporter -->
<testsuite hostname="N700278" name="test.trial2.TestExecute" tests="1" failures="0" timestamp="1 Aug 2016 20:50:52 GMT" time="86.920" errors="0">
  <testcase name="TestExecution" time="86.920" classname="test.trial2.TestExecute"/>
</testsuite> <!-- test.trial2.TestExecute -->
