<?xml version="1.0" encoding="UTF-8"?>
<!-- Generated by org.testng.reporters.JUnitReportReporter -->
<testsuite hostname="N700278" name="LdgScreen.US458CheckShipmentAlreadyLoadedOnTrailer" tests="1" failures="0" timestamp="16 Jun 2016 06:54:56 GMT" time="34.060" errors="0">
  <testcase name="CheckShipmentAlreadyLoadedOnTrailer" time="34.060" classname="LdgScreen.US458CheckShipmentAlreadyLoadedOnTrailer"/>
</testsuite> <!-- LdgScreen.US458CheckShipmentAlreadyLoadedOnTrailer -->
