<?xml version="1.0" encoding="UTF-8"?>
<!-- Generated by org.testng.reporters.JUnitReportReporter -->
<testsuite hostname="N700278" name="TestCase.LdgScreen.US458CheckShipmentAlreadyLoadedOnTrailer" tests="1" failures="0" timestamp="16 Aug 2016 22:01:51 GMT" time="21.761" errors="0">
  <testcase name="CheckShipmentAlreadyLoadedOnLDGTrailerWithPro" time="21.761" classname="TestCase.LdgScreen.US458CheckShipmentAlreadyLoadedOnTrailer"/>
</testsuite> <!-- TestCase.LdgScreen.US458CheckShipmentAlreadyLoadedOnTrailer -->
