<?xml version="1.0" encoding="UTF-8"?>
<!-- Generated by org.testng.reporters.JUnitReportReporter -->
<testsuite hostname="N700278" name="trial.TRIALAUTOIT" tests="1" failures="0" timestamp="25 May 2016 15:21:29 GMT" time="26.059" errors="0">
  <testcase name="f" time="26.059" classname="trial.TRIALAUTOIT"/>
</testsuite> <!-- trial.TRIALAUTOIT -->
