<?xml version="1.0" encoding="UTF-8"?>
<!-- Generated by org.testng.reporters.JUnitReportReporter -->
<testsuite hostname="N700278" name="LdgScreen.US1215QuickClose" tests="2" failures="0" timestamp="16 Jun 2016 08:02:14 GMT" time="37.463" errors="0">
  <testcase name="NONLDGTrailerWithoutPROAddPRO" time="22.293" classname="LdgScreen.US1215QuickClose"/>
  <testcase name="LDGTrailerWithPROQuickClose" time="15.170" classname="LdgScreen.US1215QuickClose"/>
</testsuite> <!-- LdgScreen.US1215QuickClose -->
