<?xml version="1.0" encoding="UTF-8"?>
<!-- Generated by org.testng.reporters.JUnitReportReporter -->
<testsuite hostname="N700278" name="UADtesting.UADScreenTesting" tests="4" failures="0" timestamp="2 May 2016 08:09:57 GMT" time="57.641" errors="0">
  <testcase name="SetNOTONHToUAD" time="10.840" classname="UADtesting.UADScreenTesting"/>
  <testcase name="SmartEnterSetNOTONHToUAD" time="9.674" classname="UADtesting.UADScreenTesting"/>
  <testcase name="SmartEnterSetONHToUAD" time="9.392" classname="UADtesting.UADScreenTesting"/>
  <testcase name="SetONHToUAD" time="27.735" classname="UADtesting.UADScreenTesting"/>
</testsuite> <!-- UADtesting.UADScreenTesting -->
