<?xml version="1.0" encoding="UTF-8"?>
<!-- Generated by org.testng.reporters.JUnitReportReporter -->
<testsuite hostname="N700278" name="TestCase.ReusableFunctionTest.US200057EvaluateStatusTransitions" tests="20" failures="0" timestamp="18 Aug 2016 18:19:22 GMT" time="97.397" errors="0">
  <testcase name="VerifyInvalidStatusTransition" time="5.076" classname="TestCase.ReusableFunctionTest.US200057EvaluateStatusTransitions"/>
  <testcase name="VerifyInvalidStatusTransition" time="5.035" classname="TestCase.ReusableFunctionTest.US200057EvaluateStatusTransitions"/>
  <testcase name="VerifyInvalidStatusTransition" time="5.038" classname="TestCase.ReusableFunctionTest.US200057EvaluateStatusTransitions"/>
  <testcase name="VerifyInvalidStatusTransition" time="3.034" classname="TestCase.ReusableFunctionTest.US200057EvaluateStatusTransitions"/>
  <testcase name="VerifyInvalidStatusTransition" time="5.069" classname="TestCase.ReusableFunctionTest.US200057EvaluateStatusTransitions"/>
  <testcase name="VerifyInvalidStatusTransition" time="5.070" classname="TestCase.ReusableFunctionTest.US200057EvaluateStatusTransitions"/>
  <testcase name="VerifyInvalidStatusTransition" time="5.084" classname="TestCase.ReusableFunctionTest.US200057EvaluateStatusTransitions"/>
  <testcase name="VerifyInvalidStatusTransition" time="5.047" classname="TestCase.ReusableFunctionTest.US200057EvaluateStatusTransitions"/>
  <testcase name="VerifyInvalidStatusTransition" time="5.004" classname="TestCase.ReusableFunctionTest.US200057EvaluateStatusTransitions"/>
  <testcase name="VerifyInvalidStatusTransition" time="5.009" classname="TestCase.ReusableFunctionTest.US200057EvaluateStatusTransitions"/>
  <testcase name="VerifyInvalidStatusTransition" time="5.116" classname="TestCase.ReusableFunctionTest.US200057EvaluateStatusTransitions"/>
  <testcase name="VerifyInvalidStatusTransition" time="5.077" classname="TestCase.ReusableFunctionTest.US200057EvaluateStatusTransitions"/>
  <testcase name="VerifyInvalidStatusTransition" time="3.250" classname="TestCase.ReusableFunctionTest.US200057EvaluateStatusTransitions"/>
  <testcase name="VerifyInvalidStatusTransition" time="5.066" classname="TestCase.ReusableFunctionTest.US200057EvaluateStatusTransitions"/>
  <testcase name="VerifyInvalidStatusTransition" time="5.091" classname="TestCase.ReusableFunctionTest.US200057EvaluateStatusTransitions"/>
  <testcase name="VerifyInvalidStatusTransition" time="5.093" classname="TestCase.ReusableFunctionTest.US200057EvaluateStatusTransitions"/>
  <testcase name="VerifyInvalidStatusTransition" time="5.076" classname="TestCase.ReusableFunctionTest.US200057EvaluateStatusTransitions"/>
  <testcase name="VerifyInvalidStatusTransition" time="5.049" classname="TestCase.ReusableFunctionTest.US200057EvaluateStatusTransitions"/>
  <testcase name="VerifyInvalidStatusTransition" time="5.079" classname="TestCase.ReusableFunctionTest.US200057EvaluateStatusTransitions"/>
  <testcase name="VerifyInvalidStatusTransition" time="5.034" classname="TestCase.ReusableFunctionTest.US200057EvaluateStatusTransitions"/>
</testsuite> <!-- TestCase.ReusableFunctionTest.US200057EvaluateStatusTransitions -->
