<?xml version="1.0" encoding="UTF-8"?>
<!-- Generated by org.testng.reporters.JUnitReportReporter -->
<testsuite hostname="N700278" name="trial.NewTest1" tests="1" failures="0" timestamp="12 Feb 2016 22:59:55 GMT" time="0.023" errors="0">
  <testcase name="r" time="0.023" classname="trial.NewTest1"/>
</testsuite> <!-- trial.NewTest1 -->
