<?xml version="1.0" encoding="UTF-8"?>
<!-- Generated by org.testng.reporters.JUnitReportReporter -->
<testsuite hostname="N700278" name="Test.US20006FoodAndPoisWarning" tests="1" failures="0" timestamp="19 Sep 2015 18:53:52 GMT" time="0.006" errors="0">
  <testcase name="f" time="0.006" classname="Test.US20006FoodAndPoisWarning"/>
</testsuite> <!-- Test.US20006FoodAndPoisWarning -->
