<?xml version="1.0" encoding="UTF-8"?>
<!-- Generated by org.testng.reporters.JUnitReportReporter -->
<testsuite hostname="N700278" name="Test.US461PrepopValuesLoadingTrailerAndUS465SummarizeBillsWeight" tests="89" failures="0" timestamp="27 Sep 2015 07:33:43 GMT" time="190.267" errors="0">
  <testcase name="PrepopValuesLoadingTrailerAndSummarizeBillsWeight" time="2.713" classname="Test.US461PrepopValuesLoadingTrailerAndUS465SummarizeBillsWeight"/>
  <testcase name="PrepopValuesLoadingTrailerAndSummarizeBillsWeight" time="3.469" classname="Test.US461PrepopValuesLoadingTrailerAndUS465SummarizeBillsWeight"/>
  <testcase name="PrepopValuesLoadingTrailerAndSummarizeBillsWeight" time="1.065" classname="Test.US461PrepopValuesLoadingTrailerAndUS465SummarizeBillsWeight"/>
  <testcase name="PrepopValuesLoadingTrailerAndSummarizeBillsWeight" time="20.326" classname="Test.US461PrepopValuesLoadingTrailerAndUS465SummarizeBillsWeight"/>
  <testcase name="PrepopValuesLoadingTrailerAndSummarizeBillsWeight" time="3.489" classname="Test.US461PrepopValuesLoadingTrailerAndUS465SummarizeBillsWeight"/>
  <testcase name="PrepopValuesLoadingTrailerAndSummarizeBillsWeight" time="1.314" classname="Test.US461PrepopValuesLoadingTrailerAndUS465SummarizeBillsWeight"/>
  <testcase name="PrepopValuesLoadingTrailerAndSummarizeBillsWeight" time="1.152" classname="Test.US461PrepopValuesLoadingTrailerAndUS465SummarizeBillsWeight"/>
  <testcase name="PrepopValuesLoadingTrailerAndSummarizeBillsWeight" time="1.096" classname="Test.US461PrepopValuesLoadingTrailerAndUS465SummarizeBillsWeight"/>
  <testcase name="PrepopValuesLoadingTrailerAndSummarizeBillsWeight" time="1.138" classname="Test.US461PrepopValuesLoadingTrailerAndUS465SummarizeBillsWeight"/>
  <testcase name="PrepopValuesLoadingTrailerAndSummarizeBillsWeight" time="1.088" classname="Test.US461PrepopValuesLoadingTrailerAndUS465SummarizeBillsWeight"/>
  <testcase name="PrepopValuesLoadingTrailerAndSummarizeBillsWeight" time="1.277" classname="Test.US461PrepopValuesLoadingTrailerAndUS465SummarizeBillsWeight"/>
  <testcase name="PrepopValuesLoadingTrailerAndSummarizeBillsWeight" time="1.076" classname="Test.US461PrepopValuesLoadingTrailerAndUS465SummarizeBillsWeight"/>
  <testcase name="PrepopValuesLoadingTrailerAndSummarizeBillsWeight" time="1.092" classname="Test.US461PrepopValuesLoadingTrailerAndUS465SummarizeBillsWeight"/>
  <testcase name="PrepopValuesLoadingTrailerAndSummarizeBillsWeight" time="1.091" classname="Test.US461PrepopValuesLoadingTrailerAndUS465SummarizeBillsWeight"/>
  <testcase name="PrepopValuesLoadingTrailerAndSummarizeBillsWeight" time="1.143" classname="Test.US461PrepopValuesLoadingTrailerAndUS465SummarizeBillsWeight"/>
  <testcase name="PrepopValuesLoadingTrailerAndSummarizeBillsWeight" time="2.230" classname="Test.US461PrepopValuesLoadingTrailerAndUS465SummarizeBillsWeight"/>
  <testcase name="PrepopValuesLoadingTrailerAndSummarizeBillsWeight" time="5.094" classname="Test.US461PrepopValuesLoadingTrailerAndUS465SummarizeBillsWeight"/>
  <testcase name="PrepopValuesLoadingTrailerAndSummarizeBillsWeight" time="4.575" classname="Test.US461PrepopValuesLoadingTrailerAndUS465SummarizeBillsWeight"/>
  <testcase name="PrepopValuesLoadingTrailerAndSummarizeBillsWeight" time="1.113" classname="Test.US461PrepopValuesLoadingTrailerAndUS465SummarizeBillsWeight"/>
  <testcase name="PrepopValuesLoadingTrailerAndSummarizeBillsWeight" time="1.105" classname="Test.US461PrepopValuesLoadingTrailerAndUS465SummarizeBillsWeight"/>
  <testcase name="PrepopValuesLoadingTrailerAndSummarizeBillsWeight" time="3.953" classname="Test.US461PrepopValuesLoadingTrailerAndUS465SummarizeBillsWeight"/>
  <testcase name="PrepopValuesLoadingTrailerAndSummarizeBillsWeight" time="2.785" classname="Test.US461PrepopValuesLoadingTrailerAndUS465SummarizeBillsWeight"/>
  <testcase name="PrepopValuesLoadingTrailerAndSummarizeBillsWeight" time="3.507" classname="Test.US461PrepopValuesLoadingTrailerAndUS465SummarizeBillsWeight"/>
  <testcase name="PrepopValuesLoadingTrailerAndSummarizeBillsWeight" time="1.095" classname="Test.US461PrepopValuesLoadingTrailerAndUS465SummarizeBillsWeight"/>
  <testcase name="PrepopValuesLoadingTrailerAndSummarizeBillsWeight" time="3.624" classname="Test.US461PrepopValuesLoadingTrailerAndUS465SummarizeBillsWeight"/>
  <testcase name="PrepopValuesLoadingTrailerAndSummarizeBillsWeight" time="2.161" classname="Test.US461PrepopValuesLoadingTrailerAndUS465SummarizeBillsWeight"/>
  <testcase name="PrepopValuesLoadingTrailerAndSummarizeBillsWeight" time="1.320" classname="Test.US461PrepopValuesLoadingTrailerAndUS465SummarizeBillsWeight"/>
  <testcase name="PrepopValuesLoadingTrailerAndSummarizeBillsWeight" time="1.224" classname="Test.US461PrepopValuesLoadingTrailerAndUS465SummarizeBillsWeight"/>
  <testcase name="PrepopValuesLoadingTrailerAndSummarizeBillsWeight" time="2.136" classname="Test.US461PrepopValuesLoadingTrailerAndUS465SummarizeBillsWeight"/>
  <testcase name="PrepopValuesLoadingTrailerAndSummarizeBillsWeight" time="1.092" classname="Test.US461PrepopValuesLoadingTrailerAndUS465SummarizeBillsWeight"/>
  <testcase name="PrepopValuesLoadingTrailerAndSummarizeBillsWeight" time="1.130" classname="Test.US461PrepopValuesLoadingTrailerAndUS465SummarizeBillsWeight"/>
  <testcase name="PrepopValuesLoadingTrailerAndSummarizeBillsWeight" time="1.161" classname="Test.US461PrepopValuesLoadingTrailerAndUS465SummarizeBillsWeight"/>
  <testcase name="PrepopValuesLoadingTrailerAndSummarizeBillsWeight" time="1.117" classname="Test.US461PrepopValuesLoadingTrailerAndUS465SummarizeBillsWeight"/>
  <testcase name="PrepopValuesLoadingTrailerAndSummarizeBillsWeight" time="1.130" classname="Test.US461PrepopValuesLoadingTrailerAndUS465SummarizeBillsWeight"/>
  <testcase name="PrepopValuesLoadingTrailerAndSummarizeBillsWeight" time="1.206" classname="Test.US461PrepopValuesLoadingTrailerAndUS465SummarizeBillsWeight"/>
  <testcase name="PrepopValuesLoadingTrailerAndSummarizeBillsWeight" time="3.772" classname="Test.US461PrepopValuesLoadingTrailerAndUS465SummarizeBillsWeight"/>
  <testcase name="PrepopValuesLoadingTrailerAndSummarizeBillsWeight" time="1.082" classname="Test.US461PrepopValuesLoadingTrailerAndUS465SummarizeBillsWeight"/>
  <testcase name="PrepopValuesLoadingTrailerAndSummarizeBillsWeight" time="2.256" classname="Test.US461PrepopValuesLoadingTrailerAndUS465SummarizeBillsWeight"/>
  <testcase name="PrepopValuesLoadingTrailerAndSummarizeBillsWeight" time="1.102" classname="Test.US461PrepopValuesLoadingTrailerAndUS465SummarizeBillsWeight"/>
  <testcase name="PrepopValuesLoadingTrailerAndSummarizeBillsWeight" time="3.874" classname="Test.US461PrepopValuesLoadingTrailerAndUS465SummarizeBillsWeight"/>
  <testcase name="PrepopValuesLoadingTrailerAndSummarizeBillsWeight" time="1.112" classname="Test.US461PrepopValuesLoadingTrailerAndUS465SummarizeBillsWeight"/>
  <testcase name="PrepopValuesLoadingTrailerAndSummarizeBillsWeight" time="1.117" classname="Test.US461PrepopValuesLoadingTrailerAndUS465SummarizeBillsWeight"/>
  <testcase name="PrepopValuesLoadingTrailerAndSummarizeBillsWeight" time="3.576" classname="Test.US461PrepopValuesLoadingTrailerAndUS465SummarizeBillsWeight"/>
  <testcase name="PrepopValuesLoadingTrailerAndSummarizeBillsWeight" time="1.082" classname="Test.US461PrepopValuesLoadingTrailerAndUS465SummarizeBillsWeight"/>
  <testcase name="PrepopValuesLoadingTrailerAndSummarizeBillsWeight" time="1.658" classname="Test.US461PrepopValuesLoadingTrailerAndUS465SummarizeBillsWeight"/>
  <testcase name="PrepopValuesLoadingTrailerAndSummarizeBillsWeight" time="2.991" classname="Test.US461PrepopValuesLoadingTrailerAndUS465SummarizeBillsWeight"/>
  <testcase name="PrepopValuesLoadingTrailerAndSummarizeBillsWeight" time="1.305" classname="Test.US461PrepopValuesLoadingTrailerAndUS465SummarizeBillsWeight"/>
  <testcase name="PrepopValuesLoadingTrailerAndSummarizeBillsWeight" time="3.319" classname="Test.US461PrepopValuesLoadingTrailerAndUS465SummarizeBillsWeight"/>
  <testcase name="PrepopValuesLoadingTrailerAndSummarizeBillsWeight" time="1.059" classname="Test.US461PrepopValuesLoadingTrailerAndUS465SummarizeBillsWeight"/>
  <testcase name="PrepopValuesLoadingTrailerAndSummarizeBillsWeight" time="1.180" classname="Test.US461PrepopValuesLoadingTrailerAndUS465SummarizeBillsWeight"/>
  <testcase name="PrepopValuesLoadingTrailerAndSummarizeBillsWeight" time="1.129" classname="Test.US461PrepopValuesLoadingTrailerAndUS465SummarizeBillsWeight"/>
  <testcase name="PrepopValuesLoadingTrailerAndSummarizeBillsWeight" time="1.104" classname="Test.US461PrepopValuesLoadingTrailerAndUS465SummarizeBillsWeight"/>
  <testcase name="PrepopValuesLoadingTrailerAndSummarizeBillsWeight" time="1.129" classname="Test.US461PrepopValuesLoadingTrailerAndUS465SummarizeBillsWeight"/>
  <testcase name="PrepopValuesLoadingTrailerAndSummarizeBillsWeight" time="3.013" classname="Test.US461PrepopValuesLoadingTrailerAndUS465SummarizeBillsWeight"/>
  <testcase name="PrepopValuesLoadingTrailerAndSummarizeBillsWeight" time="1.106" classname="Test.US461PrepopValuesLoadingTrailerAndUS465SummarizeBillsWeight"/>
  <testcase name="PrepopValuesLoadingTrailerAndSummarizeBillsWeight" time="1.157" classname="Test.US461PrepopValuesLoadingTrailerAndUS465SummarizeBillsWeight"/>
  <testcase name="PrepopValuesLoadingTrailerAndSummarizeBillsWeight" time="1.191" classname="Test.US461PrepopValuesLoadingTrailerAndUS465SummarizeBillsWeight"/>
  <testcase name="PrepopValuesLoadingTrailerAndSummarizeBillsWeight" time="1.128" classname="Test.US461PrepopValuesLoadingTrailerAndUS465SummarizeBillsWeight"/>
  <testcase name="PrepopValuesLoadingTrailerAndSummarizeBillsWeight" time="3.459" classname="Test.US461PrepopValuesLoadingTrailerAndUS465SummarizeBillsWeight"/>
  <testcase name="PrepopValuesLoadingTrailerAndSummarizeBillsWeight" time="2.782" classname="Test.US461PrepopValuesLoadingTrailerAndUS465SummarizeBillsWeight"/>
  <testcase name="PrepopValuesLoadingTrailerAndSummarizeBillsWeight" time="3.489" classname="Test.US461PrepopValuesLoadingTrailerAndUS465SummarizeBillsWeight"/>
  <testcase name="PrepopValuesLoadingTrailerAndSummarizeBillsWeight" time="2.430" classname="Test.US461PrepopValuesLoadingTrailerAndUS465SummarizeBillsWeight"/>
  <testcase name="PrepopValuesLoadingTrailerAndSummarizeBillsWeight" time="1.134" classname="Test.US461PrepopValuesLoadingTrailerAndUS465SummarizeBillsWeight"/>
  <testcase name="PrepopValuesLoadingTrailerAndSummarizeBillsWeight" time="1.155" classname="Test.US461PrepopValuesLoadingTrailerAndUS465SummarizeBillsWeight"/>
  <testcase name="PrepopValuesLoadingTrailerAndSummarizeBillsWeight" time="1.134" classname="Test.US461PrepopValuesLoadingTrailerAndUS465SummarizeBillsWeight"/>
  <testcase name="PrepopValuesLoadingTrailerAndSummarizeBillsWeight" time="1.115" classname="Test.US461PrepopValuesLoadingTrailerAndUS465SummarizeBillsWeight"/>
  <testcase name="PrepopValuesLoadingTrailerAndSummarizeBillsWeight" time="1.112" classname="Test.US461PrepopValuesLoadingTrailerAndUS465SummarizeBillsWeight"/>
  <testcase name="PrepopValuesLoadingTrailerAndSummarizeBillsWeight" time="4.322" classname="Test.US461PrepopValuesLoadingTrailerAndUS465SummarizeBillsWeight"/>
  <testcase name="PrepopValuesLoadingTrailerAndSummarizeBillsWeight" time="1.188" classname="Test.US461PrepopValuesLoadingTrailerAndUS465SummarizeBillsWeight"/>
  <testcase name="PrepopValuesLoadingTrailerAndSummarizeBillsWeight" time="3.447" classname="Test.US461PrepopValuesLoadingTrailerAndUS465SummarizeBillsWeight"/>
  <testcase name="PrepopValuesLoadingTrailerAndSummarizeBillsWeight" time="1.132" classname="Test.US461PrepopValuesLoadingTrailerAndUS465SummarizeBillsWeight"/>
  <testcase name="PrepopValuesLoadingTrailerAndSummarizeBillsWeight" time="1.230" classname="Test.US461PrepopValuesLoadingTrailerAndUS465SummarizeBillsWeight"/>
  <testcase name="PrepopValuesLoadingTrailerAndSummarizeBillsWeight" time="1.129" classname="Test.US461PrepopValuesLoadingTrailerAndUS465SummarizeBillsWeight"/>
  <testcase name="PrepopValuesLoadingTrailerAndSummarizeBillsWeight" time="1.107" classname="Test.US461PrepopValuesLoadingTrailerAndUS465SummarizeBillsWeight"/>
  <testcase name="PrepopValuesLoadingTrailerAndSummarizeBillsWeight" time="2.461" classname="Test.US461PrepopValuesLoadingTrailerAndUS465SummarizeBillsWeight"/>
  <testcase name="PrepopValuesLoadingTrailerAndSummarizeBillsWeight" time="2.193" classname="Test.US461PrepopValuesLoadingTrailerAndUS465SummarizeBillsWeight"/>
  <testcase name="PrepopValuesLoadingTrailerAndSummarizeBillsWeight" time="3.305" classname="Test.US461PrepopValuesLoadingTrailerAndUS465SummarizeBillsWeight"/>
  <testcase name="PrepopValuesLoadingTrailerAndSummarizeBillsWeight" time="2.629" classname="Test.US461PrepopValuesLoadingTrailerAndUS465SummarizeBillsWeight"/>
  <testcase name="PrepopValuesLoadingTrailerAndSummarizeBillsWeight" time="1.090" classname="Test.US461PrepopValuesLoadingTrailerAndUS465SummarizeBillsWeight"/>
  <testcase name="PrepopValuesLoadingTrailerAndSummarizeBillsWeight" time="3.810" classname="Test.US461PrepopValuesLoadingTrailerAndUS465SummarizeBillsWeight"/>
  <testcase name="PrepopValuesLoadingTrailerAndSummarizeBillsWeight" time="1.085" classname="Test.US461PrepopValuesLoadingTrailerAndUS465SummarizeBillsWeight"/>
  <testcase name="PrepopValuesLoadingTrailerAndSummarizeBillsWeight" time="1.298" classname="Test.US461PrepopValuesLoadingTrailerAndUS465SummarizeBillsWeight"/>
  <testcase name="PrepopValuesLoadingTrailerAndSummarizeBillsWeight" time="1.181" classname="Test.US461PrepopValuesLoadingTrailerAndUS465SummarizeBillsWeight"/>
  <testcase name="PrepopValuesLoadingTrailerAndSummarizeBillsWeight" time="3.995" classname="Test.US461PrepopValuesLoadingTrailerAndUS465SummarizeBillsWeight"/>
  <testcase name="PrepopValuesLoadingTrailerAndSummarizeBillsWeight" time="1.099" classname="Test.US461PrepopValuesLoadingTrailerAndUS465SummarizeBillsWeight"/>
  <testcase name="PrepopValuesLoadingTrailerAndSummarizeBillsWeight" time="1.088" classname="Test.US461PrepopValuesLoadingTrailerAndUS465SummarizeBillsWeight"/>
  <testcase name="PrepopValuesLoadingTrailerAndSummarizeBillsWeight" time="1.096" classname="Test.US461PrepopValuesLoadingTrailerAndUS465SummarizeBillsWeight"/>
  <testcase name="PrepopValuesLoadingTrailerAndSummarizeBillsWeight" time="1.190" classname="Test.US461PrepopValuesLoadingTrailerAndUS465SummarizeBillsWeight"/>
  <testcase name="PrepopValuesLoadingTrailerAndSummarizeBillsWeight" time="4.653" classname="Test.US461PrepopValuesLoadingTrailerAndUS465SummarizeBillsWeight"/>
</testsuite> <!-- Test.US461PrepopValuesLoadingTrailerAndUS465SummarizeBillsWeight -->
