<?xml version="1.0" encoding="UTF-8"?>
<!-- Generated by org.testng.reporters.JUnitReportReporter -->
<testsuite hostname="N700278" name="TestCase.CLtesting.US439PreventProFromLoadingAlert" tests="21" failures="0" timestamp="18 Aug 2016 20:43:21 GMT" time="151.018" errors="0">
  <testcase name="VerifyMRValidation" time="4.277" classname="TestCase.CLtesting.US439PreventProFromLoadingAlert"/>
  <testcase name="VerifyMRValidation" time="6.349" classname="TestCase.CLtesting.US439PreventProFromLoadingAlert"/>
  <testcase name="VerifyAlreadyDeliveredValidation" time="4.739" classname="TestCase.CLtesting.US439PreventProFromLoadingAlert"/>
  <testcase name="VerifyInbondProToUS" time="4.848" classname="TestCase.CLtesting.US439PreventProFromLoadingAlert"/>
  <testcase name="VerifyVOValidation" time="4.380" classname="TestCase.CLtesting.US439PreventProFromLoadingAlert"/>
  <testcase name="EnterTrailerInCLStatusNoProAtCan" time="4.908" classname="TestCase.CLtesting.US439PreventProFromLoadingAlert"/>
  <testcase name="VerifyInbondProToUS" time="4.861" classname="TestCase.CLtesting.US439PreventProFromLoadingAlert"/>
  <testcase name="VerifySUValidation" time="4.703" classname="TestCase.CLtesting.US439PreventProFromLoadingAlert"/>
  <testcase name="VerifyInbondProToCAN" time="4.355" classname="TestCase.CLtesting.US439PreventProFromLoadingAlert"/>
  <testcase name="VerifyInbondProToCAN" time="4.613" classname="TestCase.CLtesting.US439PreventProFromLoadingAlert"/>
  <testcase name="VerifyMRValidation" time="4.688" classname="TestCase.CLtesting.US439PreventProFromLoadingAlert"/>
  <testcase name="VerifyInbondProToCAN" time="6.915" classname="TestCase.CLtesting.US439PreventProFromLoadingAlert"/>
  <testcase name="VerifyInbondProToUS" time="4.276" classname="TestCase.CLtesting.US439PreventProFromLoadingAlert"/>
  <testcase name="VerifyVOValidation" time="4.732" classname="TestCase.CLtesting.US439PreventProFromLoadingAlert"/>
  <testcase name="VerifyVOValidation" time="4.178" classname="TestCase.CLtesting.US439PreventProFromLoadingAlert"/>
  <testcase name="VerifyMasterRevenueValidationCLWithoutPro" time="55.689" classname="TestCase.CLtesting.US439PreventProFromLoadingAlert"/>
  <testcase name="VerifyAlreadyDeliveredValidation" time="4.208" classname="TestCase.CLtesting.US439PreventProFromLoadingAlert"/>
  <testcase name="VerifySUValidation" time="4.650" classname="TestCase.CLtesting.US439PreventProFromLoadingAlert"/>
  <testcase name="EnterTrailerInCLWithoutPro" time="5.068" classname="TestCase.CLtesting.US439PreventProFromLoadingAlert"/>
  <testcase name="VerifyAlreadyDeliveredValidation" time="4.419" classname="TestCase.CLtesting.US439PreventProFromLoadingAlert"/>
  <testcase name="VerifySUValidation" time="4.162" classname="TestCase.CLtesting.US439PreventProFromLoadingAlert"/>
</testsuite> <!-- TestCase.CLtesting.US439PreventProFromLoadingAlert -->
