<?xml version="1.0" encoding="UTF-8"?>
<!-- Generated by org.testng.reporters.JUnitReportReporter -->
<testsuite hostname="N700278" name="LDDscreen.US200091SmartEnterLDD" tests="1" failures="0" timestamp="28 Apr 2016 21:02:17 GMT" time="26.133" errors="0">
  <testcase name="LDDTrailerWithoutProNoChange" time="26.133" classname="LDDscreen.US200091SmartEnterLDD"/>
</testsuite> <!-- LDDscreen.US200091SmartEnterLDD -->
