<?xml version="1.0" encoding="UTF-8"?>
<!-- Generated by org.testng.reporters.JUnitReportReporter -->
<testsuite hostname="N700278" name="trial.trial" tests="1" failures="0" timestamp="13 Dec 2015 05:37:17 GMT" time="0.102" errors="0">
  <testcase name="f" time="0.102" classname="trial.trial"/>
</testsuite> <!-- trial.trial -->
