<?xml version="1.0" encoding="UTF-8"?>
<!-- Generated by org.testng.reporters.JUnitReportReporter -->
<testsuite hostname="N700278" name="trial2.TestExecute" tests="1" failures="0" timestamp="25 May 2016 20:09:01 GMT" time="115.649" errors="0">
  <testcase name="TestExecution" time="115.649" classname="trial2.TestExecute"/>
</testsuite> <!-- trial2.TestExecute -->
