<?xml version="1.0" encoding="UTF-8"?>
<!-- Generated by org.testng.reporters.JUnitReportReporter -->
<testsuite hostname="N700278" name="SitTest.US1212and1211SummarizeSeriviceAndFlagOnTrailer" tests="1" failures="0" timestamp="9 Nov 2015 19:51:21 GMT" time="11.585" errors="0">
  <testcase name="VerifyTheLegendDisplay" time="11.585" classname="SitTest.US1212and1211SummarizeSeriviceAndFlagOnTrailer"/>
</testsuite> <!-- SitTest.US1212and1211SummarizeSeriviceAndFlagOnTrailer -->
