<?xml version="1.0" encoding="UTF-8"?>
<!-- Generated by org.testng.reporters.JUnitReportReporter -->
<testsuite hostname="N700278" name="TestCase.ReusableFunctionTest.US200058ValidateTrailerAtStatusingLocation" tests="40" failures="0" timestamp="11 Aug 2016 22:12:47 GMT" time="186.106" errors="0">
  <testcase name="VerifyInvalidStatusLocation" time="5.116" classname="TestCase.ReusableFunctionTest.US200058ValidateTrailerAtStatusingLocation"/>
  <testcase name="VerifyValidStatusLocation" time="4.088" classname="TestCase.ReusableFunctionTest.US200058ValidateTrailerAtStatusingLocation"/>
  <testcase name="VerifyInvalidStatusLocation" time="5.069" classname="TestCase.ReusableFunctionTest.US200058ValidateTrailerAtStatusingLocation"/>
  <testcase name="VerifyValidStatusLocation" time="4.108" classname="TestCase.ReusableFunctionTest.US200058ValidateTrailerAtStatusingLocation"/>
  <testcase name="VerifyInvalidStatusLocation" time="5.120" classname="TestCase.ReusableFunctionTest.US200058ValidateTrailerAtStatusingLocation"/>
  <testcase name="VerifyInvalidStatusLocation" time="5.113" classname="TestCase.ReusableFunctionTest.US200058ValidateTrailerAtStatusingLocation"/>
  <testcase name="VerifyValidStatusLocation" time="4.091" classname="TestCase.ReusableFunctionTest.US200058ValidateTrailerAtStatusingLocation"/>
  <testcase name="VerifyInvalidStatusLocation" time="5.284" classname="TestCase.ReusableFunctionTest.US200058ValidateTrailerAtStatusingLocation"/>
  <testcase name="VerifyValidStatusLocation" time="4.224" classname="TestCase.ReusableFunctionTest.US200058ValidateTrailerAtStatusingLocation"/>
  <testcase name="VerifyInvalidStatusLocation" time="5.090" classname="TestCase.ReusableFunctionTest.US200058ValidateTrailerAtStatusingLocation"/>
  <testcase name="VerifyValidStatusLocation" time="4.080" classname="TestCase.ReusableFunctionTest.US200058ValidateTrailerAtStatusingLocation"/>
  <testcase name="VerifyInvalidStatusLocation" time="5.215" classname="TestCase.ReusableFunctionTest.US200058ValidateTrailerAtStatusingLocation"/>
  <testcase name="VerifyInvalidStatusLocation" time="5.102" classname="TestCase.ReusableFunctionTest.US200058ValidateTrailerAtStatusingLocation"/>
  <testcase name="VerifyInvalidStatusLocation" time="5.298" classname="TestCase.ReusableFunctionTest.US200058ValidateTrailerAtStatusingLocation"/>
  <testcase name="VerifyInvalidStatusLocation" time="5.100" classname="TestCase.ReusableFunctionTest.US200058ValidateTrailerAtStatusingLocation"/>
  <testcase name="VerifyValidStatusLocation" time="4.139" classname="TestCase.ReusableFunctionTest.US200058ValidateTrailerAtStatusingLocation"/>
  <testcase name="VerifyInvalidStatusLocation" time="5.163" classname="TestCase.ReusableFunctionTest.US200058ValidateTrailerAtStatusingLocation"/>
  <testcase name="VerifyValidStatusLocation" time="4.079" classname="TestCase.ReusableFunctionTest.US200058ValidateTrailerAtStatusingLocation"/>
  <testcase name="VerifyValidStatusLocation" time="4.276" classname="TestCase.ReusableFunctionTest.US200058ValidateTrailerAtStatusingLocation"/>
  <testcase name="VerifyValidStatusLocation" time="4.093" classname="TestCase.ReusableFunctionTest.US200058ValidateTrailerAtStatusingLocation"/>
  <testcase name="VerifyValidStatusLocation" time="4.115" classname="TestCase.ReusableFunctionTest.US200058ValidateTrailerAtStatusingLocation"/>
  <testcase name="VerifyInvalidStatusLocation" time="5.104" classname="TestCase.ReusableFunctionTest.US200058ValidateTrailerAtStatusingLocation"/>
  <testcase name="VerifyValidStatusLocation" time="4.132" classname="TestCase.ReusableFunctionTest.US200058ValidateTrailerAtStatusingLocation"/>
  <testcase name="VerifyValidStatusLocation" time="4.146" classname="TestCase.ReusableFunctionTest.US200058ValidateTrailerAtStatusingLocation"/>
  <testcase name="VerifyInvalidStatusLocation" time="5.172" classname="TestCase.ReusableFunctionTest.US200058ValidateTrailerAtStatusingLocation"/>
  <testcase name="VerifyValidStatusLocation" time="4.150" classname="TestCase.ReusableFunctionTest.US200058ValidateTrailerAtStatusingLocation"/>
  <testcase name="VerifyValidStatusLocation" time="4.111" classname="TestCase.ReusableFunctionTest.US200058ValidateTrailerAtStatusingLocation"/>
  <testcase name="VerifyValidStatusLocation" time="4.134" classname="TestCase.ReusableFunctionTest.US200058ValidateTrailerAtStatusingLocation"/>
  <testcase name="VerifyInvalidStatusLocation" time="5.140" classname="TestCase.ReusableFunctionTest.US200058ValidateTrailerAtStatusingLocation"/>
  <testcase name="VerifyInvalidStatusLocation" time="5.124" classname="TestCase.ReusableFunctionTest.US200058ValidateTrailerAtStatusingLocation"/>
  <testcase name="VerifyInvalidStatusLocation" time="5.271" classname="TestCase.ReusableFunctionTest.US200058ValidateTrailerAtStatusingLocation"/>
  <testcase name="VerifyValidStatusLocation" time="4.181" classname="TestCase.ReusableFunctionTest.US200058ValidateTrailerAtStatusingLocation"/>
  <testcase name="VerifyValidStatusLocation" time="4.287" classname="TestCase.ReusableFunctionTest.US200058ValidateTrailerAtStatusingLocation"/>
  <testcase name="VerifyInvalidStatusLocation" time="5.475" classname="TestCase.ReusableFunctionTest.US200058ValidateTrailerAtStatusingLocation"/>
  <testcase name="VerifyInvalidStatusLocation" time="5.155" classname="TestCase.ReusableFunctionTest.US200058ValidateTrailerAtStatusingLocation"/>
  <testcase name="VerifyValidStatusLocation" time="4.110" classname="TestCase.ReusableFunctionTest.US200058ValidateTrailerAtStatusingLocation"/>
  <testcase name="VerifyValidStatusLocation" time="4.151" classname="TestCase.ReusableFunctionTest.US200058ValidateTrailerAtStatusingLocation"/>
  <testcase name="VerifyInvalidStatusLocation" time="5.094" classname="TestCase.ReusableFunctionTest.US200058ValidateTrailerAtStatusingLocation"/>
  <testcase name="VerifyInvalidStatusLocation" time="5.085" classname="TestCase.ReusableFunctionTest.US200058ValidateTrailerAtStatusingLocation"/>
  <testcase name="VerifyValidStatusLocation" time="4.121" classname="TestCase.ReusableFunctionTest.US200058ValidateTrailerAtStatusingLocation"/>
</testsuite> <!-- TestCase.ReusableFunctionTest.US200058ValidateTrailerAtStatusingLocation -->
