<?xml version="1.0" encoding="UTF-8"?>
<!-- Generated by org.testng.reporters.JUnitReportReporter -->
<testsuite hostname="N700278" name="trial.trial3" tests="1" failures="0" timestamp="4 Feb 2016 17:46:26 GMT" time="24.555" errors="0">
  <testcase name="f" time="24.555" classname="trial.trial3"/>
</testsuite> <!-- trial.trial3 -->
