<?xml version="1.0" encoding="UTF-8"?>
<!-- Generated by org.testng.reporters.JUnitReportReporter -->
<testsuite hostname="N700278" name="TestCase.ReusableFunctionTest.US200057EvaluateStatusTransitions" tests="20" failures="0" timestamp="11 Aug 2016 22:12:47 GMT" time="101.874" errors="0">
  <testcase name="VerifyInvalidStatusTransition" time="5.155" classname="TestCase.ReusableFunctionTest.US200057EvaluateStatusTransitions"/>
  <testcase name="VerifyInvalidStatusTransition" time="5.023" classname="TestCase.ReusableFunctionTest.US200057EvaluateStatusTransitions"/>
  <testcase name="VerifyInvalidStatusTransition" time="5.079" classname="TestCase.ReusableFunctionTest.US200057EvaluateStatusTransitions"/>
  <testcase name="VerifyInvalidStatusTransition" time="5.042" classname="TestCase.ReusableFunctionTest.US200057EvaluateStatusTransitions"/>
  <testcase name="VerifyInvalidStatusTransition" time="5.122" classname="TestCase.ReusableFunctionTest.US200057EvaluateStatusTransitions"/>
  <testcase name="VerifyInvalidStatusTransition" time="5.100" classname="TestCase.ReusableFunctionTest.US200057EvaluateStatusTransitions"/>
  <testcase name="VerifyInvalidStatusTransition" time="5.025" classname="TestCase.ReusableFunctionTest.US200057EvaluateStatusTransitions"/>
  <testcase name="VerifyInvalidStatusTransition" time="5.186" classname="TestCase.ReusableFunctionTest.US200057EvaluateStatusTransitions"/>
  <testcase name="VerifyInvalidStatusTransition" time="5.031" classname="TestCase.ReusableFunctionTest.US200057EvaluateStatusTransitions"/>
  <testcase name="VerifyInvalidStatusTransition" time="5.032" classname="TestCase.ReusableFunctionTest.US200057EvaluateStatusTransitions"/>
  <testcase name="VerifyInvalidStatusTransition" time="5.111" classname="TestCase.ReusableFunctionTest.US200057EvaluateStatusTransitions"/>
  <testcase name="VerifyInvalidStatusTransition" time="5.130" classname="TestCase.ReusableFunctionTest.US200057EvaluateStatusTransitions"/>
  <testcase name="VerifyInvalidStatusTransition" time="5.009" classname="TestCase.ReusableFunctionTest.US200057EvaluateStatusTransitions"/>
  <testcase name="VerifyInvalidStatusTransition" time="5.058" classname="TestCase.ReusableFunctionTest.US200057EvaluateStatusTransitions"/>
  <testcase name="VerifyInvalidStatusTransition" time="5.159" classname="TestCase.ReusableFunctionTest.US200057EvaluateStatusTransitions"/>
  <testcase name="VerifyInvalidStatusTransition" time="5.112" classname="TestCase.ReusableFunctionTest.US200057EvaluateStatusTransitions"/>
  <testcase name="VerifyInvalidStatusTransition" time="5.104" classname="TestCase.ReusableFunctionTest.US200057EvaluateStatusTransitions"/>
  <testcase name="VerifyInvalidStatusTransition" time="5.136" classname="TestCase.ReusableFunctionTest.US200057EvaluateStatusTransitions"/>
  <testcase name="VerifyInvalidStatusTransition" time="5.134" classname="TestCase.ReusableFunctionTest.US200057EvaluateStatusTransitions"/>
  <testcase name="VerifyInvalidStatusTransition" time="5.126" classname="TestCase.ReusableFunctionTest.US200057EvaluateStatusTransitions"/>
</testsuite> <!-- TestCase.ReusableFunctionTest.US200057EvaluateStatusTransitions -->
