<?xml version="1.0" encoding="UTF-8"?>
<!-- Generated by org.testng.reporters.JUnitReportReporter -->
<testsuite hostname="N700278" name="Test.US458CheckShipmentAlreadyLoadedOnTrailer" tests="5" failures="0" timestamp="29 Sep 2015 19:32:35 GMT" time="40.889" errors="0">
  <testcase name="VerifySingleProForFoodTrailer" time="4.482" classname="Test.US458CheckShipmentAlreadyLoadedOnTrailer"/>
  <testcase name="VerifySingleProForFoodTrailer" time="12.528" classname="Test.US458CheckShipmentAlreadyLoadedOnTrailer"/>
  <testcase name="VerifySingleProForFoodTrailer" time="12.466" classname="Test.US458CheckShipmentAlreadyLoadedOnTrailer"/>
  <testcase name="VerifySingleProForFoodTrailer" time="6.559" classname="Test.US458CheckShipmentAlreadyLoadedOnTrailer"/>
  <testcase name="VerifySingleProForFoodTrailer" time="4.854" classname="Test.US458CheckShipmentAlreadyLoadedOnTrailer"/>
</testsuite> <!-- Test.US458CheckShipmentAlreadyLoadedOnTrailer -->
