<?xml version="1.0" encoding="UTF-8"?>
<!-- Generated by org.testng.reporters.JUnitReportReporter -->
<testsuite hostname="N700278" name="LdgScreen.US607PromptHeadloadOnDestinationChangeLDG" tests="1" failures="0" timestamp="28 Apr 2016 09:13:45 GMT" time="56.774" errors="0">
  <testcase name="ldgTrailerWithoutProsClickYes" time="56.774" classname="LdgScreen.US607PromptHeadloadOnDestinationChangeLDG"/>
</testsuite> <!-- LdgScreen.US607PromptHeadloadOnDestinationChangeLDG -->
