<?xml version="1.0" encoding="UTF-8"?>
<!-- Generated by org.testng.reporters.JUnitReportReporter -->
<testsuite hostname="N700278" name="trial.DatePickerTrial" tests="1" failures="0" timestamp="27 Apr 2016 01:50:46 GMT" time="24.745" errors="0">
  <testcase name="SetTrailerToLDGWithProLeaveHeadLoadCubeAndDestination" time="24.745" classname="trial.DatePickerTrial"/>
</testsuite> <!-- trial.DatePickerTrial -->
