<?xml version="1.0" encoding="UTF-8"?>
<!-- Generated by org.testng.reporters.JUnitReportReporter -->
<testsuite hostname="N700278" name="LdgScreen.US1215QuickClose" tests="2" failures="0" timestamp="9 Jun 2016 19:35:28 GMT" time="44.905" errors="0">
  <testcase name="NONLDGTrailerWithoutPROAddPRO" time="20.111" classname="LdgScreen.US1215QuickClose"/>
  <testcase name="LDGTrailerWithPROQuickClose" time="24.794" classname="LdgScreen.US1215QuickClose"/>
</testsuite> <!-- LdgScreen.US1215QuickClose -->
