<?xml version="1.0" encoding="UTF-8"?>
<!-- Generated by org.testng.reporters.JUnitReportReporter -->
<testsuite hostname="N700278" name="TestCase.MTYtesting.MTYScreenTesting" tests="1" failures="0" timestamp="18 Aug 2016 14:57:08 GMT" time="9.800" errors="0">
  <testcase name="SmartEneterSetTrailerWithoutProToMtyNOTFromONH" time="9.800" classname="TestCase.MTYtesting.MTYScreenTesting"/>
</testsuite> <!-- TestCase.MTYtesting.MTYScreenTesting -->
