<?xml version="1.0" encoding="UTF-8"?>
<!-- Generated by org.testng.reporters.JUnitReportReporter -->
<testsuite hostname="N700278" name="TestCase.LdgScreen.US2000119NewSubmitButtonLDG" tests="6" failures="0" timestamp="8 Aug 2016 18:52:30 GMT" time="242.375" errors="0">
  <testcase name="LdgTrailerWithoutProChangeDestinationAddPRO" time="17.470" classname="TestCase.LdgScreen.US2000119NewSubmitButtonLDG"/>
  <testcase name="LdgTrailerWithProAddPro" time="90.358" classname="TestCase.LdgScreen.US2000119NewSubmitButtonLDG"/>
  <testcase name="LdgTrailerWithoutProNoChange" time="8.278" classname="TestCase.LdgScreen.US2000119NewSubmitButtonLDG"/>
  <testcase name="TrailerWithoutPRONoAdding" time="10.934" classname="TestCase.LdgScreen.US2000119NewSubmitButtonLDG"/>
  <testcase name="TrailerWithoutPROAddPRO" time="91.157" classname="TestCase.LdgScreen.US2000119NewSubmitButtonLDG"/>
  <testcase name="LdgTrailerWithProChangeDestinationAddPRO" time="24.178" classname="TestCase.LdgScreen.US2000119NewSubmitButtonLDG"/>
</testsuite> <!-- TestCase.LdgScreen.US2000119NewSubmitButtonLDG -->
