<?xml version="1.0" encoding="UTF-8"?>
<!-- Generated by org.testng.reporters.JUnitReportReporter -->
<testsuite hostname="N700278" name="InquiryTesting.US100002InquiryScreen" tests="25" failures="1" timestamp="20 May 2016 04:23:05 GMT" time="2397.955" errors="0">
  <testcase name="DisplayTrailerGrid" time="29.134" classname="InquiryTesting.US100002InquiryScreen"/>
  <testcase name="DisplayListOfStatuses" time="34.813" classname="InquiryTesting.US100002InquiryScreen"/>
  <testcase name="Filter" time="31.656" classname="InquiryTesting.US100002InquiryScreen"/>
  <testcase name="DisplayListOfStatusesAndPup" time="34.544" classname="InquiryTesting.US100002InquiryScreen"/>
  <testcase name="Filter" time="30.563" classname="InquiryTesting.US100002InquiryScreen"/>
  <testcase name="DisplayListOfStatuses" time="42.402" classname="InquiryTesting.US100002InquiryScreen"/>
  <testcase name="DisplayTrailerGrid" time="30.645" classname="InquiryTesting.US100002InquiryScreen"/>
  <testcase name="DisplayProGrid" time="30.179" classname="InquiryTesting.US100002InquiryScreen"/>
  <testcase name="DisplayListOfStatuses" time="29.095" classname="InquiryTesting.US100002InquiryScreen"/>
  <testcase name="DisplayListOfStatuses" time="29.643" classname="InquiryTesting.US100002InquiryScreen"/>
  <testcase name="DisplayTrailerGrid" time="153.174" classname="InquiryTesting.US100002InquiryScreen"/>
  <testcase name="DisplayTrailerGrid" time="448.802" classname="InquiryTesting.US100002InquiryScreen"/>
  <testcase name="DisplayProGrid" time="69.149" classname="InquiryTesting.US100002InquiryScreen"/>
  <testcase name="DisplayListOfStatusesAndPup" time="29.654" classname="InquiryTesting.US100002InquiryScreen"/>
  <testcase name="DisplayListOfStatusesAndPup" time="29.374" classname="InquiryTesting.US100002InquiryScreen"/>
  <testcase name="Filter" time="29.092" classname="InquiryTesting.US100002InquiryScreen"/>
  <testcase name="DisplayProGrid" time="27.677" classname="InquiryTesting.US100002InquiryScreen"/>
  <testcase name="Filter" time="30.399" classname="InquiryTesting.US100002InquiryScreen"/>
  <testcase name="DisplayListOfStatuses" time="39.745" classname="InquiryTesting.US100002InquiryScreen"/>
  <testcase name="DisplayListOfStatusesAndPup" time="60.452" classname="InquiryTesting.US100002InquiryScreen"/>
  <testcase name="DisplayProGrid" time="31.041" classname="InquiryTesting.US100002InquiryScreen"/>
  <testcase name="DisplayProGrid" time="271.903" classname="InquiryTesting.US100002InquiryScreen">
    <failure type="java.lang.AssertionError" message="The following asserts failed:
	OFD 820754 expected [[[497-011687-6, 246, 882, 2, 1796, 02/16, E, F, @, 882, N]]] but found [[[497-011687-6, 246, 882, 2, 1796, 02/16, E, @, F, 882, N]]]">
      <![CDATA[java.lang.AssertionError: The following asserts failed:
	OFD 820754 expected [[[497-011687-6, 246, 882, 2, 1796, 02/16, E, F, @, 882, N]]] but found [[[497-011687-6, 246, 882, 2, 1796, 02/16, E, @, F, 882, N]]]
	at org.testng.asserts.SoftAssert.assertAll(SoftAssert.java:43)
	at InquiryTesting.US100002InquiryScreen.DisplayProGrid(US100002InquiryScreen.java:221)
	at sun.reflect.NativeMethodAccessorImpl.invoke0(Native Method)
	at sun.reflect.NativeMethodAccessorImpl.invoke(NativeMethodAccessorImpl.java:57)
	at sun.reflect.DelegatingMethodAccessorImpl.invoke(DelegatingMethodAccessorImpl.java:43)
	at java.lang.reflect.Method.invoke(Method.java:601)
	at org.testng.internal.MethodInvocationHelper.invokeMethod(MethodInvocationHelper.java:86)
	at org.testng.internal.Invoker.invokeMethod(Invoker.java:646)
	at org.testng.internal.Invoker.invokeTestMethod(Invoker.java:823)
	at org.testng.internal.Invoker.invokeTestMethods(Invoker.java:1131)
	at org.testng.internal.TestMethodWorker.invokeTestMethods(TestMethodWorker.java:129)
	at org.testng.internal.TestMethodWorker.run(TestMethodWorker.java:112)
	at org.testng.TestRunner.privateRun(TestRunner.java:778)
	at org.testng.TestRunner.run(TestRunner.java:632)
	at org.testng.SuiteRunner.runTest(SuiteRunner.java:366)
	at org.testng.SuiteRunner.runSequentially(SuiteRunner.java:361)
	at org.testng.SuiteRunner.privateRun(SuiteRunner.java:319)
	at org.testng.SuiteRunner.run(SuiteRunner.java:268)
	at org.testng.SuiteRunnerWorker.runSuite(SuiteRunnerWorker.java:52)
	at org.testng.SuiteRunnerWorker.run(SuiteRunnerWorker.java:86)
	at org.testng.TestNG.runSuitesSequentially(TestNG.java:1225)
	at org.testng.TestNG.runSuitesLocally(TestNG.java:1150)
	at org.testng.TestNG.runSuites(TestNG.java:1075)
	at org.testng.TestNG.run(TestNG.java:1047)
	at org.testng.remote.AbstractRemoteTestNG.run(AbstractRemoteTestNG.java:126)
	at org.testng.remote.RemoteTestNG.initAndRun(RemoteTestNG.java:137)
	at org.testng.remote.RemoteTestNG.main(RemoteTestNG.java:58)
]]>
    </failure>
  </testcase> <!-- DisplayProGrid -->
  <testcase name="DisplayTrailerGrid" time="30.610" classname="InquiryTesting.US100002InquiryScreen"/>
  <testcase name="DisplayListOfStatusesAndPup" time="52.101" classname="InquiryTesting.US100002InquiryScreen"/>
  <testcase name="Filter" time="772.108" classname="InquiryTesting.US100002InquiryScreen"/>
</testsuite> <!-- InquiryTesting.US100002InquiryScreen -->
