<?xml version="1.0" encoding="UTF-8"?>
<!-- Generated by org.testng.reporters.JUnitReportReporter -->
<testsuite hostname="N700278" name="LdgScreen.US200006FoodAndPoisWarning" tests="12" failures="0" timestamp="5 May 2016 20:56:14 GMT" time="167.375" errors="0">
  <testcase name="VerifyBatchFoodProTrailerWithBothFOODandPOIS" time="16.412" classname="LdgScreen.US200006FoodAndPoisWarning"/>
  <testcase name="VerifySingleFoodProForTrailerWithBothFOODandPOIS" time="10.299" classname="LdgScreen.US200006FoodAndPoisWarning"/>
  <testcase name="addSinglePoisToTrailerWithoutPro" time="15.140" classname="LdgScreen.US200006FoodAndPoisWarning"/>
  <testcase name="addSingleFoodToTrailerWithoutPro" time="18.303" classname="LdgScreen.US200006FoodAndPoisWarning"/>
  <testcase name="VerifySingleProForPoisonTrailer" time="10.296" classname="LdgScreen.US200006FoodAndPoisWarning"/>
  <testcase name="VerifyBatchPoisProForTrailerWithBothFOODandPOIS" time="12.720" classname="LdgScreen.US200006FoodAndPoisWarning"/>
  <testcase name="VerifyBatchProForFoodTrailer" time="14.850" classname="LdgScreen.US200006FoodAndPoisWarning"/>
  <testcase name="VerifyBatchProForPoisonTrailer" time="14.390" classname="LdgScreen.US200006FoodAndPoisWarning"/>
  <testcase name="addBatchFoodToTrailerWithoutPro" time="18.238" classname="LdgScreen.US200006FoodAndPoisWarning"/>
  <testcase name="addBatchPoisToTrailerWithoutPro" time="17.377" classname="LdgScreen.US200006FoodAndPoisWarning"/>
  <testcase name="VerifySinglePoisProForFoodTrailer" time="9.734" classname="LdgScreen.US200006FoodAndPoisWarning"/>
  <testcase name="VerifySinglePoisProForTrailerWithBothFOODandPOIS" time="9.616" classname="LdgScreen.US200006FoodAndPoisWarning"/>
</testsuite> <!-- LdgScreen.US200006FoodAndPoisWarning -->
