<?xml version="1.0" encoding="UTF-8"?>
<!-- Generated by org.testng.reporters.JUnitReportReporter -->
<testsuite hostname="N700278" name="LDDscreen.US1203AndUS200074ChangeWeightOnClosedScreen" tests="4" failures="0" timestamp="21 Apr 2016 19:38:57 GMT" time="136.717" errors="0">
  <testcase name="VerifyTrailerShorter35" time="32.892" classname="LDDscreen.US1203AndUS200074ChangeWeightOnClosedScreen"/>
  <testcase name="VerifyTrailerShorter35" time="31.811" classname="LDDscreen.US1203AndUS200074ChangeWeightOnClosedScreen"/>
  <testcase name="VerifyTrailerLonger35" time="35.669" classname="LDDscreen.US1203AndUS200074ChangeWeightOnClosedScreen"/>
  <testcase name="VerifyTrailerLonger35" time="36.345" classname="LDDscreen.US1203AndUS200074ChangeWeightOnClosedScreen"/>
</testsuite> <!-- LDDscreen.US1203AndUS200074ChangeWeightOnClosedScreen -->
