<?xml version="1.0" encoding="UTF-8"?>
<!-- Generated by org.testng.reporters.JUnitReportReporter -->
<testsuite hostname="N700278" name="Test.US200006FoodAndPoisWarning" tests="8" failures="0" timestamp="29 Sep 2015 18:09:40 GMT" time="60.533" errors="0">
  <testcase name="VerifyBatchProForPoisonTrailer" time="10.274" classname="Test.US200006FoodAndPoisWarning"/>
  <testcase name="VerifyBatchProForFoodTrailer" time="6.155" classname="Test.US200006FoodAndPoisWarning"/>
  <testcase name="VerifySingleProForPoisonTrailer" time="8.757" classname="Test.US200006FoodAndPoisWarning"/>
  <testcase name="VerifySingleProForFoodTrailer" time="7.215" classname="Test.US200006FoodAndPoisWarning"/>
  <testcase name="VerifyBatchProForPoisonTrailer" time="8.491" classname="Test.US200006FoodAndPoisWarning"/>
  <testcase name="VerifySingleProForPoisonTrailer" time="10.732" classname="Test.US200006FoodAndPoisWarning"/>
  <testcase name="VerifyBatchProForFoodTrailer" time="4.326" classname="Test.US200006FoodAndPoisWarning"/>
  <testcase name="VerifySingleProForFoodTrailer" time="4.583" classname="Test.US200006FoodAndPoisWarning"/>
</testsuite> <!-- Test.US200006FoodAndPoisWarning -->
