<?xml version="1.0" encoding="UTF-8"?>
<!-- Generated by org.testng.reporters.JUnitReportReporter -->
<testsuite hostname="N700278" name="TestCase.CLtesting.CLScreenTesting" tests="1" failures="0" timestamp="18 Jul 2016 22:18:54 GMT" time="6.416" errors="0">
  <testcase name="ToCLNoPro" time="6.416" classname="TestCase.CLtesting.CLScreenTesting"/>
</testsuite> <!-- TestCase.CLtesting.CLScreenTesting -->
