<?xml version="1.0" encoding="UTF-8"?>
<!-- Generated by org.testng.reporters.JUnitReportReporter -->
<testsuite hostname="N700278" name="LdgScreen.US439PreventProFromLoadingAlert" tests="14" failures="0" timestamp="25 Apr 2016 22:15:06 GMT" time="173.859" errors="0">
  <testcase name="VerifyAlreadyDeliveredValidation" time="6.766" classname="LdgScreen.US439PreventProFromLoadingAlert"/>
  <testcase name="EnterTrailerInLdgNoShipments" time="12.171" classname="LdgScreen.US439PreventProFromLoadingAlert"/>
  <testcase name="VerifyAlreadyDeliveredValidation" time="6.817" classname="LdgScreen.US439PreventProFromLoadingAlert"/>
  <testcase name="VerifyVOValidation" time="6.826" classname="LdgScreen.US439PreventProFromLoadingAlert"/>
  <testcase name="VerifySUValidation" time="6.887" classname="LdgScreen.US439PreventProFromLoadingAlert"/>
  <testcase name="VerifyVOValidation" time="6.884" classname="LdgScreen.US439PreventProFromLoadingAlert"/>
  <testcase name="VerifyMRValidation" time="14.138" classname="LdgScreen.US439PreventProFromLoadingAlert"/>
  <testcase name="VerifyMasterRevenueVlidation" time="71.915" classname="LdgScreen.US439PreventProFromLoadingAlert"/>
  <testcase name="VerifySUValidation" time="6.847" classname="LdgScreen.US439PreventProFromLoadingAlert"/>
  <testcase name="VerifySUValidation" time="6.951" classname="LdgScreen.US439PreventProFromLoadingAlert"/>
  <testcase name="VerifyMRValidation" time="6.923" classname="LdgScreen.US439PreventProFromLoadingAlert"/>
  <testcase name="VerifyAlreadyDeliveredValidation" time="6.911" classname="LdgScreen.US439PreventProFromLoadingAlert"/>
  <testcase name="VerifyVOValidation" time="6.860" classname="LdgScreen.US439PreventProFromLoadingAlert"/>
  <testcase name="VerifyMRValidation" time="6.963" classname="LdgScreen.US439PreventProFromLoadingAlert"/>
</testsuite> <!-- LdgScreen.US439PreventProFromLoadingAlert -->
