<?xml version="1.0" encoding="UTF-8"?>
<!-- Generated by org.testng.reporters.JUnitReportReporter -->
<testsuite hostname="N700278" name="LdgScreen.US452RemoveShipment" tests="4" failures="0" timestamp="25 Apr 2016 22:15:06 GMT" time="147.692" errors="0">
  <testcase name="VerifyDockThenAddNewPRO" time="28.326" classname="LdgScreen.US452RemoveShipment"/>
  <testcase name="VerifyDockPro" time="66.158" classname="LdgScreen.US452RemoveShipment"/>
  <testcase name="DockAndReAdd" time="19.878" classname="LdgScreen.US452RemoveShipment"/>
  <testcase name="EmptyTrailerAddSomeThenDock" time="33.330" classname="LdgScreen.US452RemoveShipment"/>
</testsuite> <!-- LdgScreen.US452RemoveShipment -->
