<?xml version="1.0" encoding="UTF-8"?>
<!-- Generated by org.testng.reporters.JUnitReportReporter -->
<testsuite hostname="N700278" name="TestCase.CLtesting.CLScreenTesting" tests="1" failures="0" timestamp="3 Aug 2016 08:07:19 GMT" time="12.839" errors="0">
  <testcase name="ToCLNoProSetToCl" time="12.839" classname="TestCase.CLtesting.CLScreenTesting"/>
</testsuite> <!-- TestCase.CLtesting.CLScreenTesting -->
