<?xml version="1.0" encoding="UTF-8"?>
<!-- Generated by org.testng.reporters.JUnitReportReporter -->
<testsuite hostname="N700278" name="InquiryTesting.US100002InquiryScreen" tests="20" failures="2" timestamp="21 Jun 2016 04:02:25 GMT" time="2615.534" errors="0">
  <testcase name="DisplayTrailerGrid" time="109.930" classname="InquiryTesting.US100002InquiryScreen"/>
  <testcase name="DisplayProGrid" time="26.283" classname="InquiryTesting.US100002InquiryScreen"/>
  <testcase name="DisplayTrailerGrid" time="57.099" classname="InquiryTesting.US100002InquiryScreen"/>
  <testcase name="DisplayProGrid" time="80.858" classname="InquiryTesting.US100002InquiryScreen"/>
  <testcase name="DisplayListOfStatuses" time="25.550" classname="InquiryTesting.US100002InquiryScreen"/>
  <testcase name="DisplayProGrid" time="1219.341" classname="InquiryTesting.US100002InquiryScreen">
    <failure type="java.lang.AssertionError" message="The following asserts failed:
	ARR 119760 expected [[[454-085846-9, 112, 730, 3, 2765, 02/19, @, 653, N], [454-085837-7, 112, 754, 1, 240, 02/19, H, @, 653, N], [417-518152-3, 112, 623, 2, 454, 02/19, H, 653, N], [417-518150-5, 112, 688, 1, 492, 02/19, H, 653, N], [482-807738-3, 112, 653, 1, 682, 02/18, H, S, 653, N], [482-807720-X, 112, 705, 2, 591, 02/19, H, S, 653, N], [449-215992-4, 112, 754, 1, 886, 02/19, H, 653, N], [499-005679-8, 112, 754, 1, 2570, 02/19, H, 653, N], [496-949864-8, 112, 685, 2, 107, 02/19, H, @, 653, N], [499-005677-X, 112, 688, 1, 125, 02/19, H, 653, N], [496-942326-0, 112, 683, 3, 739, 02/19, H, 653, N], [496-942324-2, 112, 683, 4, 986, 02/19, H, 653, N]]] but found [[[454-085846-9, 112, 730, 3, 2765, 02/19, @, 653, N], [454-085837-7, 112, 754, 1, 240, 02/19, H, @, 653, N], [417-518152-3, 112, 623, 2, 454, 02/19, H, 653, N], [417-518150-5, 112, 688, 1, 492, 02/19, H, 653, N], [482-807738-3, 112, 653, 1, 682, 02/18, S, H, 653, N], [482-807720-X, 112, 705, 2, 591, 02/19, S, H, 653, N], [449-215992-4, 112, 754, 1, 886, 02/19, H, 653, N], [499-005679-8, 112, 754, 1, 2570, 02/19, H, 653, N], [496-949864-8, 112, 685, 2, 107, 02/19, H, @, 653, N], [499-005677-X, 112, 688, 1, 125, 02/19, H, 653, N], [496-942326-0, 112, 683, 3, 739, 02/19, H, 653, N], [496-942324-2, 112, 683, 4, 986, 02/19, H, 653, N]]],
	ARR 127128 expected [[[428-563195-5, 187, 894, 1, 350, 02/24, 211, N], [499-389833-7, 187, 251, 2, 3250, 02/18, H, E, 211, N], [499-381783-5, 187, 250, 1, 159, 02/18, H, %, 211, N], [499-381773-4, 187, 250, 1, 159, 02/18, H, %, 211, N], [499-382361-X, 187, 250, 1, 159, 02/18, H, %, 211, N], [459-501812-8, 187, 303, 1, 165, 02/18, H, E, 211, N], [496-166421-9, 187, 890, 1, 220, 02/22, 211, N], [499-390003-2, 187, 313, 1, 222, 02/18, H, 211, N], [496-169376-2, 187, 251, 1, 299, 02/18, H, 211, N], [499-386547-4, 187, 303, 1, 310, 02/18, H, 211, N], [459-501809-0, 187, 244, 1, 494, 02/18, H, 211, N], [499-388277-1, 187, 244, 1, 550, 02/18, H, 211, N], [459-485606-0, 187, 223, 1, 2182, 02/18, H, 211, N], [787-390408-4, 187, 303, 8, 4650, 02/18, H, 211, N], [496-169373-5, 187, 303, 2, 4675, 02/18, H, 211, N]]] but found [[[428-563195-5, 187, 894, 1, 350, 02/24, 211, N], [499-389833-7, 187, 251, 2, 3250, 02/18, E, H, 211, N], [499-381783-5, 187, 250, 1, 159, 02/18, H, %, 211, N], [499-381773-4, 187, 250, 1, 159, 02/18, H, %, 211, N], [499-382361-X, 187, 250, 1, 159, 02/18, H, %, 211, N], [459-501812-8, 187, 303, 1, 165, 02/18, E, H, 211, N], [496-166421-9, 187, 890, 1, 220, 02/22, 211, N], [499-390003-2, 187, 313, 1, 222, 02/18, H, 211, N], [496-169376-2, 187, 251, 1, 299, 02/18, H, 211, N], [499-386547-4, 187, 303, 1, 310, 02/18, H, 211, N], [459-501809-0, 187, 244, 1, 494, 02/18, H, 211, N], [499-388277-1, 187, 244, 1, 550, 02/18, H, 211, N], [459-485606-0, 187, 223, 1, 2182, 02/18, H, 211, N], [787-390408-4, 187, 303, 8, 4650, 02/18, H, 211, N], [496-169373-5, 187, 303, 2, 4675, 02/18, H, 211, N]]],
	CLTG 431157 expected [[[493-152816-7, 347, 135, 3, 540, 02/17, 135, N], [493-156646-5, 347, 135, 13, 6045, 02/16, @, 135, N], [496-097260-2, 112, 135, 5, 9075, 02/16, H, @, 135, N], [449-044884-7, 132, 135, 1, 280, 02/18, H, @, 135, N], [489-759202-7, 251, 135, 5, 1400, 02/17, H, F, @, 135, N], [449-036340-4, 132, 135, 5, 1890, 02/18, H, 135, N], [446-348886-1, 347, 135, 1, 440, 02/17, 135, N], [496-584231-1, 402, 135, 5, 3495, 02/18, 135, N]]] but found [[[493-152816-7, 347, 135, 3, 540, 02/17, 135, N], [493-156646-5, 347, 135, 13, 6045, 02/16, @, 135, N], [496-097260-2, 112, 135, 5, 9075, 02/16, H, @, 135, N], [449-044884-7, 132, 135, 1, 280, 02/18, H, @, 135, N], [489-759202-7, 251, 135, 5, 1400, 02/17, H, @, F, 135, N], [449-036340-4, 132, 135, 5, 1890, 02/18, H, 135, N], [446-348886-1, 347, 135, 1, 440, 02/17, 135, N], [496-584231-1, 402, 135, 5, 3495, 02/18, 135, N]]],
	ENR 115548 expected [[[298-837399-9, 191, 423, 1, 1315, 02/22, 653, N], [941-201094-8, 163, 682, 2, 3791, 02/19, S, 653, N], [123-803636-2, 123, 757, 1, 1595, 02/22, 653, N], [496-606088-1, 266, 423, 2, 2795, 02/19, 653, N], [458-057294-5, 511, 653, 1, 1367, 02/16, 653, N], [458-620078-3, 104, 653, 1, 217, 02/19, 653, N], [237-697099-4, 237, 682, 7, 6112, 02/22, 653, N], [459-162883-5, 123, 754, 2, 120, 02/19, 653, N], [123-798239-9, 123, 757, 1, 255, 02/22, 653, N], [417-642101-2, 123, 757, 1, 300, 02/23, @, 653, N], [496-693083-5, 123, 682, 1, 530, 02/22, H, S, 653, N], [495-639500-7, 160, 757, 1, 299, 02/19, 653, N], [499-385152-2, 160, 418, 1, 162, 02/19, 653, N], [104-209325-5, 104, 423, 1, 197, 02/22, @, 653, N], [427-550912-1, 173, 688, 1, 20, 02/23, 653, N], [119-188160-6, 617, 1, 345, 653, N], [119-501423-1, 653, N]]] but found [[[298-837399-9, 191, 423, 1, 1315, 02/22, 653, N], [941-201094-8, 163, 682, 2, 3791, 02/19, S, 653, N], [123-803636-2, 123, 757, 1, 1595, 02/22, 653, N], [496-606088-1, 266, 423, 2, 2795, 02/19, 653, N], [458-057294-5, 511, 653, 1, 1367, 02/16, 653, N], [458-620078-3, 104, 653, 1, 217, 02/19, 653, N], [237-697099-4, 237, 682, 7, 6112, 02/22, 653, N], [459-162883-5, 123, 754, 2, 120, 02/19, 653, N], [123-798239-9, 123, 757, 1, 255, 02/22, 653, N], [417-642101-2, 123, 757, 1, 300, 02/23, @, 653, N], [496-693083-5, 123, 682, 1, 530, 02/22, S, H, 653, N], [495-639500-7, 160, 757, 1, 299, 02/19, 653, N], [499-385152-2, 160, 418, 1, 162, 02/19, 653, N], [104-209325-5, 104, 423, 1, 197, 02/22, @, 653, N], [427-550912-1, 173, 688, 1, 20, 02/23, 653, N], [119-188160-6, 617, 1, 345, 653, N], [119-501423-1, 653, N]]],
	ENR 115577 expected [[[459-500988-7, 187, 261, 1, 95, 02/18, H, 135, N], [459-500989-6, 187, 641, 1, 95, 02/23, 135, N], [496-165265-X, 187, 726, 1, 113, 02/22, 135, N], [496-165264-0, 187, 705, 1, 92, 02/22, H, 135, N], [499-386418-1, 187, 557, 1, 175, 02/22, H, 135, N], [499-386004-8, 187, 616, 3, 2800, 02/18, H, 135, N], [428-550379-6, 187, 422, 3, 1800, 02/19, H, 135, N], [496-165266-9, 187, 261, 1, 770, 02/18, H, 135, N], [428-550377-8, 187, 345, 1, 300, 02/23, H, 135, N], [496-165267-8, 187, 508, 1, 599, 02/19, H, 135, N], [496-165268-7, 187, 525, 1, 767, 02/19, H, 135, N], [496-165269-6, 187, 625, 1, 1275, 02/23, 135, N], [499-385005-6, 187, 532, 17, 6800, 02/22, 135, N], [499-385192-6, 187, 532, 1, 400, 02/22, 135, N], [018-756027-3, 187, 740, 1, 563, 02/02, H, E, 135, N]]] but found [[[459-500988-7, 187, 261, 1, 95, 02/18, H, 135, N], [459-500989-6, 187, 641, 1, 95, 02/23, 135, N], [496-165265-X, 187, 726, 1, 113, 02/22, 135, N], [496-165264-0, 187, 705, 1, 92, 02/22, H, 135, N], [499-386418-1, 187, 557, 1, 175, 02/22, H, 135, N], [499-386004-8, 187, 616, 3, 2800, 02/18, H, 135, N], [428-550379-6, 187, 422, 3, 1800, 02/19, H, 135, N], [496-165266-9, 187, 261, 1, 770, 02/18, H, 135, N], [428-550377-8, 187, 345, 1, 300, 02/23, H, 135, N], [496-165267-8, 187, 508, 1, 599, 02/19, H, 135, N], [496-165268-7, 187, 525, 1, 767, 02/19, H, 135, N], [496-165269-6, 187, 625, 1, 1275, 02/23, 135, N], [499-385005-6, 187, 532, 17, 6800, 02/22, 135, N], [499-385192-6, 187, 532, 1, 400, 02/22, 135, N], [018-756027-3, 187, 740, 1, 563, 02/02, E, H, 135, N]]],
	ENR 117315 expected [[[134-361063-1, 186, 671, 48, 909, 02/18, H, 135, N], [495-972453-2, 186, 641, 1, 301, 02/24, 135, N], [495-972454-1, 186, 149, 1, 402, 02/19, H, 135, N], [134-326047-4, 186, 644, 2, 236, 02/18, H, 135, N], [134-347650-5, 186, 617, 1, 200, 02/18, H, 135, N], [497-283886-2, 186, 617, 1, 2900, 02/18, H, 135, N], [495-980094-6, 186, 671, 3, 2040, 02/18, H, 135, N], [495-972804-3, 186, 213, 1, 315, 02/18, H, 135, N], [495-973046-3, 186, 616, 1, 285, 02/18, H, 135, N], [495-973868-6, 186, 650, 1, 320, 02/18, H, 135, N], [495-973045-4, 186, 177, 2, 1230, 02/18, H, 135, N], [495-987945-9, 186, 201, 3, 1500, 02/18, H, 135, N], [499-000363-0, 186, 896, 1, 10, 02/24, 135, N], [134-163202-5, 186, 617, 1, 472, 02/18, H, 135, N], [499-391183-X, 186, 616, 1, 210, 02/19, H, 135, N], [499-391716-5, 186, 213, 1, 266, 02/19, H, 135, N], [499-390566-0, 186, 615, 1, 35, 02/18, H, 135, N], [495-991808-7, 186, 615, 1, 230, 02/18, H, 135, N], [499-390786-0, 186, 508, 1, 310, 02/22, H, E, 135, N], [495-976945-9, 186, 149, 1, 300, 02/18, H, 135, N], [495-990585-9, 186, 671, 2, 1240, 02/18, H, S, 135, N]]] but found [[[134-361063-1, 186, 671, 48, 909, 02/18, H, 135, N], [495-972453-2, 186, 641, 1, 301, 02/24, 135, N], [495-972454-1, 186, 149, 1, 402, 02/19, H, 135, N], [134-326047-4, 186, 644, 2, 236, 02/18, H, 135, N], [134-347650-5, 186, 617, 1, 200, 02/18, H, 135, N], [497-283886-2, 186, 617, 1, 2900, 02/18, H, 135, N], [495-980094-6, 186, 671, 3, 2040, 02/18, H, 135, N], [495-972804-3, 186, 213, 1, 315, 02/18, H, 135, N], [495-973046-3, 186, 616, 1, 285, 02/18, H, 135, N], [495-973868-6, 186, 650, 1, 320, 02/18, H, 135, N], [495-973045-4, 186, 177, 2, 1230, 02/18, H, 135, N], [495-987945-9, 186, 201, 3, 1500, 02/18, H, 135, N], [499-000363-0, 186, 896, 1, 10, 02/24, 135, N], [134-163202-5, 186, 617, 1, 472, 02/18, H, 135, N], [499-391183-X, 186, 616, 1, 210, 02/19, H, 135, N], [499-391716-5, 186, 213, 1, 266, 02/19, H, 135, N], [499-390566-0, 186, 615, 1, 35, 02/18, H, 135, N], [495-991808-7, 186, 615, 1, 230, 02/18, H, 135, N], [499-390786-0, 186, 508, 1, 310, 02/22, E, H, 135, N], [495-976945-9, 186, 149, 1, 300, 02/18, H, 135, N], [495-990585-9, 186, 671, 2, 1240, 02/18, S, H, 135, N]]],
	ENR 118656 expected [[[496-725242-X, 216, 132, 1, 1200, 02/18, H, 135, N], [919-581102-6, 830, 152, 1, 60, 02/22, 135, N], [489-795379-9, 216, 165, 1, 203, 02/18, H, 135, N], [459-586125-X, 216, 183, 1, 240, 02/18, H, 135, N], [446-161283-X, 216, 150, 1, 233, 02/18, H, 135, N], [489-802520-7, 216, 187, 2, 1665, 02/18, H, @, 135, N], [489-795583-3, 216, 187, 1, 383, 02/18, H, 135, N], [499-388731-9, 216, 111, 2, 336, 02/18, H, 135, N], [489-803690-3, 216, 184, 2, 353, 02/22, H, 135, N], [489-797474-4, 216, 158, 1, 281, 02/18, H, %, 135, N], [496-721210-5, 216, 183, 1, 186, 02/18, H, 135, N], [496-720116-X, 216, 150, 1, 332, 02/18, H, 135, N], [496-721209-6, 216, 153, 1, 316, 02/18, H, 135, N], [496-720117-9, 216, 150, 1, 336, 02/18, H, 135, N], [496-721153-7, 216, 111, 1, 232, 02/18, H, 135, N], [499-054779-1, 216, 187, 1, 288, 02/18, H, 135, N], [499-388621-9, 216, 116, 4, 8400, 02/18, H, 135, N], [489-802695-8, 216, 187, 1, 620, 02/18, H, 135, N], [489-803754-5, 216, 132, 1, 267, 02/19, H, 135, N], [489-792470-3, 216, 152, 1, 152, 02/19, H, @, 135, N], [493-402165-6, 216, 158, 3, 96, 02/18, H, 135, N], [489-792510-7, 216, 152, 1, 671, 02/19, H, @, 135, N], [489-798494-7, 216, 184, 1, 276, 02/19, H, S, 135, N], [482-013523-7, 216, 152, 1, 79, 02/19, H, 135, N]]] but found [[[496-725242-X, 216, 132, 1, 1200, 02/18, H, 135, N], [919-581102-6, 830, 152, 1, 60, 02/22, 135, N], [489-795379-9, 216, 165, 1, 203, 02/18, H, 135, N], [459-586125-X, 216, 183, 1, 240, 02/18, H, 135, N], [446-161283-X, 216, 150, 1, 233, 02/18, H, 135, N], [489-802520-7, 216, 187, 2, 1665, 02/18, H, @, 135, N], [489-795583-3, 216, 187, 1, 383, 02/18, H, 135, N], [499-388731-9, 216, 111, 2, 336, 02/18, H, 135, N], [489-803690-3, 216, 184, 2, 353, 02/22, H, 135, N], [489-797474-4, 216, 158, 1, 281, 02/18, H, %, 135, N], [496-721210-5, 216, 183, 1, 186, 02/18, H, 135, N], [496-720116-X, 216, 150, 1, 332, 02/18, H, 135, N], [496-721209-6, 216, 153, 1, 316, 02/18, H, 135, N], [496-720117-9, 216, 150, 1, 336, 02/18, H, 135, N], [496-721153-7, 216, 111, 1, 232, 02/18, H, 135, N], [499-054779-1, 216, 187, 1, 288, 02/18, H, 135, N], [499-388621-9, 216, 116, 4, 8400, 02/18, H, 135, N], [489-802695-8, 216, 187, 1, 620, 02/18, H, 135, N], [489-803754-5, 216, 132, 1, 267, 02/19, H, 135, N], [489-792470-3, 216, 152, 1, 152, 02/19, H, @, 135, N], [493-402165-6, 216, 158, 3, 96, 02/18, H, 135, N], [489-792510-7, 216, 152, 1, 671, 02/19, H, @, 135, N], [489-798494-7, 216, 184, 1, 276, 02/19, S, H, 135, N], [482-013523-7, 216, 152, 1, 79, 02/19, H, 135, N]]],
	ENR 119359 expected [[[499-385557-4, 401, 186, 1, 314, 02/19, H, 186, N], [493-981475-0, 740, 186, 1, 250, 02/19, H, 186, N], [482-420811-5, 423, 186, 10, 4756, 02/19, H, 186, N], [935-188820-6, 653, 186, 1, 131, 02/18, H, 186, N], [459-444225-X, 653, 186, 1, 295, 02/18, H, 186, N], [459-439800-2, 653, 186, 1, 24, 02/19, H, 186, N], [497-755190-4, 653, 186, 1, 235, 02/18, H, 186, N], [499-388665-9, 653, 186, 1, 730, 02/18, H, 186, N], [446-800354-6, 653, 186, 4, 4990, 02/18, H, 186, N], [459-436466-3, 653, 186, 2, 3330, 02/18, H, E, %, 186, N], [496-579593-8, 402, 108, 2, 1078, 02/19, 123, N], [496-680719-5, 557, 116, 1, 136, 02/19, 123, N]]] but found [[[499-385557-4, 401, 186, 1, 314, 02/19, H, 186, N], [493-981475-0, 740, 186, 1, 250, 02/19, H, 186, N], [482-420811-5, 423, 186, 10, 4756, 02/19, H, 186, N], [935-188820-6, 653, 186, 1, 131, 02/18, H, 186, N], [459-444225-X, 653, 186, 1, 295, 02/18, H, 186, N], [459-439800-2, 653, 186, 1, 24, 02/19, H, 186, N], [497-755190-4, 653, 186, 1, 235, 02/18, H, 186, N], [499-388665-9, 653, 186, 1, 730, 02/18, H, 186, N], [446-800354-6, 653, 186, 4, 4990, 02/18, H, 186, N], [459-436466-3, 653, 186, 2, 3330, 02/18, E, H, %, 186, N], [496-579593-8, 402, 108, 2, 1078, 02/19, 123, N], [496-680719-5, 557, 116, 1, 136, 02/19, 123, N]]],
	LDD 117321 expected [[[493-932474-7, 135, Y], [453-748109-1, 895, 172, 6, 8905, 02/19, 172, Y], [497-271477-3, 205, 172, 8, 7300, 02/18, H, S, @, 172, Y], [161-068971-X, 152, 172, 1, 124, 02/18, H, 172, Y], [459-397992-X, 203, 172, 1, 437, 02/18, H, 172, Y], [482-834556-3, 642, 172, 1, 210, 02/19, S, 172, Y], [642-358187-6, 642, 172, 1, 93, 02/18, 172, Y]]] but found [[[493-932474-7, 135, Y], [453-748109-1, 895, 172, 6, 8905, 02/19, 172, Y], [497-271477-3, 205, 172, 8, 7300, 02/18, S, H, @, 172, Y], [161-068971-X, 152, 172, 1, 124, 02/18, H, 172, Y], [459-397992-X, 203, 172, 1, 437, 02/18, H, 172, Y], [482-834556-3, 642, 172, 1, 210, 02/19, S, 172, Y], [642-358187-6, 642, 172, 1, 93, 02/18, 172, Y]]],
	LDD 117442 expected [[[453-407677-5, 830, 184, 5, 2435, 02/19, 184, Y], [482-182850-3, 830, 184, 1, 620, 02/18, @, 184, Y], [482-788516-8, 431, 184, 1, 985, 02/18, 184, Y], [489-537235-5, 621, 184, 4, 425, 02/19, 184, Y], [493-457583-6, 830, 184, 1, 260, 02/17, 184, Y], [493-603694-8, 833, 184, 1, 153, 02/17, S, 184, Y], [493-801696-6, 218, 184, 1, 603, 02/18, H, S, 184, Y], [497-281464-4, 783, 184, 1, 702, 02/18, 184, Y]]] but found [[[453-407677-5, 830, 184, 5, 2435, 02/19, 184, Y], [482-182850-3, 830, 184, 1, 620, 02/18, @, 184, Y], [482-788516-8, 431, 184, 1, 985, 02/18, 184, Y], [489-537235-5, 621, 184, 4, 425, 02/19, 184, Y], [493-457583-6, 830, 184, 1, 260, 02/17, 184, Y], [493-603694-8, 833, 184, 1, 153, 02/17, S, 184, Y], [493-801696-6, 218, 184, 1, 603, 02/18, S, H, 184, Y], [497-281464-4, 783, 184, 1, 702, 02/18, 184, Y]]],
	UAD 280565 expected [[[499-390127-X, 126, 402, 1, 1800, 02/19, E, 135, N], [499-382092-4, 126, 653, 4, 1615, 02/18, H, E, 135, N], [499-391565-2, 126, 423, 2, 1440, 02/19, H, E, 135, N], [499-387312-9, 126, 508, 2, 757, 02/22, E, 135, N], [499-391899-9, 126, 511, 1, 313, 02/22, E, 135, N], [499-389568-8, 126, 714, 1, 60, 02/19, H, E, 135, N], [499-386019-4, 126, 616, 1, 600, 02/18, H, E, 135, N], [499-388998-6, 126, 757, 1, 50, 02/19, S, 135, N], [499-389556-9, 126, 309, 1, 20, 02/18, H, E, 135, N], [499-391471-8, 126, 805, 1, 512, 02/23, E, 135, N], [458-265419-0, 126, 889, 1, 246, 02/23, 135, N], [458-265420-X, 126, 889, 1, 218, 02/23, 135, N], [495-363938-8, 126, 521, 1, 255, 02/22, E, 135, N], [495-359820-1, 126, 183, 2, 100, 02/18, H, 135, N], [495-367144-3, 126, 878, 1, 300, 02/23, E, 135, N], [489-386883-9, 126, 580, 1, 167, 02/23, S, 135, N], [109-124505-4, 126, 557, 1, 142, 02/22, S, 135, N], [083-033353-X, 830, 140, 1, 150]]] but found [[[499-390127-X, 126, 402, 1, 1800, 02/19, E, 135, N], [499-382092-4, 126, 653, 4, 1615, 02/18, E, H, 135, N], [499-391565-2, 126, 423, 2, 1440, 02/19, E, H, 135, N], [499-387312-9, 126, 508, 2, 757, 02/22, E, 135, N], [499-391899-9, 126, 511, 1, 313, 02/22, E, 135, N], [499-389568-8, 126, 714, 1, 60, 02/19, E, H, 135, N], [499-386019-4, 126, 616, 1, 600, 02/18, E, H, 135, N], [499-388998-6, 126, 757, 1, 50, 02/19, S, 135, N], [499-389556-9, 126, 309, 1, 20, 02/18, E, H, 135, N], [499-391471-8, 126, 805, 1, 512, 02/23, E, 135, N], [458-265419-0, 126, 889, 1, 246, 02/23, 135, N], [458-265420-X, 126, 889, 1, 218, 02/23, 135, N], [495-363938-8, 126, 521, 1, 255, 02/22, E, 135, N], [495-359820-1, 126, 183, 2, 100, 02/18, H, 135, N], [495-367144-3, 126, 878, 1, 300, 02/23, E, 135, N], [489-386883-9, 126, 580, 1, 167, 02/23, S, 135, N], [109-124505-4, 126, 557, 1, 142, 02/22, S, 135, N], [083-033353-X, 830, 140, 1, 150]]]">
      <![CDATA[java.lang.AssertionError: The following asserts failed:
	ARR 119760 expected [[[454-085846-9, 112, 730, 3, 2765, 02/19, @, 653, N], [454-085837-7, 112, 754, 1, 240, 02/19, H, @, 653, N], [417-518152-3, 112, 623, 2, 454, 02/19, H, 653, N], [417-518150-5, 112, 688, 1, 492, 02/19, H, 653, N], [482-807738-3, 112, 653, 1, 682, 02/18, H, S, 653, N], [482-807720-X, 112, 705, 2, 591, 02/19, H, S, 653, N], [449-215992-4, 112, 754, 1, 886, 02/19, H, 653, N], [499-005679-8, 112, 754, 1, 2570, 02/19, H, 653, N], [496-949864-8, 112, 685, 2, 107, 02/19, H, @, 653, N], [499-005677-X, 112, 688, 1, 125, 02/19, H, 653, N], [496-942326-0, 112, 683, 3, 739, 02/19, H, 653, N], [496-942324-2, 112, 683, 4, 986, 02/19, H, 653, N]]] but found [[[454-085846-9, 112, 730, 3, 2765, 02/19, @, 653, N], [454-085837-7, 112, 754, 1, 240, 02/19, H, @, 653, N], [417-518152-3, 112, 623, 2, 454, 02/19, H, 653, N], [417-518150-5, 112, 688, 1, 492, 02/19, H, 653, N], [482-807738-3, 112, 653, 1, 682, 02/18, S, H, 653, N], [482-807720-X, 112, 705, 2, 591, 02/19, S, H, 653, N], [449-215992-4, 112, 754, 1, 886, 02/19, H, 653, N], [499-005679-8, 112, 754, 1, 2570, 02/19, H, 653, N], [496-949864-8, 112, 685, 2, 107, 02/19, H, @, 653, N], [499-005677-X, 112, 688, 1, 125, 02/19, H, 653, N], [496-942326-0, 112, 683, 3, 739, 02/19, H, 653, N], [496-942324-2, 112, 683, 4, 986, 02/19, H, 653, N]]],
	ARR 127128 expected [[[428-563195-5, 187, 894, 1, 350, 02/24, 211, N], [499-389833-7, 187, 251, 2, 3250, 02/18, H, E, 211, N], [499-381783-5, 187, 250, 1, 159, 02/18, H, %, 211, N], [499-381773-4, 187, 250, 1, 159, 02/18, H, %, 211, N], [499-382361-X, 187, 250, 1, 159, 02/18, H, %, 211, N], [459-501812-8, 187, 303, 1, 165, 02/18, H, E, 211, N], [496-166421-9, 187, 890, 1, 220, 02/22, 211, N], [499-390003-2, 187, 313, 1, 222, 02/18, H, 211, N], [496-169376-2, 187, 251, 1, 299, 02/18, H, 211, N], [499-386547-4, 187, 303, 1, 310, 02/18, H, 211, N], [459-501809-0, 187, 244, 1, 494, 02/18, H, 211, N], [499-388277-1, 187, 244, 1, 550, 02/18, H, 211, N], [459-485606-0, 187, 223, 1, 2182, 02/18, H, 211, N], [787-390408-4, 187, 303, 8, 4650, 02/18, H, 211, N], [496-169373-5, 187, 303, 2, 4675, 02/18, H, 211, N]]] but found [[[428-563195-5, 187, 894, 1, 350, 02/24, 211, N], [499-389833-7, 187, 251, 2, 3250, 02/18, E, H, 211, N], [499-381783-5, 187, 250, 1, 159, 02/18, H, %, 211, N], [499-381773-4, 187, 250, 1, 159, 02/18, H, %, 211, N], [499-382361-X, 187, 250, 1, 159, 02/18, H, %, 211, N], [459-501812-8, 187, 303, 1, 165, 02/18, E, H, 211, N], [496-166421-9, 187, 890, 1, 220, 02/22, 211, N], [499-390003-2, 187, 313, 1, 222, 02/18, H, 211, N], [496-169376-2, 187, 251, 1, 299, 02/18, H, 211, N], [499-386547-4, 187, 303, 1, 310, 02/18, H, 211, N], [459-501809-0, 187, 244, 1, 494, 02/18, H, 211, N], [499-388277-1, 187, 244, 1, 550, 02/18, H, 211, N], [459-485606-0, 187, 223, 1, 2182, 02/18, H, 211, N], [787-390408-4, 187, 303, 8, 4650, 02/18, H, 211, N], [496-169373-5, 187, 303, 2, 4675, 02/18, H, 211, N]]],
	CLTG 431157 expected [[[493-152816-7, 347, 135, 3, 540, 02/17, 135, N], [493-156646-5, 347, 135, 13, 6045, 02/16, @, 135, N], [496-097260-2, 112, 135, 5, 9075, 02/16, H, @, 135, N], [449-044884-7, 132, 135, 1, 280, 02/18, H, @, 135, N], [489-759202-7, 251, 135, 5, 1400, 02/17, H, F, @, 135, N], [449-036340-4, 132, 135, 5, 1890, 02/18, H, 135, N], [446-348886-1, 347, 135, 1, 440, 02/17, 135, N], [496-584231-1, 402, 135, 5, 3495, 02/18, 135, N]]] but found [[[493-152816-7, 347, 135, 3, 540, 02/17, 135, N], [493-156646-5, 347, 135, 13, 6045, 02/16, @, 135, N], [496-097260-2, 112, 135, 5, 9075, 02/16, H, @, 135, N], [449-044884-7, 132, 135, 1, 280, 02/18, H, @, 135, N], [489-759202-7, 251, 135, 5, 1400, 02/17, H, @, F, 135, N], [449-036340-4, 132, 135, 5, 1890, 02/18, H, 135, N], [446-348886-1, 347, 135, 1, 440, 02/17, 135, N], [496-584231-1, 402, 135, 5, 3495, 02/18, 135, N]]],
	ENR 115548 expected [[[298-837399-9, 191, 423, 1, 1315, 02/22, 653, N], [941-201094-8, 163, 682, 2, 3791, 02/19, S, 653, N], [123-803636-2, 123, 757, 1, 1595, 02/22, 653, N], [496-606088-1, 266, 423, 2, 2795, 02/19, 653, N], [458-057294-5, 511, 653, 1, 1367, 02/16, 653, N], [458-620078-3, 104, 653, 1, 217, 02/19, 653, N], [237-697099-4, 237, 682, 7, 6112, 02/22, 653, N], [459-162883-5, 123, 754, 2, 120, 02/19, 653, N], [123-798239-9, 123, 757, 1, 255, 02/22, 653, N], [417-642101-2, 123, 757, 1, 300, 02/23, @, 653, N], [496-693083-5, 123, 682, 1, 530, 02/22, H, S, 653, N], [495-639500-7, 160, 757, 1, 299, 02/19, 653, N], [499-385152-2, 160, 418, 1, 162, 02/19, 653, N], [104-209325-5, 104, 423, 1, 197, 02/22, @, 653, N], [427-550912-1, 173, 688, 1, 20, 02/23, 653, N], [119-188160-6, 617, 1, 345, 653, N], [119-501423-1, 653, N]]] but found [[[298-837399-9, 191, 423, 1, 1315, 02/22, 653, N], [941-201094-8, 163, 682, 2, 3791, 02/19, S, 653, N], [123-803636-2, 123, 757, 1, 1595, 02/22, 653, N], [496-606088-1, 266, 423, 2, 2795, 02/19, 653, N], [458-057294-5, 511, 653, 1, 1367, 02/16, 653, N], [458-620078-3, 104, 653, 1, 217, 02/19, 653, N], [237-697099-4, 237, 682, 7, 6112, 02/22, 653, N], [459-162883-5, 123, 754, 2, 120, 02/19, 653, N], [123-798239-9, 123, 757, 1, 255, 02/22, 653, N], [417-642101-2, 123, 757, 1, 300, 02/23, @, 653, N], [496-693083-5, 123, 682, 1, 530, 02/22, S, H, 653, N], [495-639500-7, 160, 757, 1, 299, 02/19, 653, N], [499-385152-2, 160, 418, 1, 162, 02/19, 653, N], [104-209325-5, 104, 423, 1, 197, 02/22, @, 653, N], [427-550912-1, 173, 688, 1, 20, 02/23, 653, N], [119-188160-6, 617, 1, 345, 653, N], [119-501423-1, 653, N]]],
	ENR 115577 expected [[[459-500988-7, 187, 261, 1, 95, 02/18, H, 135, N], [459-500989-6, 187, 641, 1, 95, 02/23, 135, N], [496-165265-X, 187, 726, 1, 113, 02/22, 135, N], [496-165264-0, 187, 705, 1, 92, 02/22, H, 135, N], [499-386418-1, 187, 557, 1, 175, 02/22, H, 135, N], [499-386004-8, 187, 616, 3, 2800, 02/18, H, 135, N], [428-550379-6, 187, 422, 3, 1800, 02/19, H, 135, N], [496-165266-9, 187, 261, 1, 770, 02/18, H, 135, N], [428-550377-8, 187, 345, 1, 300, 02/23, H, 135, N], [496-165267-8, 187, 508, 1, 599, 02/19, H, 135, N], [496-165268-7, 187, 525, 1, 767, 02/19, H, 135, N], [496-165269-6, 187, 625, 1, 1275, 02/23, 135, N], [499-385005-6, 187, 532, 17, 6800, 02/22, 135, N], [499-385192-6, 187, 532, 1, 400, 02/22, 135, N], [018-756027-3, 187, 740, 1, 563, 02/02, H, E, 135, N]]] but found [[[459-500988-7, 187, 261, 1, 95, 02/18, H, 135, N], [459-500989-6, 187, 641, 1, 95, 02/23, 135, N], [496-165265-X, 187, 726, 1, 113, 02/22, 135, N], [496-165264-0, 187, 705, 1, 92, 02/22, H, 135, N], [499-386418-1, 187, 557, 1, 175, 02/22, H, 135, N], [499-386004-8, 187, 616, 3, 2800, 02/18, H, 135, N], [428-550379-6, 187, 422, 3, 1800, 02/19, H, 135, N], [496-165266-9, 187, 261, 1, 770, 02/18, H, 135, N], [428-550377-8, 187, 345, 1, 300, 02/23, H, 135, N], [496-165267-8, 187, 508, 1, 599, 02/19, H, 135, N], [496-165268-7, 187, 525, 1, 767, 02/19, H, 135, N], [496-165269-6, 187, 625, 1, 1275, 02/23, 135, N], [499-385005-6, 187, 532, 17, 6800, 02/22, 135, N], [499-385192-6, 187, 532, 1, 400, 02/22, 135, N], [018-756027-3, 187, 740, 1, 563, 02/02, E, H, 135, N]]],
	ENR 117315 expected [[[134-361063-1, 186, 671, 48, 909, 02/18, H, 135, N], [495-972453-2, 186, 641, 1, 301, 02/24, 135, N], [495-972454-1, 186, 149, 1, 402, 02/19, H, 135, N], [134-326047-4, 186, 644, 2, 236, 02/18, H, 135, N], [134-347650-5, 186, 617, 1, 200, 02/18, H, 135, N], [497-283886-2, 186, 617, 1, 2900, 02/18, H, 135, N], [495-980094-6, 186, 671, 3, 2040, 02/18, H, 135, N], [495-972804-3, 186, 213, 1, 315, 02/18, H, 135, N], [495-973046-3, 186, 616, 1, 285, 02/18, H, 135, N], [495-973868-6, 186, 650, 1, 320, 02/18, H, 135, N], [495-973045-4, 186, 177, 2, 1230, 02/18, H, 135, N], [495-987945-9, 186, 201, 3, 1500, 02/18, H, 135, N], [499-000363-0, 186, 896, 1, 10, 02/24, 135, N], [134-163202-5, 186, 617, 1, 472, 02/18, H, 135, N], [499-391183-X, 186, 616, 1, 210, 02/19, H, 135, N], [499-391716-5, 186, 213, 1, 266, 02/19, H, 135, N], [499-390566-0, 186, 615, 1, 35, 02/18, H, 135, N], [495-991808-7, 186, 615, 1, 230, 02/18, H, 135, N], [499-390786-0, 186, 508, 1, 310, 02/22, H, E, 135, N], [495-976945-9, 186, 149, 1, 300, 02/18, H, 135, N], [495-990585-9, 186, 671, 2, 1240, 02/18, H, S, 135, N]]] but found [[[134-361063-1, 186, 671, 48, 909, 02/18, H, 135, N], [495-972453-2, 186, 641, 1, 301, 02/24, 135, N], [495-972454-1, 186, 149, 1, 402, 02/19, H, 135, N], [134-326047-4, 186, 644, 2, 236, 02/18, H, 135, N], [134-347650-5, 186, 617, 1, 200, 02/18, H, 135, N], [497-283886-2, 186, 617, 1, 2900, 02/18, H, 135, N], [495-980094-6, 186, 671, 3, 2040, 02/18, H, 135, N], [495-972804-3, 186, 213, 1, 315, 02/18, H, 135, N], [495-973046-3, 186, 616, 1, 285, 02/18, H, 135, N], [495-973868-6, 186, 650, 1, 320, 02/18, H, 135, N], [495-973045-4, 186, 177, 2, 1230, 02/18, H, 135, N], [495-987945-9, 186, 201, 3, 1500, 02/18, H, 135, N], [499-000363-0, 186, 896, 1, 10, 02/24, 135, N], [134-163202-5, 186, 617, 1, 472, 02/18, H, 135, N], [499-391183-X, 186, 616, 1, 210, 02/19, H, 135, N], [499-391716-5, 186, 213, 1, 266, 02/19, H, 135, N], [499-390566-0, 186, 615, 1, 35, 02/18, H, 135, N], [495-991808-7, 186, 615, 1, 230, 02/18, H, 135, N], [499-390786-0, 186, 508, 1, 310, 02/22, E, H, 135, N], [495-976945-9, 186, 149, 1, 300, 02/18, H, 135, N], [495-990585-9, 186, 671, 2, 1240, 02/18, S, H, 135, N]]],
	ENR 118656 expected [[[496-725242-X, 216, 132, 1, 1200, 02/18, H, 135, N], [919-581102-6, 830, 152, 1, 60, 02/22, 135, N], [489-795379-9, 216, 165, 1, 203, 02/18, H, 135, N], [459-586125-X, 216, 183, 1, 240, 02/18, H, 135, N], [446-161283-X, 216, 150, 1, 233, 02/18, H, 135, N], [489-802520-7, 216, 187, 2, 1665, 02/18, H, @, 135, N], [489-795583-3, 216, 187, 1, 383, 02/18, H, 135, N], [499-388731-9, 216, 111, 2, 336, 02/18, H, 135, N], [489-803690-3, 216, 184, 2, 353, 02/22, H, 135, N], [489-797474-4, 216, 158, 1, 281, 02/18, H, %, 135, N], [496-721210-5, 216, 183, 1, 186, 02/18, H, 135, N], [496-720116-X, 216, 150, 1, 332, 02/18, H, 135, N], [496-721209-6, 216, 153, 1, 316, 02/18, H, 135, N], [496-720117-9, 216, 150, 1, 336, 02/18, H, 135, N], [496-721153-7, 216, 111, 1, 232, 02/18, H, 135, N], [499-054779-1, 216, 187, 1, 288, 02/18, H, 135, N], [499-388621-9, 216, 116, 4, 8400, 02/18, H, 135, N], [489-802695-8, 216, 187, 1, 620, 02/18, H, 135, N], [489-803754-5, 216, 132, 1, 267, 02/19, H, 135, N], [489-792470-3, 216, 152, 1, 152, 02/19, H, @, 135, N], [493-402165-6, 216, 158, 3, 96, 02/18, H, 135, N], [489-792510-7, 216, 152, 1, 671, 02/19, H, @, 135, N], [489-798494-7, 216, 184, 1, 276, 02/19, H, S, 135, N], [482-013523-7, 216, 152, 1, 79, 02/19, H, 135, N]]] but found [[[496-725242-X, 216, 132, 1, 1200, 02/18, H, 135, N], [919-581102-6, 830, 152, 1, 60, 02/22, 135, N], [489-795379-9, 216, 165, 1, 203, 02/18, H, 135, N], [459-586125-X, 216, 183, 1, 240, 02/18, H, 135, N], [446-161283-X, 216, 150, 1, 233, 02/18, H, 135, N], [489-802520-7, 216, 187, 2, 1665, 02/18, H, @, 135, N], [489-795583-3, 216, 187, 1, 383, 02/18, H, 135, N], [499-388731-9, 216, 111, 2, 336, 02/18, H, 135, N], [489-803690-3, 216, 184, 2, 353, 02/22, H, 135, N], [489-797474-4, 216, 158, 1, 281, 02/18, H, %, 135, N], [496-721210-5, 216, 183, 1, 186, 02/18, H, 135, N], [496-720116-X, 216, 150, 1, 332, 02/18, H, 135, N], [496-721209-6, 216, 153, 1, 316, 02/18, H, 135, N], [496-720117-9, 216, 150, 1, 336, 02/18, H, 135, N], [496-721153-7, 216, 111, 1, 232, 02/18, H, 135, N], [499-054779-1, 216, 187, 1, 288, 02/18, H, 135, N], [499-388621-9, 216, 116, 4, 8400, 02/18, H, 135, N], [489-802695-8, 216, 187, 1, 620, 02/18, H, 135, N], [489-803754-5, 216, 132, 1, 267, 02/19, H, 135, N], [489-792470-3, 216, 152, 1, 152, 02/19, H, @, 135, N], [493-402165-6, 216, 158, 3, 96, 02/18, H, 135, N], [489-792510-7, 216, 152, 1, 671, 02/19, H, @, 135, N], [489-798494-7, 216, 184, 1, 276, 02/19, S, H, 135, N], [482-013523-7, 216, 152, 1, 79, 02/19, H, 135, N]]],
	ENR 119359 expected [[[499-385557-4, 401, 186, 1, 314, 02/19, H, 186, N], [493-981475-0, 740, 186, 1, 250, 02/19, H, 186, N], [482-420811-5, 423, 186, 10, 4756, 02/19, H, 186, N], [935-188820-6, 653, 186, 1, 131, 02/18, H, 186, N], [459-444225-X, 653, 186, 1, 295, 02/18, H, 186, N], [459-439800-2, 653, 186, 1, 24, 02/19, H, 186, N], [497-755190-4, 653, 186, 1, 235, 02/18, H, 186, N], [499-388665-9, 653, 186, 1, 730, 02/18, H, 186, N], [446-800354-6, 653, 186, 4, 4990, 02/18, H, 186, N], [459-436466-3, 653, 186, 2, 3330, 02/18, H, E, %, 186, N], [496-579593-8, 402, 108, 2, 1078, 02/19, 123, N], [496-680719-5, 557, 116, 1, 136, 02/19, 123, N]]] but found [[[499-385557-4, 401, 186, 1, 314, 02/19, H, 186, N], [493-981475-0, 740, 186, 1, 250, 02/19, H, 186, N], [482-420811-5, 423, 186, 10, 4756, 02/19, H, 186, N], [935-188820-6, 653, 186, 1, 131, 02/18, H, 186, N], [459-444225-X, 653, 186, 1, 295, 02/18, H, 186, N], [459-439800-2, 653, 186, 1, 24, 02/19, H, 186, N], [497-755190-4, 653, 186, 1, 235, 02/18, H, 186, N], [499-388665-9, 653, 186, 1, 730, 02/18, H, 186, N], [446-800354-6, 653, 186, 4, 4990, 02/18, H, 186, N], [459-436466-3, 653, 186, 2, 3330, 02/18, E, H, %, 186, N], [496-579593-8, 402, 108, 2, 1078, 02/19, 123, N], [496-680719-5, 557, 116, 1, 136, 02/19, 123, N]]],
	LDD 117321 expected [[[493-932474-7, 135, Y], [453-748109-1, 895, 172, 6, 8905, 02/19, 172, Y], [497-271477-3, 205, 172, 8, 7300, 02/18, H, S, @, 172, Y], [161-068971-X, 152, 172, 1, 124, 02/18, H, 172, Y], [459-397992-X, 203, 172, 1, 437, 02/18, H, 172, Y], [482-834556-3, 642, 172, 1, 210, 02/19, S, 172, Y], [642-358187-6, 642, 172, 1, 93, 02/18, 172, Y]]] but found [[[493-932474-7, 135, Y], [453-748109-1, 895, 172, 6, 8905, 02/19, 172, Y], [497-271477-3, 205, 172, 8, 7300, 02/18, S, H, @, 172, Y], [161-068971-X, 152, 172, 1, 124, 02/18, H, 172, Y], [459-397992-X, 203, 172, 1, 437, 02/18, H, 172, Y], [482-834556-3, 642, 172, 1, 210, 02/19, S, 172, Y], [642-358187-6, 642, 172, 1, 93, 02/18, 172, Y]]],
	LDD 117442 expected [[[453-407677-5, 830, 184, 5, 2435, 02/19, 184, Y], [482-182850-3, 830, 184, 1, 620, 02/18, @, 184, Y], [482-788516-8, 431, 184, 1, 985, 02/18, 184, Y], [489-537235-5, 621, 184, 4, 425, 02/19, 184, Y], [493-457583-6, 830, 184, 1, 260, 02/17, 184, Y], [493-603694-8, 833, 184, 1, 153, 02/17, S, 184, Y], [493-801696-6, 218, 184, 1, 603, 02/18, H, S, 184, Y], [497-281464-4, 783, 184, 1, 702, 02/18, 184, Y]]] but found [[[453-407677-5, 830, 184, 5, 2435, 02/19, 184, Y], [482-182850-3, 830, 184, 1, 620, 02/18, @, 184, Y], [482-788516-8, 431, 184, 1, 985, 02/18, 184, Y], [489-537235-5, 621, 184, 4, 425, 02/19, 184, Y], [493-457583-6, 830, 184, 1, 260, 02/17, 184, Y], [493-603694-8, 833, 184, 1, 153, 02/17, S, 184, Y], [493-801696-6, 218, 184, 1, 603, 02/18, S, H, 184, Y], [497-281464-4, 783, 184, 1, 702, 02/18, 184, Y]]],
	UAD 280565 expected [[[499-390127-X, 126, 402, 1, 1800, 02/19, E, 135, N], [499-382092-4, 126, 653, 4, 1615, 02/18, H, E, 135, N], [499-391565-2, 126, 423, 2, 1440, 02/19, H, E, 135, N], [499-387312-9, 126, 508, 2, 757, 02/22, E, 135, N], [499-391899-9, 126, 511, 1, 313, 02/22, E, 135, N], [499-389568-8, 126, 714, 1, 60, 02/19, H, E, 135, N], [499-386019-4, 126, 616, 1, 600, 02/18, H, E, 135, N], [499-388998-6, 126, 757, 1, 50, 02/19, S, 135, N], [499-389556-9, 126, 309, 1, 20, 02/18, H, E, 135, N], [499-391471-8, 126, 805, 1, 512, 02/23, E, 135, N], [458-265419-0, 126, 889, 1, 246, 02/23, 135, N], [458-265420-X, 126, 889, 1, 218, 02/23, 135, N], [495-363938-8, 126, 521, 1, 255, 02/22, E, 135, N], [495-359820-1, 126, 183, 2, 100, 02/18, H, 135, N], [495-367144-3, 126, 878, 1, 300, 02/23, E, 135, N], [489-386883-9, 126, 580, 1, 167, 02/23, S, 135, N], [109-124505-4, 126, 557, 1, 142, 02/22, S, 135, N], [083-033353-X, 830, 140, 1, 150]]] but found [[[499-390127-X, 126, 402, 1, 1800, 02/19, E, 135, N], [499-382092-4, 126, 653, 4, 1615, 02/18, E, H, 135, N], [499-391565-2, 126, 423, 2, 1440, 02/19, E, H, 135, N], [499-387312-9, 126, 508, 2, 757, 02/22, E, 135, N], [499-391899-9, 126, 511, 1, 313, 02/22, E, 135, N], [499-389568-8, 126, 714, 1, 60, 02/19, E, H, 135, N], [499-386019-4, 126, 616, 1, 600, 02/18, E, H, 135, N], [499-388998-6, 126, 757, 1, 50, 02/19, S, 135, N], [499-389556-9, 126, 309, 1, 20, 02/18, E, H, 135, N], [499-391471-8, 126, 805, 1, 512, 02/23, E, 135, N], [458-265419-0, 126, 889, 1, 246, 02/23, 135, N], [458-265420-X, 126, 889, 1, 218, 02/23, 135, N], [495-363938-8, 126, 521, 1, 255, 02/22, E, 135, N], [495-359820-1, 126, 183, 2, 100, 02/18, H, 135, N], [495-367144-3, 126, 878, 1, 300, 02/23, E, 135, N], [489-386883-9, 126, 580, 1, 167, 02/23, S, 135, N], [109-124505-4, 126, 557, 1, 142, 02/22, S, 135, N], [083-033353-X, 830, 140, 1, 150]]]
	at org.testng.asserts.SoftAssert.assertAll(SoftAssert.java:43)
	at InquiryTesting.US100002InquiryScreen.DisplayProGrid(US100002InquiryScreen.java:235)
	at sun.reflect.NativeMethodAccessorImpl.invoke0(Native Method)
	at sun.reflect.NativeMethodAccessorImpl.invoke(NativeMethodAccessorImpl.java:57)
	at sun.reflect.DelegatingMethodAccessorImpl.invoke(DelegatingMethodAccessorImpl.java:43)
	at java.lang.reflect.Method.invoke(Method.java:601)
	at org.testng.internal.MethodInvocationHelper.invokeMethod(MethodInvocationHelper.java:86)
	at org.testng.internal.Invoker.invokeMethod(Invoker.java:646)
	at org.testng.internal.Invoker.invokeTestMethod(Invoker.java:823)
	at org.testng.internal.Invoker.invokeTestMethods(Invoker.java:1131)
	at org.testng.internal.TestMethodWorker.invokeTestMethods(TestMethodWorker.java:129)
	at org.testng.internal.TestMethodWorker.run(TestMethodWorker.java:112)
	at org.testng.TestRunner.privateRun(TestRunner.java:778)
	at org.testng.TestRunner.run(TestRunner.java:632)
	at org.testng.SuiteRunner.runTest(SuiteRunner.java:366)
	at org.testng.SuiteRunner.runSequentially(SuiteRunner.java:361)
	at org.testng.SuiteRunner.privateRun(SuiteRunner.java:319)
	at org.testng.SuiteRunner.run(SuiteRunner.java:268)
	at org.testng.SuiteRunnerWorker.runSuite(SuiteRunnerWorker.java:52)
	at org.testng.SuiteRunnerWorker.run(SuiteRunnerWorker.java:86)
	at org.testng.TestNG.runSuitesSequentially(TestNG.java:1225)
	at org.testng.TestNG.runSuitesLocally(TestNG.java:1150)
	at org.testng.TestNG.runSuites(TestNG.java:1075)
	at org.testng.TestNG.run(TestNG.java:1047)
	at org.testng.remote.AbstractRemoteTestNG.run(AbstractRemoteTestNG.java:126)
	at org.testng.remote.RemoteTestNG.initAndRun(RemoteTestNG.java:137)
	at org.testng.remote.RemoteTestNG.main(RemoteTestNG.java:58)
]]>
    </failure>
  </testcase> <!-- DisplayProGrid -->
  <testcase name="DisplayProGrid" time="27.344" classname="InquiryTesting.US100002InquiryScreen"/>
  <testcase name="DisplayListOfStatuses" time="24.255" classname="InquiryTesting.US100002InquiryScreen"/>
  <testcase name="DisplayListOfStatuses" time="26.508" classname="InquiryTesting.US100002InquiryScreen"/>
  <testcase name="DisplayListOfStatusesAndPup" time="27.704" classname="InquiryTesting.US100002InquiryScreen"/>
  <testcase name="DisplayListOfStatuses" time="24.032" classname="InquiryTesting.US100002InquiryScreen"/>
  <testcase name="DisplayListOfStatusesAndPup" time="26.433" classname="InquiryTesting.US100002InquiryScreen"/>
  <testcase name="DisplayTrailerGrid" time="316.062" classname="InquiryTesting.US100002InquiryScreen"/>
  <testcase name="DisplayListOfStatuses" time="32.363" classname="InquiryTesting.US100002InquiryScreen"/>
  <testcase name="DisplayTrailerGrid" time="109.057" classname="InquiryTesting.US100002InquiryScreen"/>
  <testcase name="DisplayTrailerGrid" time="26.779" classname="InquiryTesting.US100002InquiryScreen"/>
  <testcase name="DisplayListOfStatusesAndPup" time="27.474" classname="InquiryTesting.US100002InquiryScreen"/>
  <testcase name="DisplayProGrid" time="366.212" classname="InquiryTesting.US100002InquiryScreen">
    <failure type="java.lang.AssertionError" message="The following asserts failed:
	ENR 123442 expected [[[482-957322-8, 851, 158, 3, 4065, 02/18, 111, N], [496-040870-6, 851, 158, 1, 307, 02/17, 111, N], [493-718140-6, 303, 158, 1, 284, 02/18, H, 158, N], [493-646408-7, 246, 158, 1, 407, 02/18, H, 158, N], [454-023290-8, 388, 158, 2, 445, 02/17, 158, N], [493-516571-0, 251, 158, 2, 362, 02/17, H, 158, N], [497-532127-9, 347, 158, 1, 754, 02/17, 158, N], [499-382702-X, 218, 158, 3, 1589, 02/17, H, 158, N], [458-974577-1, 243, 158, 1, 585, 02/18, H, 158, N], [458-225175-6, 621, 158, 1, 548, 02/18, H, E, 158, N], [496-622301-2, 304, 158, 1, 635, 02/19, H, 158, N], [454-637727-9, 858, 158, 1, 620, 02/19, 158, N], [496-060585-3, 303, 158, 1, 684, 02/19, H, 158, N], [427-886872-3, 318, 158, 1, 180, 02/19, H, S, 158, N], [489-853729-3, 318, 158, 2, 430, 02/19, H, 158, N], [458-209043-1, 621, 158, 1, 850, 02/18, H, 158, N], [495-478577-0, 319, 158, 1, 200, 02/18, H, 158, N], [495-893219-3, 347, 158, 1, 213, 02/18, 158, N], [496-023888-4, 621, 158, 9, 165, 02/18, H, @, 158, N], [495-893197-3, 347, 158, 1, 187, 02/18, 158, N], [495-893198-2, 347, 158, 12, 1718, 02/18, 158, N], [454-532225-X, 315, 158, 1, 1335, 02/18, H, 158, N]]] but found [[[482-957322-8, 851, 158, 3, 4065, 02/18, 111, N], [496-040870-6, 851, 158, 1, 307, 02/17, 111, N], [493-718140-6, 303, 158, 1, 284, 02/18, H, 158, N], [493-646408-7, 246, 158, 1, 407, 02/18, H, 158, N], [454-023290-8, 388, 158, 2, 445, 02/17, 158, N], [493-516571-0, 251, 158, 2, 362, 02/17, H, 158, N], [497-532127-9, 347, 158, 1, 754, 02/17, 158, N], [499-382702-X, 218, 158, 3, 1589, 02/17, H, 158, N], [458-974577-1, 243, 158, 1, 585, 02/18, H, 158, N], [458-225175-6, 621, 158, 1, 548, 02/18, E, H, 158, N], [496-622301-2, 304, 158, 1, 635, 02/19, H, 158, N], [454-637727-9, 858, 158, 1, 620, 02/19, 158, N], [496-060585-3, 303, 158, 1, 684, 02/19, H, 158, N], [427-886872-3, 318, 158, 1, 180, 02/19, S, H, 158, N], [489-853729-3, 318, 158, 2, 430, 02/19, H, 158, N], [458-209043-1, 621, 158, 1, 850, 02/18, H, 158, N], [495-478577-0, 319, 158, 1, 200, 02/18, H, 158, N], [495-893219-3, 347, 158, 1, 213, 02/18, 158, N], [496-023888-4, 621, 158, 9, 165, 02/18, H, @, 158, N], [495-893197-3, 347, 158, 1, 187, 02/18, 158, N], [495-893198-2, 347, 158, 12, 1718, 02/18, 158, N], [454-532225-X, 315, 158, 1, 1335, 02/18, H, 158, N]]]">
      <![CDATA[java.lang.AssertionError: The following asserts failed:
	ENR 123442 expected [[[482-957322-8, 851, 158, 3, 4065, 02/18, 111, N], [496-040870-6, 851, 158, 1, 307, 02/17, 111, N], [493-718140-6, 303, 158, 1, 284, 02/18, H, 158, N], [493-646408-7, 246, 158, 1, 407, 02/18, H, 158, N], [454-023290-8, 388, 158, 2, 445, 02/17, 158, N], [493-516571-0, 251, 158, 2, 362, 02/17, H, 158, N], [497-532127-9, 347, 158, 1, 754, 02/17, 158, N], [499-382702-X, 218, 158, 3, 1589, 02/17, H, 158, N], [458-974577-1, 243, 158, 1, 585, 02/18, H, 158, N], [458-225175-6, 621, 158, 1, 548, 02/18, H, E, 158, N], [496-622301-2, 304, 158, 1, 635, 02/19, H, 158, N], [454-637727-9, 858, 158, 1, 620, 02/19, 158, N], [496-060585-3, 303, 158, 1, 684, 02/19, H, 158, N], [427-886872-3, 318, 158, 1, 180, 02/19, H, S, 158, N], [489-853729-3, 318, 158, 2, 430, 02/19, H, 158, N], [458-209043-1, 621, 158, 1, 850, 02/18, H, 158, N], [495-478577-0, 319, 158, 1, 200, 02/18, H, 158, N], [495-893219-3, 347, 158, 1, 213, 02/18, 158, N], [496-023888-4, 621, 158, 9, 165, 02/18, H, @, 158, N], [495-893197-3, 347, 158, 1, 187, 02/18, 158, N], [495-893198-2, 347, 158, 12, 1718, 02/18, 158, N], [454-532225-X, 315, 158, 1, 1335, 02/18, H, 158, N]]] but found [[[482-957322-8, 851, 158, 3, 4065, 02/18, 111, N], [496-040870-6, 851, 158, 1, 307, 02/17, 111, N], [493-718140-6, 303, 158, 1, 284, 02/18, H, 158, N], [493-646408-7, 246, 158, 1, 407, 02/18, H, 158, N], [454-023290-8, 388, 158, 2, 445, 02/17, 158, N], [493-516571-0, 251, 158, 2, 362, 02/17, H, 158, N], [497-532127-9, 347, 158, 1, 754, 02/17, 158, N], [499-382702-X, 218, 158, 3, 1589, 02/17, H, 158, N], [458-974577-1, 243, 158, 1, 585, 02/18, H, 158, N], [458-225175-6, 621, 158, 1, 548, 02/18, E, H, 158, N], [496-622301-2, 304, 158, 1, 635, 02/19, H, 158, N], [454-637727-9, 858, 158, 1, 620, 02/19, 158, N], [496-060585-3, 303, 158, 1, 684, 02/19, H, 158, N], [427-886872-3, 318, 158, 1, 180, 02/19, S, H, 158, N], [489-853729-3, 318, 158, 2, 430, 02/19, H, 158, N], [458-209043-1, 621, 158, 1, 850, 02/18, H, 158, N], [495-478577-0, 319, 158, 1, 200, 02/18, H, 158, N], [495-893219-3, 347, 158, 1, 213, 02/18, 158, N], [496-023888-4, 621, 158, 9, 165, 02/18, H, @, 158, N], [495-893197-3, 347, 158, 1, 187, 02/18, 158, N], [495-893198-2, 347, 158, 12, 1718, 02/18, 158, N], [454-532225-X, 315, 158, 1, 1335, 02/18, H, 158, N]]]
	at org.testng.asserts.SoftAssert.assertAll(SoftAssert.java:43)
	at InquiryTesting.US100002InquiryScreen.DisplayProGrid(US100002InquiryScreen.java:235)
	at sun.reflect.NativeMethodAccessorImpl.invoke0(Native Method)
	at sun.reflect.NativeMethodAccessorImpl.invoke(NativeMethodAccessorImpl.java:57)
	at sun.reflect.DelegatingMethodAccessorImpl.invoke(DelegatingMethodAccessorImpl.java:43)
	at java.lang.reflect.Method.invoke(Method.java:601)
	at org.testng.internal.MethodInvocationHelper.invokeMethod(MethodInvocationHelper.java:86)
	at org.testng.internal.Invoker.invokeMethod(Invoker.java:646)
	at org.testng.internal.Invoker.invokeTestMethod(Invoker.java:823)
	at org.testng.internal.Invoker.invokeTestMethods(Invoker.java:1131)
	at org.testng.internal.TestMethodWorker.invokeTestMethods(TestMethodWorker.java:129)
	at org.testng.internal.TestMethodWorker.run(TestMethodWorker.java:112)
	at org.testng.TestRunner.privateRun(TestRunner.java:778)
	at org.testng.TestRunner.run(TestRunner.java:632)
	at org.testng.SuiteRunner.runTest(SuiteRunner.java:366)
	at org.testng.SuiteRunner.runSequentially(SuiteRunner.java:361)
	at org.testng.SuiteRunner.privateRun(SuiteRunner.java:319)
	at org.testng.SuiteRunner.run(SuiteRunner.java:268)
	at org.testng.SuiteRunnerWorker.runSuite(SuiteRunnerWorker.java:52)
	at org.testng.SuiteRunnerWorker.run(SuiteRunnerWorker.java:86)
	at org.testng.TestNG.runSuitesSequentially(TestNG.java:1225)
	at org.testng.TestNG.runSuitesLocally(TestNG.java:1150)
	at org.testng.TestNG.runSuites(TestNG.java:1075)
	at org.testng.TestNG.run(TestNG.java:1047)
	at org.testng.remote.AbstractRemoteTestNG.run(AbstractRemoteTestNG.java:126)
	at org.testng.remote.RemoteTestNG.initAndRun(RemoteTestNG.java:137)
	at org.testng.remote.RemoteTestNG.main(RemoteTestNG.java:58)
]]>
    </failure>
  </testcase> <!-- DisplayProGrid -->
  <testcase name="DisplayListOfStatusesAndPup" time="28.112" classname="InquiryTesting.US100002InquiryScreen"/>
  <testcase name="DisplayListOfStatusesAndPup" time="34.138" classname="InquiryTesting.US100002InquiryScreen"/>
</testsuite> <!-- InquiryTesting.US100002InquiryScreen -->
