<?xml version="1.0" encoding="UTF-8"?>
<!-- Generated by org.testng.reporters.JUnitReportReporter -->
<testsuite hostname="N700278" name="LdgScreen.US200006FoodAndPoisWarning" tests="12" failures="0" timestamp="16 Jun 2016 06:54:56 GMT" time="137.896" errors="0">
  <testcase name="VerifySinglePoisProForTrailerWithBothFOODandPOIS" time="8.025" classname="LdgScreen.US200006FoodAndPoisWarning"/>
  <testcase name="VerifySinglePoisProForFoodTrailer" time="7.599" classname="LdgScreen.US200006FoodAndPoisWarning"/>
  <testcase name="VerifySingleFoodProForTrailerWithBothFOODandPOIS" time="7.938" classname="LdgScreen.US200006FoodAndPoisWarning"/>
  <testcase name="addBatchFoodToTrailerWithoutPro" time="17.251" classname="LdgScreen.US200006FoodAndPoisWarning"/>
  <testcase name="addSingleFoodToTrailerWithoutPro" time="13.177" classname="LdgScreen.US200006FoodAndPoisWarning"/>
  <testcase name="VerifyBatchProForPoisonTrailer" time="17.067" classname="LdgScreen.US200006FoodAndPoisWarning"/>
  <testcase name="VerifySingleProForPoisonTrailer" time="8.487" classname="LdgScreen.US200006FoodAndPoisWarning"/>
  <testcase name="addSinglePoisToTrailerWithoutPro" time="11.675" classname="LdgScreen.US200006FoodAndPoisWarning"/>
  <testcase name="VerifyBatchProForFoodTrailer" time="11.240" classname="LdgScreen.US200006FoodAndPoisWarning"/>
  <testcase name="VerifyBatchFoodProTrailerWithBothFOODandPOIS" time="11.399" classname="LdgScreen.US200006FoodAndPoisWarning"/>
  <testcase name="addBatchPoisToTrailerWithoutPro" time="13.246" classname="LdgScreen.US200006FoodAndPoisWarning"/>
  <testcase name="VerifyBatchPoisProForTrailerWithBothFOODandPOIS" time="10.792" classname="LdgScreen.US200006FoodAndPoisWarning"/>
</testsuite> <!-- LdgScreen.US200006FoodAndPoisWarning -->
