<?xml version="1.0" encoding="UTF-8"?>
<!-- Generated by org.testng.reporters.JUnitReportReporter -->
<testsuite hostname="N700278" name="TestCase.LdgScreen.US200091SmartEnterLDG" tests="11" failures="1" timestamp="8 Aug 2016 18:52:30 GMT" time="206.113" errors="0">
  <testcase name="TrailerWithoutPROAddPROSetToldg" time="15.241" classname="TestCase.LdgScreen.US200091SmartEnterLDG"/>
  <testcase name="LdgTrailerWithoutProNoChange" time="9.167" classname="TestCase.LdgScreen.US200091SmartEnterLDG">
    <failure type="java.lang.AssertionError" message="The following asserts failed:
	eqps change: Lists differ at element [5]: 2016-07-01 15:15:37.87 != 2016-08-08 18:30:59.57 expected [2016-07-01 15:15:37.87] but found [2016-08-08 18:30:59.57]">
      <![CDATA[java.lang.AssertionError: The following asserts failed:
	eqps change: Lists differ at element [5]: 2016-07-01 15:15:37.87 != 2016-08-08 18:30:59.57 expected [2016-07-01 15:15:37.87] but found [2016-08-08 18:30:59.57]
	at org.testng.asserts.SoftAssert.assertAll(SoftAssert.java:43)
	at TestCase.LdgScreen.US200091SmartEnterLDG.LdgTrailerWithoutProNoChange(US200091SmartEnterLDG.java:412)
	at sun.reflect.NativeMethodAccessorImpl.invoke0(Native Method)
	at sun.reflect.NativeMethodAccessorImpl.invoke(NativeMethodAccessorImpl.java:57)
	at sun.reflect.DelegatingMethodAccessorImpl.invoke(DelegatingMethodAccessorImpl.java:43)
	at java.lang.reflect.Method.invoke(Method.java:601)
	at org.testng.internal.MethodInvocationHelper.invokeMethod(MethodInvocationHelper.java:86)
	at org.testng.internal.Invoker.invokeMethod(Invoker.java:646)
	at org.testng.internal.Invoker.invokeTestMethod(Invoker.java:823)
	at org.testng.internal.Invoker.invokeTestMethods(Invoker.java:1131)
	at org.testng.internal.TestMethodWorker.invokeTestMethods(TestMethodWorker.java:129)
	at org.testng.internal.TestMethodWorker.run(TestMethodWorker.java:112)
	at org.testng.TestRunner.privateRun(TestRunner.java:778)
	at org.testng.TestRunner.run(TestRunner.java:632)
	at org.testng.SuiteRunner.runTest(SuiteRunner.java:366)
	at org.testng.SuiteRunner.runSequentially(SuiteRunner.java:361)
	at org.testng.SuiteRunner.privateRun(SuiteRunner.java:319)
	at org.testng.SuiteRunner.run(SuiteRunner.java:268)
	at org.testng.SuiteRunnerWorker.runSuite(SuiteRunnerWorker.java:52)
	at org.testng.SuiteRunnerWorker.run(SuiteRunnerWorker.java:86)
	at org.testng.TestNG.runSuitesSequentially(TestNG.java:1225)
	at org.testng.TestNG.runSuitesLocally(TestNG.java:1150)
	at org.testng.TestNG.runSuites(TestNG.java:1075)
	at org.testng.TestNG.run(TestNG.java:1047)
	at org.testng.remote.AbstractRemoteTestNG.run(AbstractRemoteTestNG.java:126)
	at org.testng.remote.RemoteTestNG.initAndRun(RemoteTestNG.java:137)
	at org.testng.remote.RemoteTestNG.main(RemoteTestNG.java:58)
]]>
    </failure>
  </testcase> <!-- LdgTrailerWithoutProNoChange -->
  <testcase name="LdgTrailerWithoutProChangeDestinationAddPRO" time="14.667" classname="TestCase.LdgScreen.US200091SmartEnterLDG"/>
  <testcase name="TrailerWithPROAddPRO" time="22.690" classname="TestCase.LdgScreen.US200091SmartEnterLDG"/>
  <testcase name="TrailerWithPROAddPRO" time="22.659" classname="TestCase.LdgScreen.US200091SmartEnterLDG"/>
  <testcase name="TrailerWithPROAddPRO" time="22.631" classname="TestCase.LdgScreen.US200091SmartEnterLDG"/>
  <testcase name="TrailerWithoutPROSetToLdg" time="11.007" classname="TestCase.LdgScreen.US200091SmartEnterLDG"/>
  <testcase name="LdgTrailerWithProAddPro" time="12.908" classname="TestCase.LdgScreen.US200091SmartEnterLDG"/>
  <testcase name="LdgTrailerWithProChangeDestinationAddPRO" time="28.866" classname="TestCase.LdgScreen.US200091SmartEnterLDG"/>
  <testcase name="TrailerWithPROAddPRO" time="22.099" classname="TestCase.LdgScreen.US200091SmartEnterLDG"/>
  <testcase name="TrailerWithPROAddPRO" time="24.178" classname="TestCase.LdgScreen.US200091SmartEnterLDG"/>
</testsuite> <!-- TestCase.LdgScreen.US200091SmartEnterLDG -->
