<?xml version="1.0" encoding="UTF-8"?>
<!-- Generated by org.testng.reporters.JUnitReportReporter -->
<testsuite hostname="N700278" name="test.trial.US200075DisplayPROsInOrderWhichTheyEnter" tests="1" failures="0" timestamp="12 Jul 2016 20:26:57 GMT" time="419.908" errors="1">
  <testcase name="LdgTrailerWithProAddPro2" time="419.908" classname="test.trial.US200075DisplayPROsInOrderWhichTheyEnter">
    <error type="org.openqa.selenium.TimeoutException" message="Timed out after 80 seconds waiting for visibility of [[ChromeDriver: chrome on XP (f106c01c6c2104f81b75ebb98f17e60f)] -&gt; css selector: div[name^=&#039;trailerVM.trailer.trailerSCACAndNumber_&#039;] input]
Build info: version: &#039;2.48.2&#039;, revision: &#039;41bccdd&#039;, time: &#039;2015-10-09 19:59:12&#039;
System info: host: &#039;N700278&#039;, ip: &#039;10.51.235.212&#039;, os.name: &#039;Windows 7&#039;, os.arch: &#039;amd64&#039;, os.version: &#039;6.1&#039;, java.version: &#039;1.7.0_06&#039;
Session ID: f106c01c6c2104f81b75ebb98f17e60f
Driver info: org.openqa.selenium.chrome.ChromeDriver
Capabilities [{platform=XP, acceptSslCerts=true, javascriptEnabled=true, browserName=chrome, chrome={userDataDir=C:\Users\uyr27b0\AppData\Local\Temp\scoped_dir11720_20521}, rotatable=false, locationContextEnabled=true, mobileEmulationEnabled=false, version=51.0.2704.103, takesHeapSnapshot=true, cssSelectorsEnabled=true, databaseEnabled=false, handlesAlerts=true, browserConnectionEnabled=false, webStorageEnabled=true, nativeEvents=true, hasTouchScreen=false, applicationCacheEnabled=false, takesScreenshot=true}]">
      <![CDATA[org.openqa.selenium.TimeoutException: Timed out after 80 seconds waiting for visibility of [[ChromeDriver: chrome on XP (f106c01c6c2104f81b75ebb98f17e60f)] -> css selector: div[name^='trailerVM.trailer.trailerSCACAndNumber_'] input]
Build info: version: '2.48.2', revision: '41bccdd', time: '2015-10-09 19:59:12'
System info: host: 'N700278', ip: '10.51.235.212', os.name: 'Windows 7', os.arch: 'amd64', os.version: '6.1', java.version: '1.7.0_06'
Session ID: f106c01c6c2104f81b75ebb98f17e60f
Driver info: org.openqa.selenium.chrome.ChromeDriver
Capabilities [{platform=XP, acceptSslCerts=true, javascriptEnabled=true, browserName=chrome, chrome={userDataDir=C:\Users\uyr27b0\AppData\Local\Temp\scoped_dir11720_20521}, rotatable=false, locationContextEnabled=true, mobileEmulationEnabled=false, version=51.0.2704.103, takesHeapSnapshot=true, cssSelectorsEnabled=true, databaseEnabled=false, handlesAlerts=true, browserConnectionEnabled=false, webStorageEnabled=true, nativeEvents=true, hasTouchScreen=false, applicationCacheEnabled=false, takesScreenshot=true}]
	at org.openqa.selenium.support.ui.WebDriverWait.timeoutException(WebDriverWait.java:80)
	at org.openqa.selenium.support.ui.FluentWait.until(FluentWait.java:261)
	at test.trial.US200075DisplayPROsInOrderWhichTheyEnter.LdgTrailerWithProAddPro2(US200075DisplayPROsInOrderWhichTheyEnter.java:617)
	at sun.reflect.NativeMethodAccessorImpl.invoke0(Native Method)
	at sun.reflect.NativeMethodAccessorImpl.invoke(NativeMethodAccessorImpl.java:57)
	at sun.reflect.DelegatingMethodAccessorImpl.invoke(DelegatingMethodAccessorImpl.java:43)
	at java.lang.reflect.Method.invoke(Method.java:601)
	at org.testng.internal.MethodInvocationHelper.invokeMethod(MethodInvocationHelper.java:86)
	at org.testng.internal.Invoker.invokeMethod(Invoker.java:646)
	at org.testng.internal.Invoker.invokeTestMethod(Invoker.java:823)
	at org.testng.internal.Invoker.invokeTestMethods(Invoker.java:1131)
	at org.testng.internal.TestMethodWorker.invokeTestMethods(TestMethodWorker.java:129)
	at org.testng.internal.TestMethodWorker.run(TestMethodWorker.java:112)
	at java.util.concurrent.ThreadPoolExecutor.runWorker(ThreadPoolExecutor.java:1110)
	at java.util.concurrent.ThreadPoolExecutor$Worker.run(ThreadPoolExecutor.java:603)
	at java.lang.Thread.run(Thread.java:722)
]]>
    </error>
  </testcase> <!-- LdgTrailerWithProAddPro2 -->
</testsuite> <!-- test.trial.US200075DisplayPROsInOrderWhichTheyEnter -->
