<?xml version="1.0" encoding="UTF-8"?>
<!-- Generated by org.testng.reporters.JUnitReportReporter -->
<testsuite hostname="N700278" name="TestCase.LdgScreen.US622SmartEnterHeadloadOnDestinationChangeLDG" tests="4" failures="0" timestamp="8 Aug 2016 18:52:30 GMT" time="91.087" errors="0">
  <testcase name="ldgTrailerWithoutProsLDDClickYes" time="27.271" classname="TestCase.LdgScreen.US622SmartEnterHeadloadOnDestinationChangeLDG"/>
  <testcase name="ldgTrailerWithoutProsClickYes" time="23.762" classname="TestCase.LdgScreen.US622SmartEnterHeadloadOnDestinationChangeLDG"/>
  <testcase name="ldgTrailerWithHeadloadProsClickYes" time="27.243" classname="TestCase.LdgScreen.US622SmartEnterHeadloadOnDestinationChangeLDG"/>
  <testcase name="ldgTrailerWithProsYes" time="12.811" classname="TestCase.LdgScreen.US622SmartEnterHeadloadOnDestinationChangeLDG"/>
</testsuite> <!-- TestCase.LdgScreen.US622SmartEnterHeadloadOnDestinationChangeLDG -->
