<?xml version="1.0" encoding="UTF-8"?>
<!-- Generated by org.testng.reporters.JUnitReportReporter -->
<testsuite hostname="N700278" name="trial.trial6" tests="1" failures="0" timestamp="5 Dec 2015 07:32:26 GMT" time="4.543" errors="0">
  <testcase name="f" time="4.543" classname="trial.trial6"/>
</testsuite> <!-- trial.trial6 -->
