<?xml version="1.0" encoding="UTF-8"?>
<!-- Generated by org.testng.reporters.JUnitReportReporter -->
<testsuite hostname="N700278" name="Test.US1212and1211SummarizeSeriviceAndFlagOnTrailer" tests="1" failures="0" timestamp="9 Nov 2015 19:03:30 GMT" time="6.560" errors="0">
  <testcase name="VerifyTheLegendDisplay" time="6.560" classname="Test.US1212and1211SummarizeSeriviceAndFlagOnTrailer"/>
</testsuite> <!-- Test.US1212and1211SummarizeSeriviceAndFlagOnTrailer -->
