<?xml version="1.0" encoding="UTF-8"?>
<!-- Generated by org.testng.reporters.JUnitReportReporter -->
<testsuite hostname="N700278" name="LdgScreen.US2000119NewSubmitButtonLDG" tests="1" failures="0" timestamp="28 Apr 2016 07:35:30 GMT" time="29.129" errors="0">
  <testcase name="LdgTrailerWithProChangeDestinationAddPRO" time="29.129" classname="LdgScreen.US2000119NewSubmitButtonLDG"/>
</testsuite> <!-- LdgScreen.US2000119NewSubmitButtonLDG -->
