<?xml version="1.0" encoding="UTF-8"?>
<!-- Generated by org.testng.reporters.JUnitReportReporter -->
<testsuite hostname="N700278" name="TestCase.LdgScreen.US622SmartEnterHeadloadOnDestinationChangeLDG" tests="4" failures="0" timestamp="28 Jun 2016 20:49:19 GMT" time="133.820" errors="0">
  <testcase name="ldgTrailerWithoutProsClickYes" time="37.433" classname="TestCase.LdgScreen.US622SmartEnterHeadloadOnDestinationChangeLDG"/>
  <testcase name="ldgTrailerWithHeadloadProsClickYes" time="26.238" classname="TestCase.LdgScreen.US622SmartEnterHeadloadOnDestinationChangeLDG"/>
  <testcase name="ldgTrailerWithProsYes" time="42.943" classname="TestCase.LdgScreen.US622SmartEnterHeadloadOnDestinationChangeLDG"/>
  <testcase name="ldgTrailerWithoutProsLDDClickYes" time="27.206" classname="TestCase.LdgScreen.US622SmartEnterHeadloadOnDestinationChangeLDG"/>
</testsuite> <!-- TestCase.LdgScreen.US622SmartEnterHeadloadOnDestinationChangeLDG -->
