<?xml version="1.0" encoding="UTF-8"?>
<!-- Generated by org.testng.reporters.JUnitReportReporter -->
<testsuite hostname="N700278" name="LDDscreen.LDDTesting" tests="5" failures="0" timestamp="11 May 2016 20:08:47 GMT" time="81.144" errors="0">
  <testcase name="LDDTrailerHasProChangeDestination" time="13.146" classname="LDDscreen.LDDTesting"/>
  <testcase name="LDGtrailerWithProSetToclosed" time="10.856" classname="LDDscreen.LDDTesting"/>
  <testcase name="NonLDDtrailerHasProSetldg" time="18.702" classname="LDDscreen.LDDTesting"/>
  <testcase name="LDDTrailerWithoutProAlterCubeAndSeal" time="9.471" classname="LDDscreen.LDDTesting"/>
  <testcase name="NonLDDtrailerNoProSetclosed" time="28.969" classname="LDDscreen.LDDTesting"/>
</testsuite> <!-- LDDscreen.LDDTesting -->
