<?xml version="1.0" encoding="UTF-8"?>
<!-- Generated by org.testng.reporters.JUnitReportReporter -->
<testsuite hostname="N700278" name="TestCase.LdgScreen.US607PromptHeadloadOnDestinationChangeLDG" tests="1" failures="0" timestamp="28 Jun 2016 21:59:46 GMT" time="32.073" errors="0">
  <testcase name="ldgTrailerWithoutProsClickNo" time="32.073" classname="TestCase.LdgScreen.US607PromptHeadloadOnDestinationChangeLDG"/>
</testsuite> <!-- TestCase.LdgScreen.US607PromptHeadloadOnDestinationChangeLDG -->
