<?xml version="1.0" encoding="UTF-8"?>
<!-- Generated by org.testng.reporters.JUnitReportReporter -->
<testsuite hostname="N700278" name="test.trial2.TestExecute" tests="1" failures="0" timestamp="21 Jun 2016 22:00:22 GMT" time="148.273" errors="0">
  <testcase name="TestExecution" time="148.273" classname="test.trial2.TestExecute"/>
</testsuite> <!-- test.trial2.TestExecute -->
