<?xml version="1.0" encoding="UTF-8"?>
<!-- Generated by org.testng.reporters.JUnitReportReporter -->
<testsuite hostname="N700278" name="LdgScreen.US622SmartEnterHeadloadOnDestinationChangeLDG" tests="1" failures="0" timestamp="28 Apr 2016 09:23:05 GMT" time="54.108" errors="0">
  <testcase name="ldgTrailerWithoutProsLDDClickYes" time="54.108" classname="LdgScreen.US622SmartEnterHeadloadOnDestinationChangeLDG"/>
</testsuite> <!-- LdgScreen.US622SmartEnterHeadloadOnDestinationChangeLDG -->
