<?xml version="1.0" encoding="UTF-8"?>
<!-- Generated by org.testng.reporters.JUnitReportReporter -->
<testsuite hostname="N700278" name="BORtesting.BORScreenTesting" tests="8" failures="0" timestamp="10 May 2016 20:02:35 GMT" time="192.712" errors="1">
  <testcase name="SmartEnterSetTrailerWithoutProToBorFromONH" time="16.983" classname="BORtesting.BORScreenTesting"/>
  <testcase name="twoBlOBRAllShortFromONH" time="26.461" classname="BORtesting.BORScreenTesting">
    <error type="java.lang.NullPointerException">
      <![CDATA[java.lang.NullPointerException
	at java.util.Calendar.setTime(Calendar.java:1106)
	at Page.CommonFunction.SETtime(CommonFunction.java:67)
	at BORtesting.BORScreenTesting.twoBlOBRAllShortFromONH(BORScreenTesting.java:182)
	at sun.reflect.NativeMethodAccessorImpl.invoke0(Native Method)
	at sun.reflect.NativeMethodAccessorImpl.invoke(NativeMethodAccessorImpl.java:57)
	at sun.reflect.DelegatingMethodAccessorImpl.invoke(DelegatingMethodAccessorImpl.java:43)
	at java.lang.reflect.Method.invoke(Method.java:601)
	at org.testng.internal.MethodInvocationHelper.invokeMethod(MethodInvocationHelper.java:86)
	at org.testng.internal.Invoker.invokeMethod(Invoker.java:646)
	at org.testng.internal.Invoker.invokeTestMethod(Invoker.java:823)
	at org.testng.internal.Invoker.invokeTestMethods(Invoker.java:1131)
	at org.testng.internal.TestMethodWorker.invokeTestMethods(TestMethodWorker.java:129)
	at org.testng.internal.TestMethodWorker.run(TestMethodWorker.java:112)
	at org.testng.TestRunner.privateRun(TestRunner.java:778)
	at org.testng.TestRunner.run(TestRunner.java:632)
	at org.testng.SuiteRunner.runTest(SuiteRunner.java:366)
	at org.testng.SuiteRunner.runSequentially(SuiteRunner.java:361)
	at org.testng.SuiteRunner.privateRun(SuiteRunner.java:319)
	at org.testng.SuiteRunner.run(SuiteRunner.java:268)
	at org.testng.SuiteRunnerWorker.runSuite(SuiteRunnerWorker.java:52)
	at org.testng.SuiteRunnerWorker.run(SuiteRunnerWorker.java:86)
	at org.testng.TestNG.runSuitesSequentially(TestNG.java:1225)
	at org.testng.TestNG.runSuitesLocally(TestNG.java:1150)
	at org.testng.TestNG.runSuites(TestNG.java:1075)
	at org.testng.TestNG.run(TestNG.java:1047)
	at org.testng.remote.AbstractRemoteTestNG.run(AbstractRemoteTestNG.java:126)
	at org.testng.remote.RemoteTestNG.initAndRun(RemoteTestNG.java:137)
	at org.testng.remote.RemoteTestNG.main(RemoteTestNG.java:58)
]]>
    </error>
  </testcase> <!-- twoBlOBRAllShortFromONH -->
  <testcase name="twoBlOBRDockFromONH" time="31.886" classname="BORtesting.BORScreenTesting"/>
  <testcase name="SmartEnterSetTrailerWithoutProToBorNOTFromONH" time="17.303" classname="BORtesting.BORScreenTesting"/>
  <testcase name="twoBlOBRAllShortNOTFromONH" time="33.722" classname="BORtesting.BORScreenTesting"/>
  <testcase name="twoBlOBRDockNOTFromONH" time="29.973" classname="BORtesting.BORScreenTesting"/>
  <testcase name="SetTrailerWithoutProToBorNOTFromONH" time="19.883" classname="BORtesting.BORScreenTesting"/>
  <testcase name="SetTrailerWithoutProToBorFromONH" time="16.501" classname="BORtesting.BORScreenTesting"/>
</testsuite> <!-- BORtesting.BORScreenTesting -->
