<?xml version="1.0" encoding="UTF-8"?>
<!-- Generated by org.testng.reporters.JUnitReportReporter -->
<testsuite hostname="N700278" name="Test.US200058ValidateTrailerAtStatusingLocation" tests="10" failures="0" timestamp="29 Sep 2015 16:08:13 GMT" time="48.742" errors="0">
  <testcase name="VerifyInvalidStatusTransition" time="9.279" classname="Test.US200058ValidateTrailerAtStatusingLocation"/>
  <testcase name="VerifyValidStatusTransition" time="2.994" classname="Test.US200058ValidateTrailerAtStatusingLocation"/>
  <testcase name="VerifyInvalidStatusTransition" time="7.815" classname="Test.US200058ValidateTrailerAtStatusingLocation"/>
  <testcase name="VerifyValidStatusTransition" time="2.933" classname="Test.US200058ValidateTrailerAtStatusingLocation"/>
  <testcase name="VerifyInvalidStatusTransition" time="3.694" classname="Test.US200058ValidateTrailerAtStatusingLocation"/>
  <testcase name="VerifyValidStatusTransition" time="0.915" classname="Test.US200058ValidateTrailerAtStatusingLocation"/>
  <testcase name="VerifyValidStatusTransition" time="3.077" classname="Test.US200058ValidateTrailerAtStatusingLocation"/>
  <testcase name="VerifyInvalidStatusTransition" time="5.027" classname="Test.US200058ValidateTrailerAtStatusingLocation"/>
  <testcase name="VerifyValidStatusTransition" time="2.869" classname="Test.US200058ValidateTrailerAtStatusingLocation"/>
  <testcase name="VerifyInvalidStatusTransition" time="10.139" classname="Test.US200058ValidateTrailerAtStatusingLocation"/>
</testsuite> <!-- Test.US200058ValidateTrailerAtStatusingLocation -->
