<?xml version="1.0" encoding="UTF-8"?>
<!-- Generated by org.testng.reporters.JUnitReportReporter -->
<testsuite hostname="N700278" name="TestCase.CLtesting.CLScreenTesting" tests="1" failures="0" timestamp="19 Jul 2016 06:28:59 GMT" time="17.064" errors="0">
  <testcase name="ToCLNoPro" time="17.064" classname="TestCase.CLtesting.CLScreenTesting"/>
</testsuite> <!-- TestCase.CLtesting.CLScreenTesting -->
