<?xml version="1.0" encoding="UTF-8"?>
<!-- Generated by org.testng.reporters.JUnitReportReporter -->
<testsuite hostname="N700278" name="LdgScreen.US200004ProNumberDigitCheck" tests="27" failures="0" timestamp="3 May 2016 22:08:27 GMT" time="115.170" errors="1">
  <testcase name="VerifyProDigitCheck" time="4.100" classname="LdgScreen.US200004ProNumberDigitCheck"/>
  <testcase name="VerifyProDigitCheck" time="4.091" classname="LdgScreen.US200004ProNumberDigitCheck"/>
  <testcase name="EnterTrailerInLdgNoShipments" time="12.161" classname="LdgScreen.US200004ProNumberDigitCheck"/>
  <testcase name="VerifyProDigitCheck" time="3.813" classname="LdgScreen.US200004ProNumberDigitCheck"/>
  <testcase name="VerifyProDigitCheck" time="4.041" classname="LdgScreen.US200004ProNumberDigitCheck"/>
  <testcase name="VerifyProDigitCheck" time="3.595" classname="LdgScreen.US200004ProNumberDigitCheck"/>
  <testcase name="VerifyProDigitCheck" time="4.004" classname="LdgScreen.US200004ProNumberDigitCheck"/>
  <testcase name="VerifyProDigitCheck" time="3.527" classname="LdgScreen.US200004ProNumberDigitCheck"/>
  <testcase name="VerifyProDigitCheck" time="3.675" classname="LdgScreen.US200004ProNumberDigitCheck"/>
  <testcase name="VerifyProDigitCheck" time="3.672" classname="LdgScreen.US200004ProNumberDigitCheck"/>
  <testcase name="VerifyProDigitCheck" time="3.846" classname="LdgScreen.US200004ProNumberDigitCheck"/>
  <testcase name="VerifyProDigitCheck" time="3.481" classname="LdgScreen.US200004ProNumberDigitCheck"/>
  <testcase name="VerifyProDigitCheck" time="3.679" classname="LdgScreen.US200004ProNumberDigitCheck"/>
  <testcase name="VerifyProDigitCheck" time="3.648" classname="LdgScreen.US200004ProNumberDigitCheck"/>
  <testcase name="VerifyProDigitCheck" time="8.234" classname="LdgScreen.US200004ProNumberDigitCheck">
    <error type="org.openqa.selenium.TimeoutException" message="Timed out after 5 seconds waiting for text (&#039;ABC-DEFGHI-J&#039;) to be present in element [[InternetExplorerDriver: internet explorer on WINDOWS (cecc99c9-b4e7-412b-bf39-66297b028922)] -&gt; xpath: .//div[@config=&#039;addProsVM.addProsGrid.config&#039;]/div/div/div[3]/div[2]/div]
Build info: version: &#039;2.48.2&#039;, revision: &#039;41bccdd&#039;, time: &#039;2015-10-09 19:59:12&#039;
System info: host: &#039;N700278&#039;, ip: &#039;10.51.235.212&#039;, os.name: &#039;Windows 7&#039;, os.arch: &#039;amd64&#039;, os.version: &#039;6.1&#039;, java.version: &#039;1.7.0_06&#039;
Session ID: cecc99c9-b4e7-412b-bf39-66297b028922
Driver info: org.openqa.selenium.ie.InternetExplorerDriver
Capabilities [{platform=WINDOWS, javascriptEnabled=true, elementScrollBehavior=0, ignoreZoomSetting=false, enablePersistentHover=true, ie.ensureCleanSession=false, browserName=internet explorer, enableElementCacheCleanup=true, unexpectedAlertBehaviour=dismiss, version=11, pageLoadStrategy=normal, ie.usePerProcessProxy=false, cssSelectorsEnabled=true, ignoreProtectedModeSettings=false, requireWindowFocus=false, initialBrowserUrl=http://localhost:35192/, handlesAlerts=true, ie.forceCreateProcessApi=false, nativeEvents=true, browserAttachTimeout=0, ie.browserCommandLineSwitches=, takesScreenshot=true}]">
      <![CDATA[org.openqa.selenium.TimeoutException: Timed out after 5 seconds waiting for text ('ABC-DEFGHI-J') to be present in element [[InternetExplorerDriver: internet explorer on WINDOWS (cecc99c9-b4e7-412b-bf39-66297b028922)] -> xpath: .//div[@config='addProsVM.addProsGrid.config']/div/div/div[3]/div[2]/div]
Build info: version: '2.48.2', revision: '41bccdd', time: '2015-10-09 19:59:12'
System info: host: 'N700278', ip: '10.51.235.212', os.name: 'Windows 7', os.arch: 'amd64', os.version: '6.1', java.version: '1.7.0_06'
Session ID: cecc99c9-b4e7-412b-bf39-66297b028922
Driver info: org.openqa.selenium.ie.InternetExplorerDriver
Capabilities [{platform=WINDOWS, javascriptEnabled=true, elementScrollBehavior=0, ignoreZoomSetting=false, enablePersistentHover=true, ie.ensureCleanSession=false, browserName=internet explorer, enableElementCacheCleanup=true, unexpectedAlertBehaviour=dismiss, version=11, pageLoadStrategy=normal, ie.usePerProcessProxy=false, cssSelectorsEnabled=true, ignoreProtectedModeSettings=false, requireWindowFocus=false, initialBrowserUrl=http://localhost:35192/, handlesAlerts=true, ie.forceCreateProcessApi=false, nativeEvents=true, browserAttachTimeout=0, ie.browserCommandLineSwitches=, takesScreenshot=true}]
	at org.openqa.selenium.support.ui.WebDriverWait.timeoutException(WebDriverWait.java:80)
	at org.openqa.selenium.support.ui.FluentWait.until(FluentWait.java:261)
	at LdgScreen.US200004ProNumberDigitCheck.VerifyProDigitCheck(US200004ProNumberDigitCheck.java:69)
	at sun.reflect.NativeMethodAccessorImpl.invoke0(Native Method)
	at sun.reflect.NativeMethodAccessorImpl.invoke(Unknown Source)
	at sun.reflect.DelegatingMethodAccessorImpl.invoke(Unknown Source)
	at java.lang.reflect.Method.invoke(Unknown Source)
	at org.testng.internal.MethodInvocationHelper.invokeMethod(MethodInvocationHelper.java:85)
	at org.testng.internal.Invoker.invokeMethod(Invoker.java:639)
	at org.testng.internal.Invoker.invokeTestMethod(Invoker.java:816)
	at org.testng.internal.Invoker.invokeTestMethods(Invoker.java:1124)
	at org.testng.internal.TestMethodWorker.invokeTestMethods(TestMethodWorker.java:124)
	at org.testng.internal.TestMethodWorker.run(TestMethodWorker.java:108)
	at org.testng.TestRunner.privateRun(TestRunner.java:773)
	at org.testng.TestRunner.run(TestRunner.java:623)
	at org.testng.SuiteRunner.runTest(SuiteRunner.java:359)
	at org.testng.SuiteRunner.runSequentially(SuiteRunner.java:354)
	at org.testng.SuiteRunner.privateRun(SuiteRunner.java:312)
	at org.testng.SuiteRunner.run(SuiteRunner.java:261)
	at org.testng.SuiteRunnerWorker.runSuite(SuiteRunnerWorker.java:52)
	at org.testng.SuiteRunnerWorker.run(SuiteRunnerWorker.java:86)
	at org.testng.TestNG.runSuitesSequentially(TestNG.java:1185)
	at org.testng.TestNG.runSuitesLocally(TestNG.java:1110)
	at org.testng.TestNG.run(TestNG.java:1018)
	at org.testng.remote.RemoteTestNG.run(RemoteTestNG.java:112)
	at org.testng.remote.RemoteTestNG.initAndRun(RemoteTestNG.java:205)
	at org.testng.remote.RemoteTestNG.main(RemoteTestNG.java:176)
]]>
    </error>
  </testcase> <!-- VerifyProDigitCheck -->
  <testcase name="VerifyProDigitCheck" time="3.869" classname="LdgScreen.US200004ProNumberDigitCheck"/>
  <testcase name="VerifyProDigitCheck" time="3.662" classname="LdgScreen.US200004ProNumberDigitCheck"/>
  <testcase name="VerifyProDigitCheck" time="3.623" classname="LdgScreen.US200004ProNumberDigitCheck"/>
  <testcase name="VerifyProDigitCheck" time="4.024" classname="LdgScreen.US200004ProNumberDigitCheck"/>
  <testcase name="VerifyProDigitCheck" time="3.729" classname="LdgScreen.US200004ProNumberDigitCheck"/>
  <testcase name="VerifyProDigitCheck" time="3.636" classname="LdgScreen.US200004ProNumberDigitCheck"/>
  <testcase name="VerifyProDigitCheck" time="3.757" classname="LdgScreen.US200004ProNumberDigitCheck"/>
  <testcase name="VerifyProDigitCheck" time="4.212" classname="LdgScreen.US200004ProNumberDigitCheck"/>
  <testcase name="VerifyProDigitCheck" time="3.858" classname="LdgScreen.US200004ProNumberDigitCheck"/>
  <testcase name="VerifyProDigitCheck" time="3.788" classname="LdgScreen.US200004ProNumberDigitCheck"/>
  <testcase name="VerifyProDigitCheck" time="3.658" classname="LdgScreen.US200004ProNumberDigitCheck"/>
  <testcase name="VerifyProDigitCheck" time="3.787" classname="LdgScreen.US200004ProNumberDigitCheck"/>
</testsuite> <!-- LdgScreen.US200004ProNumberDigitCheck -->
