<?xml version="1.0" encoding="UTF-8"?>
<!-- Generated by org.testng.reporters.JUnitReportReporter -->
<testsuite hostname="N700278" name="Test.US608AndUS609LeftOverBillReview" tests="10" failures="0" timestamp="29 Sep 2015 16:18:12 GMT" time="52.631" errors="0">
  <testcase name="VerifyInvalidStatusTransition" time="2.009" classname="Test.US608AndUS609LeftOverBillReview"/>
  <testcase name="VerifyInvalidStatusTransition" time="2.530" classname="Test.US608AndUS609LeftOverBillReview"/>
  <testcase name="VerifyInvalidStatusTransition" time="4.221" classname="Test.US608AndUS609LeftOverBillReview"/>
  <testcase name="VerifyInvalidStatusTransition" time="9.644" classname="Test.US608AndUS609LeftOverBillReview"/>
  <testcase name="VerifyInvalidStatusTransition" time="4.601" classname="Test.US608AndUS609LeftOverBillReview"/>
  <testcase name="VerifyInvalidStatusTransition" time="3.531" classname="Test.US608AndUS609LeftOverBillReview"/>
  <testcase name="VerifyInvalidStatusTransition" time="16.142" classname="Test.US608AndUS609LeftOverBillReview"/>
  <testcase name="VerifyInvalidStatusTransition" time="3.250" classname="Test.US608AndUS609LeftOverBillReview"/>
  <testcase name="VerifyInvalidStatusTransition" time="2.972" classname="Test.US608AndUS609LeftOverBillReview"/>
  <testcase name="VerifyInvalidStatusTransition" time="3.731" classname="Test.US608AndUS609LeftOverBillReview"/>
</testsuite> <!-- Test.US608AndUS609LeftOverBillReview -->
