<?xml version="1.0" encoding="UTF-8"?>
<!-- Generated by org.testng.reporters.JUnitReportReporter -->
<testsuite hostname="N700278" name="trial.trial7" tests="1" failures="0" timestamp="12 Jan 2016 22:40:33 GMT" time="0.010" errors="0">
  <testcase name="f" time="0.010" classname="trial.trial7"/>
</testsuite> <!-- trial.trial7 -->
