<?xml version="1.0" encoding="UTF-8"?>
<!-- Generated by org.testng.reporters.JUnitReportReporter -->
<testsuite hostname="N700278" name="SitTest.US1100" tests="2" failures="0" timestamp="22 Oct 2015 20:54:03 GMT" time="0.701" errors="0">
  <testcase name="f" time="0.462" classname="SitTest.US1100"/>
  <testcase name="a" time="0.239" classname="SitTest.US1100"/>
</testsuite> <!-- SitTest.US1100 -->
