<?xml version="1.0" encoding="UTF-8"?>
<!-- Generated by org.testng.reporters.JUnitReportReporter -->
<testsuite hostname="N700278" name="test.trial.DOCKmisMatchPro" tests="1" failures="0" timestamp="5 Aug 2016 19:44:02 GMT" time="9.547" errors="0">
  <testcase name="LDGTrailerWithProSetProMISmatch" time="9.547" classname="test.trial.DOCKmisMatchPro"/>
</testsuite> <!-- test.trial.DOCKmisMatchPro -->
