<?xml version="1.0" encoding="UTF-8"?>
<!-- Generated by org.testng.reporters.JUnitReportReporter -->
<testsuite hostname="N700278" name="TestCase.LdgScreen.US1215QuickClose" tests="2" failures="0" timestamp="8 Aug 2016 18:52:30 GMT" time="65.959" errors="0">
  <testcase name="LDGTrailerWithPROQuickClose" time="10.232" classname="TestCase.LdgScreen.US1215QuickClose"/>
  <testcase name="NONLDGTrailerWithoutPROAddPRO" time="55.727" classname="TestCase.LdgScreen.US1215QuickClose"/>
</testsuite> <!-- TestCase.LdgScreen.US1215QuickClose -->
