<?xml version="1.0" encoding="UTF-8"?>
<!-- Generated by org.testng.reporters.JUnitReportReporter -->
<testsuite hostname="N700278" name="Test.US1203ChangeWeightOnClosedScreen" tests="8" failures="0" timestamp="24 Sep 2015 07:43:46 GMT" time="65.614" errors="0">
  <testcase name="VerifyTrailerLonger35" time="4.675" classname="Test.US1203ChangeWeightOnClosedScreen"/>
  <testcase name="VerifyTrailerLonger35" time="4.732" classname="Test.US1203ChangeWeightOnClosedScreen"/>
  <testcase name="VerifyTrailerShorter35" time="6.585" classname="Test.US1203ChangeWeightOnClosedScreen"/>
  <testcase name="VerifyTrailerLonger35" time="5.426" classname="Test.US1203ChangeWeightOnClosedScreen"/>
  <testcase name="VerifyTrailerShorter35" time="6.756" classname="Test.US1203ChangeWeightOnClosedScreen"/>
  <testcase name="VerifyTrailerLonger35" time="5.685" classname="Test.US1203ChangeWeightOnClosedScreen"/>
  <testcase name="VerifyTrailerShorter35" time="25.105" classname="Test.US1203ChangeWeightOnClosedScreen"/>
  <testcase name="VerifyTrailerShorter35" time="6.650" classname="Test.US1203ChangeWeightOnClosedScreen"/>
</testsuite> <!-- Test.US1203ChangeWeightOnClosedScreen -->
