<?xml version="1.0" encoding="UTF-8"?>
<!-- Generated by org.testng.reporters.JUnitReportReporter -->
<testsuite hostname="N700278" name="SitTest.US200091SmartEnterLDG" tests="2" failures="0" timestamp="29 Feb 2016 23:00:00 GMT" time="76.177" errors="0">
  <testcase name="LdgTrailerChangeDestination" time="44.046" classname="SitTest.US200091SmartEnterLDG"/>
  <testcase name="LdgTrailerNoChangeDesti" time="32.131" classname="SitTest.US200091SmartEnterLDG"/>
</testsuite> <!-- SitTest.US200091SmartEnterLDG -->
