<?xml version="1.0" encoding="UTF-8"?>
<!-- Generated by org.testng.reporters.JUnitReportReporter -->
<testsuite hostname="N700278" name="trial.tiral8" tests="1" failures="0" timestamp="13 Jan 2016 22:38:02 GMT" time="0.028" errors="0">
  <testcase name="f" time="0.028" classname="trial.tiral8"/>
</testsuite> <!-- trial.tiral8 -->
