<?xml version="1.0" encoding="UTF-8"?>
<!-- Generated by org.testng.reporters.JUnitReportReporter -->
<testsuite hostname="N700278" name="TestCase.LdgScreen.LDGTesting" tests="1" failures="1" timestamp="20 Jul 2016 04:06:57 GMT" time="25.025" errors="0">
  <testcase name="SetTrailerToLDGWithProAndLeaveOn" time="25.025" classname="TestCase.LdgScreen.LDGTesting">
    <failure type="java.lang.AssertionError" message="The following asserts failed:
	Equipment_Status_Type_CD is wrong expected [LDG] but found [MTY],
	equipment_dest_facility_cd is wrong expected [270] but found [435],
	Source_Create_ID is wrong expected [LH.LDG] but found [HRZ420],
	Actual_Capacity_Consumed_PC is wrong expected [32] but found [null],
	5 Tue Feb 16 20:41:45 UTC 2016  Wed Jul 20 04:06:38 UTC 2016 expected [true] but found [false],
	6 Tue Feb 16 20:41:45 UTC 2016  Wed Jul 20 04:06:38 UTC 2016 expected [true] but found [false],
	equipment_status_ts is wrong  Tue Feb 16 20:41:00 UTC 2016  Wed Jul 20 05:06:00 UTC 2016 expected [true] but found [false],
	8 Tue Feb 16 20:41:45 UTC 2016  Wed Jul 20 04:06:38 UTC 2016 expected [true] but found [false],
	Waybill table Source_Modify_ID is wrong 4599000696 expected [LOBR] but found [CAR061],
	waybill table system_modify_ts  Wed Jul 20 00:47:21 UTC 2016  Wed Jul 20 04:06:38 UTC 2016     4599000696 expected [true] but found [false],
	waybill table loading record To_Facility_CD is wrong 4599000696 expected [null] but found [455],
	waybill table loading record From_Facility_CD is wrong 4599000696 expected [435] but found [null],
	waybill table loading record To_Standard_Carrier_Alpha_CD is wrong 4599000696 expected [RDWY] but found [null],
	waybill table loading record To_Equipment_Unit_NB is wrong 4599000696 expected [530600] but found [null],
	waybill table loading Waybill_Transaction_Type_NM is wrong 4599000696 expected [LOADING] but found [PICKUP],
	waybill Waybill_Transaction_End_TS is  Wed Dec 16 05:00:00 UTC 2015 set date is : Wed Jul 20 05:06:00 UTC 2016     4599000696 expected [true] but found [false],
	 expected [270] but found [],
	Cube field is not disabled expected [32] but found [],
	ldg screen prepopulate time is wrong  expected [Tue Feb 16 14:41:00 UTC 2016] but found [Tue Jul 19 23:06:00 UTC 2016],
	pro grid is wrong expected [[[459-900069-6, 455, 650, 340]]] but found [[]]">
      <![CDATA[java.lang.AssertionError: The following asserts failed:
	Equipment_Status_Type_CD is wrong expected [LDG] but found [MTY],
	equipment_dest_facility_cd is wrong expected [270] but found [435],
	Source_Create_ID is wrong expected [LH.LDG] but found [HRZ420],
	Actual_Capacity_Consumed_PC is wrong expected [32] but found [null],
	5 Tue Feb 16 20:41:45 UTC 2016  Wed Jul 20 04:06:38 UTC 2016 expected [true] but found [false],
	6 Tue Feb 16 20:41:45 UTC 2016  Wed Jul 20 04:06:38 UTC 2016 expected [true] but found [false],
	equipment_status_ts is wrong  Tue Feb 16 20:41:00 UTC 2016  Wed Jul 20 05:06:00 UTC 2016 expected [true] but found [false],
	8 Tue Feb 16 20:41:45 UTC 2016  Wed Jul 20 04:06:38 UTC 2016 expected [true] but found [false],
	Waybill table Source_Modify_ID is wrong 4599000696 expected [LOBR] but found [CAR061],
	waybill table system_modify_ts  Wed Jul 20 00:47:21 UTC 2016  Wed Jul 20 04:06:38 UTC 2016     4599000696 expected [true] but found [false],
	waybill table loading record To_Facility_CD is wrong 4599000696 expected [null] but found [455],
	waybill table loading record From_Facility_CD is wrong 4599000696 expected [435] but found [null],
	waybill table loading record To_Standard_Carrier_Alpha_CD is wrong 4599000696 expected [RDWY] but found [null],
	waybill table loading record To_Equipment_Unit_NB is wrong 4599000696 expected [530600] but found [null],
	waybill table loading Waybill_Transaction_Type_NM is wrong 4599000696 expected [LOADING] but found [PICKUP],
	waybill Waybill_Transaction_End_TS is  Wed Dec 16 05:00:00 UTC 2015 set date is : Wed Jul 20 05:06:00 UTC 2016     4599000696 expected [true] but found [false],
	 expected [270] but found [],
	Cube field is not disabled expected [32] but found [],
	ldg screen prepopulate time is wrong  expected [Tue Feb 16 14:41:00 UTC 2016] but found [Tue Jul 19 23:06:00 UTC 2016],
	pro grid is wrong expected [[[459-900069-6, 455, 650, 340]]] but found [[]]
	at org.testng.asserts.SoftAssert.assertAll(SoftAssert.java:43)
	at TestCase.LdgScreen.LDGTesting.SetTrailerToLDGWithProAndLeaveOn(LDGTesting.java:757)
	at sun.reflect.NativeMethodAccessorImpl.invoke0(Native Method)
	at sun.reflect.NativeMethodAccessorImpl.invoke(NativeMethodAccessorImpl.java:57)
	at sun.reflect.DelegatingMethodAccessorImpl.invoke(DelegatingMethodAccessorImpl.java:43)
	at java.lang.reflect.Method.invoke(Method.java:601)
	at org.testng.internal.MethodInvocationHelper.invokeMethod(MethodInvocationHelper.java:86)
	at org.testng.internal.Invoker.invokeMethod(Invoker.java:646)
	at org.testng.internal.Invoker.invokeTestMethod(Invoker.java:823)
	at org.testng.internal.Invoker.invokeTestMethods(Invoker.java:1131)
	at org.testng.internal.TestMethodWorker.invokeTestMethods(TestMethodWorker.java:129)
	at org.testng.internal.TestMethodWorker.run(TestMethodWorker.java:112)
	at java.util.concurrent.ThreadPoolExecutor.runWorker(ThreadPoolExecutor.java:1110)
	at java.util.concurrent.ThreadPoolExecutor$Worker.run(ThreadPoolExecutor.java:603)
	at java.lang.Thread.run(Thread.java:722)
]]>
    </failure>
  </testcase> <!-- SetTrailerToLDGWithProAndLeaveOn -->
</testsuite> <!-- TestCase.LdgScreen.LDGTesting -->
