<?xml version="1.0" encoding="UTF-8"?>
<!-- Generated by org.testng.reporters.JUnitReportReporter -->
<testsuite hostname="N700278" name="TestCase.ReusableFunctionTest.US200058ValidateTrailerAtStatusingLocation" tests="40" failures="0" timestamp="18 Aug 2016 18:19:22 GMT" time="181.871" errors="0">
  <testcase name="VerifyInvalidStatusLocation" time="4.914" classname="TestCase.ReusableFunctionTest.US200058ValidateTrailerAtStatusingLocation"/>
  <testcase name="VerifyValidStatusLocation" time="4.117" classname="TestCase.ReusableFunctionTest.US200058ValidateTrailerAtStatusingLocation"/>
  <testcase name="VerifyInvalidStatusLocation" time="3.055" classname="TestCase.ReusableFunctionTest.US200058ValidateTrailerAtStatusingLocation"/>
  <testcase name="VerifyValidStatusLocation" time="4.212" classname="TestCase.ReusableFunctionTest.US200058ValidateTrailerAtStatusingLocation"/>
  <testcase name="VerifyValidStatusLocation" time="4.222" classname="TestCase.ReusableFunctionTest.US200058ValidateTrailerAtStatusingLocation"/>
  <testcase name="VerifyInvalidStatusLocation" time="5.143" classname="TestCase.ReusableFunctionTest.US200058ValidateTrailerAtStatusingLocation"/>
  <testcase name="VerifyInvalidStatusLocation" time="5.216" classname="TestCase.ReusableFunctionTest.US200058ValidateTrailerAtStatusingLocation"/>
  <testcase name="VerifyInvalidStatusLocation" time="5.097" classname="TestCase.ReusableFunctionTest.US200058ValidateTrailerAtStatusingLocation"/>
  <testcase name="VerifyInvalidStatusLocation" time="4.965" classname="TestCase.ReusableFunctionTest.US200058ValidateTrailerAtStatusingLocation"/>
  <testcase name="VerifyInvalidStatusLocation" time="4.947" classname="TestCase.ReusableFunctionTest.US200058ValidateTrailerAtStatusingLocation"/>
  <testcase name="VerifyValidStatusLocation" time="4.154" classname="TestCase.ReusableFunctionTest.US200058ValidateTrailerAtStatusingLocation"/>
  <testcase name="VerifyInvalidStatusLocation" time="4.968" classname="TestCase.ReusableFunctionTest.US200058ValidateTrailerAtStatusingLocation"/>
  <testcase name="VerifyValidStatusLocation" time="4.114" classname="TestCase.ReusableFunctionTest.US200058ValidateTrailerAtStatusingLocation"/>
  <testcase name="VerifyInvalidStatusLocation" time="5.138" classname="TestCase.ReusableFunctionTest.US200058ValidateTrailerAtStatusingLocation"/>
  <testcase name="VerifyValidStatusLocation" time="4.171" classname="TestCase.ReusableFunctionTest.US200058ValidateTrailerAtStatusingLocation"/>
  <testcase name="VerifyValidStatusLocation" time="4.090" classname="TestCase.ReusableFunctionTest.US200058ValidateTrailerAtStatusingLocation"/>
  <testcase name="VerifyValidStatusLocation" time="4.131" classname="TestCase.ReusableFunctionTest.US200058ValidateTrailerAtStatusingLocation"/>
  <testcase name="VerifyInvalidStatusLocation" time="4.964" classname="TestCase.ReusableFunctionTest.US200058ValidateTrailerAtStatusingLocation"/>
  <testcase name="VerifyValidStatusLocation" time="4.261" classname="TestCase.ReusableFunctionTest.US200058ValidateTrailerAtStatusingLocation"/>
  <testcase name="VerifyValidStatusLocation" time="4.333" classname="TestCase.ReusableFunctionTest.US200058ValidateTrailerAtStatusingLocation"/>
  <testcase name="VerifyValidStatusLocation" time="4.120" classname="TestCase.ReusableFunctionTest.US200058ValidateTrailerAtStatusingLocation"/>
  <testcase name="VerifyInvalidStatusLocation" time="4.929" classname="TestCase.ReusableFunctionTest.US200058ValidateTrailerAtStatusingLocation"/>
  <testcase name="VerifyInvalidStatusLocation" time="4.946" classname="TestCase.ReusableFunctionTest.US200058ValidateTrailerAtStatusingLocation"/>
  <testcase name="VerifyInvalidStatusLocation" time="4.979" classname="TestCase.ReusableFunctionTest.US200058ValidateTrailerAtStatusingLocation"/>
  <testcase name="VerifyInvalidStatusLocation" time="5.065" classname="TestCase.ReusableFunctionTest.US200058ValidateTrailerAtStatusingLocation"/>
  <testcase name="VerifyInvalidStatusLocation" time="4.935" classname="TestCase.ReusableFunctionTest.US200058ValidateTrailerAtStatusingLocation"/>
  <testcase name="VerifyInvalidStatusLocation" time="5.180" classname="TestCase.ReusableFunctionTest.US200058ValidateTrailerAtStatusingLocation"/>
  <testcase name="VerifyValidStatusLocation" time="4.096" classname="TestCase.ReusableFunctionTest.US200058ValidateTrailerAtStatusingLocation"/>
  <testcase name="VerifyValidStatusLocation" time="4.105" classname="TestCase.ReusableFunctionTest.US200058ValidateTrailerAtStatusingLocation"/>
  <testcase name="VerifyInvalidStatusLocation" time="4.953" classname="TestCase.ReusableFunctionTest.US200058ValidateTrailerAtStatusingLocation"/>
  <testcase name="VerifyValidStatusLocation" time="4.630" classname="TestCase.ReusableFunctionTest.US200058ValidateTrailerAtStatusingLocation"/>
  <testcase name="VerifyValidStatusLocation" time="4.055" classname="TestCase.ReusableFunctionTest.US200058ValidateTrailerAtStatusingLocation"/>
  <testcase name="VerifyValidStatusLocation" time="4.107" classname="TestCase.ReusableFunctionTest.US200058ValidateTrailerAtStatusingLocation"/>
  <testcase name="VerifyInvalidStatusLocation" time="5.072" classname="TestCase.ReusableFunctionTest.US200058ValidateTrailerAtStatusingLocation"/>
  <testcase name="VerifyValidStatusLocation" time="4.157" classname="TestCase.ReusableFunctionTest.US200058ValidateTrailerAtStatusingLocation"/>
  <testcase name="VerifyInvalidStatusLocation" time="4.981" classname="TestCase.ReusableFunctionTest.US200058ValidateTrailerAtStatusingLocation"/>
  <testcase name="VerifyInvalidStatusLocation" time="4.965" classname="TestCase.ReusableFunctionTest.US200058ValidateTrailerAtStatusingLocation"/>
  <testcase name="VerifyValidStatusLocation" time="4.186" classname="TestCase.ReusableFunctionTest.US200058ValidateTrailerAtStatusingLocation"/>
  <testcase name="VerifyValidStatusLocation" time="4.130" classname="TestCase.ReusableFunctionTest.US200058ValidateTrailerAtStatusingLocation"/>
  <testcase name="VerifyValidStatusLocation" time="4.068" classname="TestCase.ReusableFunctionTest.US200058ValidateTrailerAtStatusingLocation"/>
</testsuite> <!-- TestCase.ReusableFunctionTest.US200058ValidateTrailerAtStatusingLocation -->
