<?xml version="1.0" encoding="UTF-8"?>
<!-- Generated by org.testng.reporters.JUnitReportReporter -->
<testsuite hostname="N700278" name="TestCase.SitTest.US200058ValidateTrailerAtStatusingLocation" tests="40" failures="0" timestamp="2 Aug 2016 16:41:44 GMT" time="193.027" errors="0">
  <testcase name="VerifyValidStatusLocation" time="4.272" classname="TestCase.SitTest.US200058ValidateTrailerAtStatusingLocation"/>
  <testcase name="VerifyValidStatusLocation" time="4.444" classname="TestCase.SitTest.US200058ValidateTrailerAtStatusingLocation"/>
  <testcase name="VerifyInvalidStatusLocation" time="5.446" classname="TestCase.SitTest.US200058ValidateTrailerAtStatusingLocation"/>
  <testcase name="VerifyInvalidStatusLocation" time="5.047" classname="TestCase.SitTest.US200058ValidateTrailerAtStatusingLocation"/>
  <testcase name="VerifyValidStatusLocation" time="5.894" classname="TestCase.SitTest.US200058ValidateTrailerAtStatusingLocation"/>
  <testcase name="VerifyInvalidStatusLocation" time="5.187" classname="TestCase.SitTest.US200058ValidateTrailerAtStatusingLocation"/>
  <testcase name="VerifyValidStatusLocation" time="4.263" classname="TestCase.SitTest.US200058ValidateTrailerAtStatusingLocation"/>
  <testcase name="VerifyValidStatusLocation" time="4.323" classname="TestCase.SitTest.US200058ValidateTrailerAtStatusingLocation"/>
  <testcase name="VerifyValidStatusLocation" time="4.252" classname="TestCase.SitTest.US200058ValidateTrailerAtStatusingLocation"/>
  <testcase name="VerifyInvalidStatusLocation" time="5.210" classname="TestCase.SitTest.US200058ValidateTrailerAtStatusingLocation"/>
  <testcase name="VerifyValidStatusLocation" time="4.372" classname="TestCase.SitTest.US200058ValidateTrailerAtStatusingLocation"/>
  <testcase name="VerifyInvalidStatusLocation" time="5.330" classname="TestCase.SitTest.US200058ValidateTrailerAtStatusingLocation"/>
  <testcase name="VerifyValidStatusLocation" time="4.254" classname="TestCase.SitTest.US200058ValidateTrailerAtStatusingLocation"/>
  <testcase name="VerifyValidStatusLocation" time="4.288" classname="TestCase.SitTest.US200058ValidateTrailerAtStatusingLocation"/>
  <testcase name="VerifyValidStatusLocation" time="4.347" classname="TestCase.SitTest.US200058ValidateTrailerAtStatusingLocation"/>
  <testcase name="VerifyInvalidStatusLocation" time="5.207" classname="TestCase.SitTest.US200058ValidateTrailerAtStatusingLocation"/>
  <testcase name="VerifyValidStatusLocation" time="4.268" classname="TestCase.SitTest.US200058ValidateTrailerAtStatusingLocation"/>
  <testcase name="VerifyValidStatusLocation" time="4.276" classname="TestCase.SitTest.US200058ValidateTrailerAtStatusingLocation"/>
  <testcase name="VerifyInvalidStatusLocation" time="5.437" classname="TestCase.SitTest.US200058ValidateTrailerAtStatusingLocation"/>
  <testcase name="VerifyInvalidStatusLocation" time="5.362" classname="TestCase.SitTest.US200058ValidateTrailerAtStatusingLocation"/>
  <testcase name="VerifyInvalidStatusLocation" time="5.336" classname="TestCase.SitTest.US200058ValidateTrailerAtStatusingLocation"/>
  <testcase name="VerifyValidStatusLocation" time="4.182" classname="TestCase.SitTest.US200058ValidateTrailerAtStatusingLocation"/>
  <testcase name="VerifyValidStatusLocation" time="4.339" classname="TestCase.SitTest.US200058ValidateTrailerAtStatusingLocation"/>
  <testcase name="VerifyInvalidStatusLocation" time="5.479" classname="TestCase.SitTest.US200058ValidateTrailerAtStatusingLocation"/>
  <testcase name="VerifyInvalidStatusLocation" time="5.200" classname="TestCase.SitTest.US200058ValidateTrailerAtStatusingLocation"/>
  <testcase name="VerifyInvalidStatusLocation" time="5.207" classname="TestCase.SitTest.US200058ValidateTrailerAtStatusingLocation"/>
  <testcase name="VerifyInvalidStatusLocation" time="5.326" classname="TestCase.SitTest.US200058ValidateTrailerAtStatusingLocation"/>
  <testcase name="VerifyInvalidStatusLocation" time="5.299" classname="TestCase.SitTest.US200058ValidateTrailerAtStatusingLocation"/>
  <testcase name="VerifyValidStatusLocation" time="4.219" classname="TestCase.SitTest.US200058ValidateTrailerAtStatusingLocation"/>
  <testcase name="VerifyInvalidStatusLocation" time="5.449" classname="TestCase.SitTest.US200058ValidateTrailerAtStatusingLocation"/>
  <testcase name="VerifyValidStatusLocation" time="4.381" classname="TestCase.SitTest.US200058ValidateTrailerAtStatusingLocation"/>
  <testcase name="VerifyInvalidStatusLocation" time="5.455" classname="TestCase.SitTest.US200058ValidateTrailerAtStatusingLocation"/>
  <testcase name="VerifyValidStatusLocation" time="4.145" classname="TestCase.SitTest.US200058ValidateTrailerAtStatusingLocation"/>
  <testcase name="VerifyValidStatusLocation" time="4.274" classname="TestCase.SitTest.US200058ValidateTrailerAtStatusingLocation"/>
  <testcase name="VerifyInvalidStatusLocation" time="5.283" classname="TestCase.SitTest.US200058ValidateTrailerAtStatusingLocation"/>
  <testcase name="VerifyValidStatusLocation" time="4.256" classname="TestCase.SitTest.US200058ValidateTrailerAtStatusingLocation"/>
  <testcase name="VerifyInvalidStatusLocation" time="5.212" classname="TestCase.SitTest.US200058ValidateTrailerAtStatusingLocation"/>
  <testcase name="VerifyValidStatusLocation" time="4.212" classname="TestCase.SitTest.US200058ValidateTrailerAtStatusingLocation"/>
  <testcase name="VerifyInvalidStatusLocation" time="5.137" classname="TestCase.SitTest.US200058ValidateTrailerAtStatusingLocation"/>
  <testcase name="VerifyInvalidStatusLocation" time="5.157" classname="TestCase.SitTest.US200058ValidateTrailerAtStatusingLocation"/>
</testsuite> <!-- TestCase.SitTest.US200058ValidateTrailerAtStatusingLocation -->
