<?xml version="1.0" encoding="UTF-8"?>
<!-- Generated by org.testng.reporters.JUnitReportReporter -->
<testsuite hostname="N700278" name="TestCase.LdgScreen.LDGTesting" tests="2" failures="0" timestamp="8 Jul 2016 15:41:01 GMT" time="152.419" errors="0">
  <testcase name="SetTrailerToLDGWithProAndLeaveOn" time="57.700" classname="TestCase.LdgScreen.LDGTesting"/>
  <testcase name="SetTrailerToLDGWithProAndHeadLoad" time="94.719" classname="TestCase.LdgScreen.LDGTesting"/>
</testsuite> <!-- TestCase.LdgScreen.LDGTesting -->
