<?xml version="1.0" encoding="UTF-8"?>
<!-- Generated by org.testng.reporters.JUnitReportReporter -->
<testsuite hostname="N700278" name="trial.tr" tests="1" failures="0" timestamp="21 Apr 2016 01:38:00 GMT" time="14.337" errors="0">
  <testcase name="SetUp" time="14.337" classname="trial.tr"/>
</testsuite> <!-- trial.tr -->
