<?xml version="1.0" encoding="UTF-8"?>
<!-- Generated by org.testng.reporters.JUnitReportReporter -->
<testsuite hostname="N700278" name="test.trial.socket" tests="1" failures="0" timestamp="7 Jul 2016 20:02:59 GMT" time="0.033" errors="0">
  <testcase name="f" time="0.033" classname="test.trial.socket"/>
</testsuite> <!-- test.trial.socket -->
