<?xml version="1.0" encoding="UTF-8"?>
<!-- Generated by org.testng.reporters.JUnitReportReporter -->
<testsuite hostname="N700278" name="TestCase.TrailerInquiryTesting.TrailerInquiryScreen" tests="1" failures="1" timestamp="11 Aug 2016 20:12:40 GMT" time="9.817" errors="0">
  <testcase name="ldgTrailerWithPro" time="9.817" classname="TestCase.TrailerInquiryTesting.TrailerInquiryScreen">
    <failure type="java.lang.AssertionError" message="The following asserts failed:
	trailer grid is wrong: Lists differ at element [3]: 02/17  02:45 != 02/16  20:45 expected [02/17  02:45] but found [02/16  20:45],
	Pro grid is wrong 
[[458-210565-8, 621, 138, 1, 946, 02/17, H, 138], [253-664269-X, 319, 138, 5, 9400, 02/17, H, @, 138], [495-659515-1, 313, 138, 2, 2948, 02/16, H, 138], [499-385861-8, 312, 138, 1, 55, 02/17, H, 138], [496-139146-4, 881, 138, 1, 625, 02/18, 138], [493-153361-1, 347, 138, 2, 500, 02/17, 138], [496-101432-X, 216, 138, 1, 292, 02/18, H, 138], [446-900341-9, 621, 138, 1, 511, 02/17, H, 138]]
[[458-210565-8, 621, 138, 1, 946, 02/18, H, 138], [253-664269-X, 319, 138, 5, 9400, 02/18, H, @, 138], [495-659515-1, 313, 138, 2, 2948, 02/17, H, 138], [499-385861-8, 312, 138, 1, 55, 02/18, H, 138], [496-139146-4, 881, 138, 1, 625, 02/19, 138], [493-153361-1, 347, 138, 2, 500, 02/18, 138], [496-101432-X, 216, 138, 1, 292, 02/19, H, 138], [446-900341-9, 621, 138, 1, 511, 02/18, H, 138]]
 expected [[[458-210565-8, 621, 138, 1, 946, 02/18, H, 138], [253-664269-X, 319, 138, 5, 9400, 02/18, H, @, 138], [495-659515-1, 313, 138, 2, 2948, 02/17, H, 138], [499-385861-8, 312, 138, 1, 55, 02/18, H, 138], [496-139146-4, 881, 138, 1, 625, 02/19, 138], [493-153361-1, 347, 138, 2, 500, 02/18, 138], [496-101432-X, 216, 138, 1, 292, 02/19, H, 138], [446-900341-9, 621, 138, 1, 511, 02/18, H, 138]]] but found [[[458-210565-8, 621, 138, 1, 946, 02/17, H, 138], [253-664269-X, 319, 138, 5, 9400, 02/17, H, @, 138], [495-659515-1, 313, 138, 2, 2948, 02/16, H, 138], [499-385861-8, 312, 138, 1, 55, 02/17, H, 138], [496-139146-4, 881, 138, 1, 625, 02/18, 138], [493-153361-1, 347, 138, 2, 500, 02/17, 138], [496-101432-X, 216, 138, 1, 292, 02/18, H, 138], [446-900341-9, 621, 138, 1, 511, 02/17, H, 138]]]">
      <![CDATA[java.lang.AssertionError: The following asserts failed:
	trailer grid is wrong: Lists differ at element [3]: 02/17  02:45 != 02/16  20:45 expected [02/17  02:45] but found [02/16  20:45],
	Pro grid is wrong 
[[458-210565-8, 621, 138, 1, 946, 02/17, H, 138], [253-664269-X, 319, 138, 5, 9400, 02/17, H, @, 138], [495-659515-1, 313, 138, 2, 2948, 02/16, H, 138], [499-385861-8, 312, 138, 1, 55, 02/17, H, 138], [496-139146-4, 881, 138, 1, 625, 02/18, 138], [493-153361-1, 347, 138, 2, 500, 02/17, 138], [496-101432-X, 216, 138, 1, 292, 02/18, H, 138], [446-900341-9, 621, 138, 1, 511, 02/17, H, 138]]
[[458-210565-8, 621, 138, 1, 946, 02/18, H, 138], [253-664269-X, 319, 138, 5, 9400, 02/18, H, @, 138], [495-659515-1, 313, 138, 2, 2948, 02/17, H, 138], [499-385861-8, 312, 138, 1, 55, 02/18, H, 138], [496-139146-4, 881, 138, 1, 625, 02/19, 138], [493-153361-1, 347, 138, 2, 500, 02/18, 138], [496-101432-X, 216, 138, 1, 292, 02/19, H, 138], [446-900341-9, 621, 138, 1, 511, 02/18, H, 138]]
 expected [[[458-210565-8, 621, 138, 1, 946, 02/18, H, 138], [253-664269-X, 319, 138, 5, 9400, 02/18, H, @, 138], [495-659515-1, 313, 138, 2, 2948, 02/17, H, 138], [499-385861-8, 312, 138, 1, 55, 02/18, H, 138], [496-139146-4, 881, 138, 1, 625, 02/19, 138], [493-153361-1, 347, 138, 2, 500, 02/18, 138], [496-101432-X, 216, 138, 1, 292, 02/19, H, 138], [446-900341-9, 621, 138, 1, 511, 02/18, H, 138]]] but found [[[458-210565-8, 621, 138, 1, 946, 02/17, H, 138], [253-664269-X, 319, 138, 5, 9400, 02/17, H, @, 138], [495-659515-1, 313, 138, 2, 2948, 02/16, H, 138], [499-385861-8, 312, 138, 1, 55, 02/17, H, 138], [496-139146-4, 881, 138, 1, 625, 02/18, 138], [493-153361-1, 347, 138, 2, 500, 02/17, 138], [496-101432-X, 216, 138, 1, 292, 02/18, H, 138], [446-900341-9, 621, 138, 1, 511, 02/17, H, 138]]]
	at org.testng.asserts.SoftAssert.assertAll(SoftAssert.java:43)
	at TestCase.TrailerInquiryTesting.TrailerInquiryScreen.ldgTrailerWithPro(TrailerInquiryScreen.java:77)
	at sun.reflect.NativeMethodAccessorImpl.invoke0(Native Method)
	at sun.reflect.NativeMethodAccessorImpl.invoke(NativeMethodAccessorImpl.java:57)
	at sun.reflect.DelegatingMethodAccessorImpl.invoke(DelegatingMethodAccessorImpl.java:43)
	at java.lang.reflect.Method.invoke(Method.java:601)
	at org.testng.internal.MethodInvocationHelper.invokeMethod(MethodInvocationHelper.java:86)
	at org.testng.internal.Invoker.invokeMethod(Invoker.java:646)
	at org.testng.internal.Invoker.invokeTestMethod(Invoker.java:823)
	at org.testng.internal.Invoker.invokeTestMethods(Invoker.java:1131)
	at org.testng.internal.TestMethodWorker.invokeTestMethods(TestMethodWorker.java:129)
	at org.testng.internal.TestMethodWorker.run(TestMethodWorker.java:112)
	at org.testng.TestRunner.privateRun(TestRunner.java:778)
	at org.testng.TestRunner.run(TestRunner.java:632)
	at org.testng.SuiteRunner.runTest(SuiteRunner.java:366)
	at org.testng.SuiteRunner.runSequentially(SuiteRunner.java:361)
	at org.testng.SuiteRunner.privateRun(SuiteRunner.java:319)
	at org.testng.SuiteRunner.run(SuiteRunner.java:268)
	at org.testng.SuiteRunnerWorker.runSuite(SuiteRunnerWorker.java:52)
	at org.testng.SuiteRunnerWorker.run(SuiteRunnerWorker.java:86)
	at org.testng.TestNG.runSuitesSequentially(TestNG.java:1225)
	at org.testng.TestNG.runSuitesLocally(TestNG.java:1150)
	at org.testng.TestNG.runSuites(TestNG.java:1075)
	at org.testng.TestNG.run(TestNG.java:1047)
	at org.testng.remote.AbstractRemoteTestNG.run(AbstractRemoteTestNG.java:126)
	at org.testng.remote.RemoteTestNG.initAndRun(RemoteTestNG.java:137)
	at org.testng.remote.RemoteTestNG.main(RemoteTestNG.java:58)
]]>
    </failure>
  </testcase> <!-- ldgTrailerWithPro -->
</testsuite> <!-- TestCase.TrailerInquiryTesting.TrailerInquiryScreen -->
