<?xml version="1.0" encoding="UTF-8"?>
<!-- Generated by org.testng.reporters.JUnitReportReporter -->
<testsuite hostname="N700278" name="TestCase.LdgScreen.US200091SmartEnterLDG" tests="1" failures="0" timestamp="28 Jun 2016 21:59:46 GMT" time="27.986" errors="0">
  <testcase name="LdgTrailerWithoutProChangeDestinationAddPRO" time="27.986" classname="TestCase.LdgScreen.US200091SmartEnterLDG"/>
</testsuite> <!-- TestCase.LdgScreen.US200091SmartEnterLDG -->
