<?xml version="1.0" encoding="UTF-8"?>
<!-- Generated by org.testng.reporters.JUnitReportReporter -->
<testsuite hostname="N700278" name="test.test.trial.NewTest" tests="1" failures="0" timestamp="6 Jul 2016 05:23:27 GMT" time="0.019" errors="0">
  <testcase name="f" time="0.019" classname="test.test.trial.NewTest"/>
</testsuite> <!-- test.test.trial.NewTest -->
