<?xml version="1.0" encoding="UTF-8"?>
<!-- Generated by org.testng.reporters.JUnitReportReporter -->
<testsuite hostname="N700278" name="trial.trytologctrix" tests="1" failures="0" timestamp="13 May 2016 20:27:33 GMT" time="22.694" errors="0">
  <testcase name="f" time="22.694" classname="trial.trytologctrix"/>
</testsuite> <!-- trial.trytologctrix -->
