<?xml version="1.0" encoding="UTF-8"?>
<!-- Generated by org.testng.reporters.JUnitReportReporter -->
<testsuite hostname="N700278" name="TestCase.CLTGtesting.CLTGScreenTesting" tests="1" failures="0" timestamp="18 Aug 2016 05:30:49 GMT" time="6.439" errors="0">
  <testcase name="ToCLTGNoProSetToCLTG" time="6.439" classname="TestCase.CLTGtesting.CLTGScreenTesting"/>
</testsuite> <!-- TestCase.CLTGtesting.CLTGScreenTesting -->
