<?xml version="1.0" encoding="UTF-8"?>
<!-- Generated by org.testng.reporters.JUnitReportReporter -->
<testsuite hostname="N700278" name="SitTest.US200075DisplayPROsInOrderWhichTheyEnter" tests="3" failures="0" timestamp="29 Dec 2015 19:06:59 GMT" time="269.178" errors="0">
  <testcase name="AddMultipleProsInSingleBatch" time="71.548" classname="SitTest.US200075DisplayPROsInOrderWhichTheyEnter"/>
  <testcase name="AddSinglePro" time="91.237" classname="SitTest.US200075DisplayPROsInOrderWhichTheyEnter"/>
  <testcase name="AddTwoBatchesProsInSameSection" time="106.393" classname="SitTest.US200075DisplayPROsInOrderWhichTheyEnter"/>
</testsuite> <!-- SitTest.US200075DisplayPROsInOrderWhichTheyEnter -->
