<?xml version="1.0" encoding="UTF-8"?>
<!-- Generated by org.testng.reporters.JUnitReportReporter -->
<testsuite hostname="N700278" name="TestCase.SitTest.US200057EvaluateStatusTransitions" tests="20" failures="0" timestamp="2 Aug 2016 15:18:51 GMT" time="98.051" errors="0">
  <testcase name="VerifyInvalidStatusTransition" time="5.216" classname="TestCase.SitTest.US200057EvaluateStatusTransitions"/>
  <testcase name="VerifyInvalidStatusTransition" time="3.041" classname="TestCase.SitTest.US200057EvaluateStatusTransitions"/>
  <testcase name="VerifyInvalidStatusTransition" time="5.114" classname="TestCase.SitTest.US200057EvaluateStatusTransitions"/>
  <testcase name="VerifyInvalidStatusTransition" time="5.184" classname="TestCase.SitTest.US200057EvaluateStatusTransitions"/>
  <testcase name="VerifyInvalidStatusTransition" time="5.074" classname="TestCase.SitTest.US200057EvaluateStatusTransitions"/>
  <testcase name="VerifyInvalidStatusTransition" time="5.027" classname="TestCase.SitTest.US200057EvaluateStatusTransitions"/>
  <testcase name="VerifyInvalidStatusTransition" time="5.135" classname="TestCase.SitTest.US200057EvaluateStatusTransitions"/>
  <testcase name="VerifyInvalidStatusTransition" time="5.175" classname="TestCase.SitTest.US200057EvaluateStatusTransitions"/>
  <testcase name="VerifyInvalidStatusTransition" time="5.083" classname="TestCase.SitTest.US200057EvaluateStatusTransitions"/>
  <testcase name="VerifyInvalidStatusTransition" time="5.158" classname="TestCase.SitTest.US200057EvaluateStatusTransitions"/>
  <testcase name="VerifyInvalidStatusTransition" time="5.031" classname="TestCase.SitTest.US200057EvaluateStatusTransitions"/>
  <testcase name="VerifyInvalidStatusTransition" time="5.125" classname="TestCase.SitTest.US200057EvaluateStatusTransitions"/>
  <testcase name="VerifyInvalidStatusTransition" time="5.112" classname="TestCase.SitTest.US200057EvaluateStatusTransitions"/>
  <testcase name="VerifyInvalidStatusTransition" time="5.046" classname="TestCase.SitTest.US200057EvaluateStatusTransitions"/>
  <testcase name="VerifyInvalidStatusTransition" time="3.052" classname="TestCase.SitTest.US200057EvaluateStatusTransitions"/>
  <testcase name="VerifyInvalidStatusTransition" time="5.074" classname="TestCase.SitTest.US200057EvaluateStatusTransitions"/>
  <testcase name="VerifyInvalidStatusTransition" time="5.033" classname="TestCase.SitTest.US200057EvaluateStatusTransitions"/>
  <testcase name="VerifyInvalidStatusTransition" time="5.053" classname="TestCase.SitTest.US200057EvaluateStatusTransitions"/>
  <testcase name="VerifyInvalidStatusTransition" time="5.037" classname="TestCase.SitTest.US200057EvaluateStatusTransitions"/>
  <testcase name="VerifyInvalidStatusTransition" time="5.281" classname="TestCase.SitTest.US200057EvaluateStatusTransitions"/>
</testsuite> <!-- TestCase.SitTest.US200057EvaluateStatusTransitions -->
