<?xml version="1.0" encoding="UTF-8"?>
<!-- Generated by org.testng.reporters.JUnitReportReporter -->
<testsuite hostname="N700278" name="SitTest.US1204And1217ShipmentDetailsOnLDDAnd1202DisplayProsLoadedOnTrailerToBeClosed" tests="5" failures="4" timestamp="5 Mar 2016 09:43:49 GMT" time="140.447" errors="0">
  <testcase name="VerifyShipmentDetailsOnLDD" time="81.859" classname="SitTest.US1204And1217ShipmentDetailsOnLDDAnd1202DisplayProsLoadedOnTrailerToBeClosed">
    <failure type="java.lang.AssertionError" message="The following asserts failed:
	prolist information is wrong	prolist information is wrong expected [[[0211781259, 783, 909, 11, N], [0511046724, 511, 909, 200, N], [0511046367, 511, 909, 260, N], [0859091336, 859, 909, 3, N], [0402374269, 303, 909, 115, N], [030940303X, 309, 909, 20, N], [0754107328, 754, 909, 172, N], [0525071725, 525, 909, 20, N], [0525071734, 525, 909, 10, N], [0394199654, 394, 909, 40, N], [030944813X, 309, 909, 30, N], [0394199728, 394, 909, 20, N], [0525071817, 525, 909, 20, N], [0881359198, 881, 909, 85, N], [0847088052, 847, 909, 395, N], [0303108766, 303, 909, 200, N], [0511871100, 511, 909, 160, 326, N], [0432316326, 432, 909, 10, N], [015365212X, 153, 909, 10, 324, N], [0658073158, 658, 909, 3, N], [0256035682, 205, 909, 2, N], [025602273X, 256, 909, 30, 326, N], [0555272915, 555, 909, 80, 326, N], [0854203147, 853, 909, 265, 511, N], [0642355174, 642, 909, 60, 326, N], [0877157352, 877, 909, 800, 875, N], [0642334018, 642, 909, 90, 326, N], [0642334063, 642, 909, 25, 326, N], [0150053644, 521, 909, 250, 123, N], [0263153435, 288, 909, 120, 309, N], [0642334128, 642, 909, 30, 326, N], [0111658553, 122, 909, 123, 211, N], [0642333953, 642, 909, 75, 326, N], [0642333971, 642, 909, 150, 326, N], [0642333980, 642, 909, 150, 326, N], [0642333962, 642, 909, 75, 326, N], [064233410X, 642, 909, 50, 326, N], [0642333935, 833, 909, 164, 326, N], [0642334090, 642, 909, 150, 326, N], [0642334081, 216, 909, 40, 326, N], [0642334054, 642, 909, 100, 326, N], [0642333944, 303, 909, 3000, 326, N], [0740309733, @, 256, 909, 80, N], [0841005887, 415, 909, 30, N], [0245021235, @, 431, 909, 300, N], [0186956429, 223, 909, 210, N], [0187565342, 187, 909, 10, 326, N], [0104682289, 402, 909, 5, 326, N], [0123541964, 462, 909, 10], [0145251712, 145, 909, 15], [0150071161, 150, 909, 291], [0218058793, 218, 909, 30], [0218058811, 218, 909, 15], [0218058820, 218, 909, 15], [0218058849, 218, 909, 20], [0218058858, 218, 909, 10], [0218058867, 218, 909, 20], [0218058876, 218, 909, 30], [0218058885, 218, 909, 30], [0223031115, @, 223, 909, 5], [0223031124, 223, 909, 2], [026184647X, 261, 909, 30], [0261846489, 261, 909, 10], [0261850375, @,F, 261, 909, 25], [0261864464, 261, 909, 15], [0303108757, 303, 909, 20], [0303108912, 303, 909, 5], [0309400124, 309, 909, 20], [0309400418, 309, 909, 10], [0309400629, 309, 909, 5], [0309402223, 309, 909, 10], [0309402636, 309, 909, 50], [0309414745, 309, 909, 250], [0309414781, 309, 909, 60], [0309448699, 309, 909, 10], [0309448762, 309, 909, 20], [0309449523, 309, 909, 35], [0309449541, 309, 909, 10], [0309480727, 309, 909, 15], [0309480819, 309, 909, 30], [0309480828, 309, 909, 15], [0309480837, 309, 909, 10], [0309481039, 309, 909, 100], [0309481066, 309, 909, 30], [0309481075, 309, 909, 30], [0310082702, 315, 909, 432], [0310082720, 315, 909, 115], [031008273X, 315, 909, 6], [0310082749, 315, 909, 5], [0310606210, 402, 909, 20], [0310606239, @, 313, 909, 5], [0310614159, 313, 909, 200], [0322445062, 312, 909, 200], [0326600377, 326, 909, 2], [0326600395, 326, 909, 5], [0394200103, 394, 909, 10], [0394200159, @, 394, 909, 5], [0402463039, 402, 909, 75], [0422411090, 422, 909, 20], [0423173785, 423, 909, 16], [0423173821, 423, 909, 30], [0450414729, 135, 909, 290], [0511042939, 521, 909, 780], [0511872604, 511, 909, 45], [0518250413, 518, 909, 80], [0653602309, 653, 909, 15], [0658064174, 326, 909, 14], [0754164629, @, 754, 909, 20], [0808030624, 431, 909, 10], [0857108678, @, 422, 909, 140], [0857109062, 455, 909, 20], [0859092362, 859, 909, 25], [0869095552, 830, 909, 20], [0878083873, 878, 909, 50], [0881358208, 881, 909, 10], [088139063X, 881, 909, 30], [0881390694, 881, 909, 20]]] but found [[[0211781259, 783, 909, 11, N], [0511046724, 511, 909, 200, N], [0511046367, 511, 909, 260, N], [0859091336, 859, 909, 3, N], [0402374269, 303, 909, 115, N], [030940303X, 309, 909, 20, N], [0754107328, 754, 909, 172, N], [0525071725, 525, 909, 20, N], [0525071734, 525, 909, 10, N], [0394199654, 394, 909, 40, N], [030944813X, 309, 909, 30, N], [0394199728, 394, 909, 20, N], [0525071817, 525, 909, 20, N], [0881359198, 881, 909, 85, N], [0847088052, 847, 909, 395, N], [0303108766, 303, 909, 200, N], [0511871100, 511, 909, 160, 326, N], [0432316326, 432, 909, 10, N], [015365212X, 153, 909, 10, 324, N], [0658073158, 658, 909, 3, N], [0256035682, 205, 909, 2, N], [025602273X, 256, 909, 30, 326, N], [0555272915, 555, 909, 80, 326, N], [0854203147, 853, 909, 265, 511, N], [0642355174, 642, 909, 60, 326, N], [0877157352, 877, 909, 800, 875, N], [0642334018, 642, 909, 90, 326, N], [0642334063, 642, 909, 25, 326, N], [0150053644, 521, 909, 250, 123, N], [0263153435, 288, 909, 120, 309, N], [0642334128, 642, 909, 30, 326, N], [0111658553, 122, 909, 123, 211, N], [0642333953, 642, 909, 75, 326, N], [0642333971, 642, 909, 150, 326, N], [0642333980, 642, 909, 150, 326, N], [0642333962, 642, 909, 75, 326, N], [064233410X, 642, 909, 50, 326, N], [0642333935, 833, 909, 164, 326, N], [0642334090, 642, 909, 150, 326, N], [0642334081, 216, 909, 40, 326, N], [0642334054, 642, 909, 100, 326, N], [0642333944, 303, 909, 3000, 326, N], [0740309733, @, 256, 909, 80, N], [0841005887, 415, 909, 30, N], [0245021235, @, 431, 909, 300, N], [0186956429, 223, 909, 210, N], [0187565342, 187, 909, 10, 326, N], [0104682289, 402, 909, 5, 326, N], [0123541964, 462, 909, 10, N], [0145251712, 145, 909, 15, N], [0150071161, 150, 909, 291, N], [0218058793, 218, 909, 30, N], [0218058811, 218, 909, 15, N], [0218058820, 218, 909, 15, N], [0218058849, 218, 909, 20, N], [0218058858, 218, 909, 10, N], [0218058867, 218, 909, 20, N], [0218058876, 218, 909, 30, N], [0218058885, 218, 909, 30, N], [0223031115, @, 223, 909, 5, N], [0223031124, 223, 909, 2, N], [026184647X, 261, 909, 30, N], [0261846489, 261, 909, 10, N], [0261850375, @,F, 261, 909, 25, N], [0261864464, 261, 909, 15, N], [0303108757, 303, 909, 20, N], [0303108912, 303, 909, 5, N], [0309400124, 309, 909, 20, N], [0309400418, 309, 909, 10, N], [0309400629, 309, 909, 5, N], [0309402223, 309, 909, 10, N], [0309402636, 309, 909, 50, N], [0309414745, 309, 909, 250, N], [0309414781, 309, 909, 60, N], [0309448699, 309, 909, 10, N], [0309448762, 309, 909, 20, N], [0309449523, 309, 909, 35, N], [0309449541, 309, 909, 10, N], [0309480727, 309, 909, 15, N], [0309480819, 309, 909, 30, N], [0309480828, 309, 909, 15, N], [0309480837, 309, 909, 10, N], [0309481039, 309, 909, 100, N], [0309481066, 309, 909, 30, N], [0309481075, 309, 909, 30, N], [0310082702, 315, 909, 432, N], [0310082720, 315, 909, 115, N], [031008273X, 315, 909, 6, N], [0310082749, 315, 909, 5, N], [0310606210, 402, 909, 20, N], [0310606239, @, 313, 909, 5, N], [0310614159, 313, 909, 200, N], [0322445062, 312, 909, 200, N], [0326600377, 326, 909, 2, N], [0326600395, 326, 909, 5, N], [0394200103, 394, 909, 10, N], [0394200159, @, 394, 909, 5, N], [0402463039, 402, 909, 75, N], [0422411090, 422, 909, 20, N], [0423173785, 423, 909, 16, N], [0423173821, 423, 909, 30, N], [0450414729, 135, 909, 290, N], [0511042939, 521, 909, 780, N], [0511872604, 511, 909, 45, N], [0518250413, 518, 909, 80, N], [0653602309, 653, 909, 15, N], [0658064174, 326, 909, 14, N], [0754164629, @, 754, 909, 20, N], [0808030624, 431, 909, 10, N], [0857108678, @, 422, 909, 140, N], [0857109062, 455, 909, 20, N], [0859092362, 859, 909, 25, N], [0869095552, 830, 909, 20, N], [0878083873, 878, 909, 50, N], [0881358208, 881, 909, 10, N], [088139063X, 881, 909, 30, N], [0881390694, 881, 909, 20, N]]]">
      <![CDATA[java.lang.AssertionError: The following asserts failed:
	prolist information is wrong	prolist information is wrong expected [[[0211781259, 783, 909, 11, N], [0511046724, 511, 909, 200, N], [0511046367, 511, 909, 260, N], [0859091336, 859, 909, 3, N], [0402374269, 303, 909, 115, N], [030940303X, 309, 909, 20, N], [0754107328, 754, 909, 172, N], [0525071725, 525, 909, 20, N], [0525071734, 525, 909, 10, N], [0394199654, 394, 909, 40, N], [030944813X, 309, 909, 30, N], [0394199728, 394, 909, 20, N], [0525071817, 525, 909, 20, N], [0881359198, 881, 909, 85, N], [0847088052, 847, 909, 395, N], [0303108766, 303, 909, 200, N], [0511871100, 511, 909, 160, 326, N], [0432316326, 432, 909, 10, N], [015365212X, 153, 909, 10, 324, N], [0658073158, 658, 909, 3, N], [0256035682, 205, 909, 2, N], [025602273X, 256, 909, 30, 326, N], [0555272915, 555, 909, 80, 326, N], [0854203147, 853, 909, 265, 511, N], [0642355174, 642, 909, 60, 326, N], [0877157352, 877, 909, 800, 875, N], [0642334018, 642, 909, 90, 326, N], [0642334063, 642, 909, 25, 326, N], [0150053644, 521, 909, 250, 123, N], [0263153435, 288, 909, 120, 309, N], [0642334128, 642, 909, 30, 326, N], [0111658553, 122, 909, 123, 211, N], [0642333953, 642, 909, 75, 326, N], [0642333971, 642, 909, 150, 326, N], [0642333980, 642, 909, 150, 326, N], [0642333962, 642, 909, 75, 326, N], [064233410X, 642, 909, 50, 326, N], [0642333935, 833, 909, 164, 326, N], [0642334090, 642, 909, 150, 326, N], [0642334081, 216, 909, 40, 326, N], [0642334054, 642, 909, 100, 326, N], [0642333944, 303, 909, 3000, 326, N], [0740309733, @, 256, 909, 80, N], [0841005887, 415, 909, 30, N], [0245021235, @, 431, 909, 300, N], [0186956429, 223, 909, 210, N], [0187565342, 187, 909, 10, 326, N], [0104682289, 402, 909, 5, 326, N], [0123541964, 462, 909, 10], [0145251712, 145, 909, 15], [0150071161, 150, 909, 291], [0218058793, 218, 909, 30], [0218058811, 218, 909, 15], [0218058820, 218, 909, 15], [0218058849, 218, 909, 20], [0218058858, 218, 909, 10], [0218058867, 218, 909, 20], [0218058876, 218, 909, 30], [0218058885, 218, 909, 30], [0223031115, @, 223, 909, 5], [0223031124, 223, 909, 2], [026184647X, 261, 909, 30], [0261846489, 261, 909, 10], [0261850375, @,F, 261, 909, 25], [0261864464, 261, 909, 15], [0303108757, 303, 909, 20], [0303108912, 303, 909, 5], [0309400124, 309, 909, 20], [0309400418, 309, 909, 10], [0309400629, 309, 909, 5], [0309402223, 309, 909, 10], [0309402636, 309, 909, 50], [0309414745, 309, 909, 250], [0309414781, 309, 909, 60], [0309448699, 309, 909, 10], [0309448762, 309, 909, 20], [0309449523, 309, 909, 35], [0309449541, 309, 909, 10], [0309480727, 309, 909, 15], [0309480819, 309, 909, 30], [0309480828, 309, 909, 15], [0309480837, 309, 909, 10], [0309481039, 309, 909, 100], [0309481066, 309, 909, 30], [0309481075, 309, 909, 30], [0310082702, 315, 909, 432], [0310082720, 315, 909, 115], [031008273X, 315, 909, 6], [0310082749, 315, 909, 5], [0310606210, 402, 909, 20], [0310606239, @, 313, 909, 5], [0310614159, 313, 909, 200], [0322445062, 312, 909, 200], [0326600377, 326, 909, 2], [0326600395, 326, 909, 5], [0394200103, 394, 909, 10], [0394200159, @, 394, 909, 5], [0402463039, 402, 909, 75], [0422411090, 422, 909, 20], [0423173785, 423, 909, 16], [0423173821, 423, 909, 30], [0450414729, 135, 909, 290], [0511042939, 521, 909, 780], [0511872604, 511, 909, 45], [0518250413, 518, 909, 80], [0653602309, 653, 909, 15], [0658064174, 326, 909, 14], [0754164629, @, 754, 909, 20], [0808030624, 431, 909, 10], [0857108678, @, 422, 909, 140], [0857109062, 455, 909, 20], [0859092362, 859, 909, 25], [0869095552, 830, 909, 20], [0878083873, 878, 909, 50], [0881358208, 881, 909, 10], [088139063X, 881, 909, 30], [0881390694, 881, 909, 20]]] but found [[[0211781259, 783, 909, 11, N], [0511046724, 511, 909, 200, N], [0511046367, 511, 909, 260, N], [0859091336, 859, 909, 3, N], [0402374269, 303, 909, 115, N], [030940303X, 309, 909, 20, N], [0754107328, 754, 909, 172, N], [0525071725, 525, 909, 20, N], [0525071734, 525, 909, 10, N], [0394199654, 394, 909, 40, N], [030944813X, 309, 909, 30, N], [0394199728, 394, 909, 20, N], [0525071817, 525, 909, 20, N], [0881359198, 881, 909, 85, N], [0847088052, 847, 909, 395, N], [0303108766, 303, 909, 200, N], [0511871100, 511, 909, 160, 326, N], [0432316326, 432, 909, 10, N], [015365212X, 153, 909, 10, 324, N], [0658073158, 658, 909, 3, N], [0256035682, 205, 909, 2, N], [025602273X, 256, 909, 30, 326, N], [0555272915, 555, 909, 80, 326, N], [0854203147, 853, 909, 265, 511, N], [0642355174, 642, 909, 60, 326, N], [0877157352, 877, 909, 800, 875, N], [0642334018, 642, 909, 90, 326, N], [0642334063, 642, 909, 25, 326, N], [0150053644, 521, 909, 250, 123, N], [0263153435, 288, 909, 120, 309, N], [0642334128, 642, 909, 30, 326, N], [0111658553, 122, 909, 123, 211, N], [0642333953, 642, 909, 75, 326, N], [0642333971, 642, 909, 150, 326, N], [0642333980, 642, 909, 150, 326, N], [0642333962, 642, 909, 75, 326, N], [064233410X, 642, 909, 50, 326, N], [0642333935, 833, 909, 164, 326, N], [0642334090, 642, 909, 150, 326, N], [0642334081, 216, 909, 40, 326, N], [0642334054, 642, 909, 100, 326, N], [0642333944, 303, 909, 3000, 326, N], [0740309733, @, 256, 909, 80, N], [0841005887, 415, 909, 30, N], [0245021235, @, 431, 909, 300, N], [0186956429, 223, 909, 210, N], [0187565342, 187, 909, 10, 326, N], [0104682289, 402, 909, 5, 326, N], [0123541964, 462, 909, 10, N], [0145251712, 145, 909, 15, N], [0150071161, 150, 909, 291, N], [0218058793, 218, 909, 30, N], [0218058811, 218, 909, 15, N], [0218058820, 218, 909, 15, N], [0218058849, 218, 909, 20, N], [0218058858, 218, 909, 10, N], [0218058867, 218, 909, 20, N], [0218058876, 218, 909, 30, N], [0218058885, 218, 909, 30, N], [0223031115, @, 223, 909, 5, N], [0223031124, 223, 909, 2, N], [026184647X, 261, 909, 30, N], [0261846489, 261, 909, 10, N], [0261850375, @,F, 261, 909, 25, N], [0261864464, 261, 909, 15, N], [0303108757, 303, 909, 20, N], [0303108912, 303, 909, 5, N], [0309400124, 309, 909, 20, N], [0309400418, 309, 909, 10, N], [0309400629, 309, 909, 5, N], [0309402223, 309, 909, 10, N], [0309402636, 309, 909, 50, N], [0309414745, 309, 909, 250, N], [0309414781, 309, 909, 60, N], [0309448699, 309, 909, 10, N], [0309448762, 309, 909, 20, N], [0309449523, 309, 909, 35, N], [0309449541, 309, 909, 10, N], [0309480727, 309, 909, 15, N], [0309480819, 309, 909, 30, N], [0309480828, 309, 909, 15, N], [0309480837, 309, 909, 10, N], [0309481039, 309, 909, 100, N], [0309481066, 309, 909, 30, N], [0309481075, 309, 909, 30, N], [0310082702, 315, 909, 432, N], [0310082720, 315, 909, 115, N], [031008273X, 315, 909, 6, N], [0310082749, 315, 909, 5, N], [0310606210, 402, 909, 20, N], [0310606239, @, 313, 909, 5, N], [0310614159, 313, 909, 200, N], [0322445062, 312, 909, 200, N], [0326600377, 326, 909, 2, N], [0326600395, 326, 909, 5, N], [0394200103, 394, 909, 10, N], [0394200159, @, 394, 909, 5, N], [0402463039, 402, 909, 75, N], [0422411090, 422, 909, 20, N], [0423173785, 423, 909, 16, N], [0423173821, 423, 909, 30, N], [0450414729, 135, 909, 290, N], [0511042939, 521, 909, 780, N], [0511872604, 511, 909, 45, N], [0518250413, 518, 909, 80, N], [0653602309, 653, 909, 15, N], [0658064174, 326, 909, 14, N], [0754164629, @, 754, 909, 20, N], [0808030624, 431, 909, 10, N], [0857108678, @, 422, 909, 140, N], [0857109062, 455, 909, 20, N], [0859092362, 859, 909, 25, N], [0869095552, 830, 909, 20, N], [0878083873, 878, 909, 50, N], [0881358208, 881, 909, 10, N], [088139063X, 881, 909, 30, N], [0881390694, 881, 909, 20, N]]]
	at org.testng.asserts.SoftAssert.assertAll(SoftAssert.java:48)
	at SitTest.US1204And1217ShipmentDetailsOnLDDAnd1202DisplayProsLoadedOnTrailerToBeClosed.VerifyShipmentDetailsOnLDD(US1204And1217ShipmentDetailsOnLDDAnd1202DisplayProsLoadedOnTrailerToBeClosed.java:128)
	at sun.reflect.NativeMethodAccessorImpl.invoke0(Native Method)
	at sun.reflect.NativeMethodAccessorImpl.invoke(Unknown Source)
	at sun.reflect.DelegatingMethodAccessorImpl.invoke(Unknown Source)
	at java.lang.reflect.Method.invoke(Unknown Source)
	at org.testng.internal.MethodInvocationHelper.invokeMethod(MethodInvocationHelper.java:85)
	at org.testng.internal.Invoker.invokeMethod(Invoker.java:639)
	at org.testng.internal.Invoker.invokeTestMethod(Invoker.java:816)
	at org.testng.internal.Invoker.invokeTestMethods(Invoker.java:1124)
	at org.testng.internal.TestMethodWorker.invokeTestMethods(TestMethodWorker.java:124)
	at org.testng.internal.TestMethodWorker.run(TestMethodWorker.java:108)
	at org.testng.TestRunner.privateRun(TestRunner.java:773)
	at org.testng.TestRunner.run(TestRunner.java:623)
	at org.testng.SuiteRunner.runTest(SuiteRunner.java:359)
	at org.testng.SuiteRunner.runSequentially(SuiteRunner.java:354)
	at org.testng.SuiteRunner.privateRun(SuiteRunner.java:312)
	at org.testng.SuiteRunner.run(SuiteRunner.java:261)
	at org.testng.SuiteRunnerWorker.runSuite(SuiteRunnerWorker.java:52)
	at org.testng.SuiteRunnerWorker.run(SuiteRunnerWorker.java:86)
	at org.testng.TestNG.runSuitesSequentially(TestNG.java:1185)
	at org.testng.TestNG.runSuitesLocally(TestNG.java:1110)
	at org.testng.TestNG.run(TestNG.java:1018)
	at org.testng.remote.RemoteTestNG.run(RemoteTestNG.java:112)
	at org.testng.remote.RemoteTestNG.initAndRun(RemoteTestNG.java:205)
	at org.testng.remote.RemoteTestNG.main(RemoteTestNG.java:176)
]]>
    </failure>
  </testcase> <!-- VerifyShipmentDetailsOnLDD -->
  <testcase name="VerifyShipmentDetailsOnLDD" time="16.121" classname="SitTest.US1204And1217ShipmentDetailsOnLDDAnd1202DisplayProsLoadedOnTrailerToBeClosed">
    <failure type="java.lang.AssertionError" message="The following asserts failed:
	prolist information is wrong	prolist information is wrong expected [[[4892846333, %, 122, 830, 346, 830, N], [4829519153, 851, 830, 165, N], [4969506357, 112, 830, 176, 830, N], [4542737552, 431, 830, 1780, 830, N], [4540888773, @, 112, 830, 2792, 830, N], [4175180589, 112, 830, 129, 830, N], [4467807178, @, 822, 830, 4490, 830, N], [4951584395, 122, 830, 1050, N], [0840021432, @,F, 830, 830, 120, N], [4891386597, 272, 830, 400, 830, N], [4537032246, 616, 830, 1318, 830, N], [2444120041, 754, 830, 162, 830, N], [4967497930, 511, 830, 812, 830, N], [4825068232, @, 813, 830, 379, 830, N], [4972760176, @, 881, 830, 1659, 830, N], [4178170232, 830, 830, 659], [4896633047, 830, 830, 701], [4934629314, 830, 830, 448], [4968447753, 830, 830, 2202]]] but found [[[4892846333, %, 122, 830, 346, 830, N], [4829519153, 851, 830, 165, N], [4969506357, 112, 830, 176, 830, N], [4542737552, 431, 830, 1780, 830, N], [4175180589, 112, 830, 129, 830, N], [4540888773, @, 112, 830, 2792, 830, N], [4467807178, @, 822, 830, 4490, 830, N], [4951584395, 122, 830, 1050, N], [0840021432, @,F, 830, 830, 120, N], [4891386597, 272, 830, 400, 830, N], [4537032246, 616, 830, 1318, 830, N], [2444120041, 754, 830, 162, 830, N], [4967497930, 511, 830, 812, 830, N], [4825068232, @, 813, 830, 379, 830, N], [4972760176, @, 881, 830, 1659, 830, N], [4178170232, 830, 830, 659, N], [4896633047, 830, 830, 701, N], [4934629314, 830, 830, 448, N], [4968447753, 830, 830, 2202, N]]]">
      <![CDATA[java.lang.AssertionError: The following asserts failed:
	prolist information is wrong	prolist information is wrong expected [[[4892846333, %, 122, 830, 346, 830, N], [4829519153, 851, 830, 165, N], [4969506357, 112, 830, 176, 830, N], [4542737552, 431, 830, 1780, 830, N], [4540888773, @, 112, 830, 2792, 830, N], [4175180589, 112, 830, 129, 830, N], [4467807178, @, 822, 830, 4490, 830, N], [4951584395, 122, 830, 1050, N], [0840021432, @,F, 830, 830, 120, N], [4891386597, 272, 830, 400, 830, N], [4537032246, 616, 830, 1318, 830, N], [2444120041, 754, 830, 162, 830, N], [4967497930, 511, 830, 812, 830, N], [4825068232, @, 813, 830, 379, 830, N], [4972760176, @, 881, 830, 1659, 830, N], [4178170232, 830, 830, 659], [4896633047, 830, 830, 701], [4934629314, 830, 830, 448], [4968447753, 830, 830, 2202]]] but found [[[4892846333, %, 122, 830, 346, 830, N], [4829519153, 851, 830, 165, N], [4969506357, 112, 830, 176, 830, N], [4542737552, 431, 830, 1780, 830, N], [4175180589, 112, 830, 129, 830, N], [4540888773, @, 112, 830, 2792, 830, N], [4467807178, @, 822, 830, 4490, 830, N], [4951584395, 122, 830, 1050, N], [0840021432, @,F, 830, 830, 120, N], [4891386597, 272, 830, 400, 830, N], [4537032246, 616, 830, 1318, 830, N], [2444120041, 754, 830, 162, 830, N], [4967497930, 511, 830, 812, 830, N], [4825068232, @, 813, 830, 379, 830, N], [4972760176, @, 881, 830, 1659, 830, N], [4178170232, 830, 830, 659, N], [4896633047, 830, 830, 701, N], [4934629314, 830, 830, 448, N], [4968447753, 830, 830, 2202, N]]]
	at org.testng.asserts.SoftAssert.assertAll(SoftAssert.java:48)
	at SitTest.US1204And1217ShipmentDetailsOnLDDAnd1202DisplayProsLoadedOnTrailerToBeClosed.VerifyShipmentDetailsOnLDD(US1204And1217ShipmentDetailsOnLDDAnd1202DisplayProsLoadedOnTrailerToBeClosed.java:128)
	at sun.reflect.NativeMethodAccessorImpl.invoke0(Native Method)
	at sun.reflect.NativeMethodAccessorImpl.invoke(Unknown Source)
	at sun.reflect.DelegatingMethodAccessorImpl.invoke(Unknown Source)
	at java.lang.reflect.Method.invoke(Unknown Source)
	at org.testng.internal.MethodInvocationHelper.invokeMethod(MethodInvocationHelper.java:85)
	at org.testng.internal.Invoker.invokeMethod(Invoker.java:639)
	at org.testng.internal.Invoker.invokeTestMethod(Invoker.java:816)
	at org.testng.internal.Invoker.invokeTestMethods(Invoker.java:1124)
	at org.testng.internal.TestMethodWorker.invokeTestMethods(TestMethodWorker.java:124)
	at org.testng.internal.TestMethodWorker.run(TestMethodWorker.java:108)
	at org.testng.TestRunner.privateRun(TestRunner.java:773)
	at org.testng.TestRunner.run(TestRunner.java:623)
	at org.testng.SuiteRunner.runTest(SuiteRunner.java:359)
	at org.testng.SuiteRunner.runSequentially(SuiteRunner.java:354)
	at org.testng.SuiteRunner.privateRun(SuiteRunner.java:312)
	at org.testng.SuiteRunner.run(SuiteRunner.java:261)
	at org.testng.SuiteRunnerWorker.runSuite(SuiteRunnerWorker.java:52)
	at org.testng.SuiteRunnerWorker.run(SuiteRunnerWorker.java:86)
	at org.testng.TestNG.runSuitesSequentially(TestNG.java:1185)
	at org.testng.TestNG.runSuitesLocally(TestNG.java:1110)
	at org.testng.TestNG.run(TestNG.java:1018)
	at org.testng.remote.RemoteTestNG.run(RemoteTestNG.java:112)
	at org.testng.remote.RemoteTestNG.initAndRun(RemoteTestNG.java:205)
	at org.testng.remote.RemoteTestNG.main(RemoteTestNG.java:176)
]]>
    </failure>
  </testcase> <!-- VerifyShipmentDetailsOnLDD -->
  <testcase name="VerifyShipmentDetailsOnLDD" time="4.266" classname="SitTest.US1204And1217ShipmentDetailsOnLDDAnd1202DisplayProsLoadedOnTrailerToBeClosed"/>
  <testcase name="VerifyShipmentDetailsOnLDD" time="5.223" classname="SitTest.US1204And1217ShipmentDetailsOnLDDAnd1202DisplayProsLoadedOnTrailerToBeClosed">
    <failure type="java.lang.AssertionError" message="The following asserts failed:
	prolist information is wrong	prolist information is wrong expected [[[4934390650, 830, 875, 4590]]] but found [[[4934390650, 830, 875, 4590, N]]]">
      <![CDATA[java.lang.AssertionError: The following asserts failed:
	prolist information is wrong	prolist information is wrong expected [[[4934390650, 830, 875, 4590]]] but found [[[4934390650, 830, 875, 4590, N]]]
	at org.testng.asserts.SoftAssert.assertAll(SoftAssert.java:48)
	at SitTest.US1204And1217ShipmentDetailsOnLDDAnd1202DisplayProsLoadedOnTrailerToBeClosed.VerifyShipmentDetailsOnLDD(US1204And1217ShipmentDetailsOnLDDAnd1202DisplayProsLoadedOnTrailerToBeClosed.java:128)
	at sun.reflect.NativeMethodAccessorImpl.invoke0(Native Method)
	at sun.reflect.NativeMethodAccessorImpl.invoke(Unknown Source)
	at sun.reflect.DelegatingMethodAccessorImpl.invoke(Unknown Source)
	at java.lang.reflect.Method.invoke(Unknown Source)
	at org.testng.internal.MethodInvocationHelper.invokeMethod(MethodInvocationHelper.java:85)
	at org.testng.internal.Invoker.invokeMethod(Invoker.java:639)
	at org.testng.internal.Invoker.invokeTestMethod(Invoker.java:816)
	at org.testng.internal.Invoker.invokeTestMethods(Invoker.java:1124)
	at org.testng.internal.TestMethodWorker.invokeTestMethods(TestMethodWorker.java:124)
	at org.testng.internal.TestMethodWorker.run(TestMethodWorker.java:108)
	at org.testng.TestRunner.privateRun(TestRunner.java:773)
	at org.testng.TestRunner.run(TestRunner.java:623)
	at org.testng.SuiteRunner.runTest(SuiteRunner.java:359)
	at org.testng.SuiteRunner.runSequentially(SuiteRunner.java:354)
	at org.testng.SuiteRunner.privateRun(SuiteRunner.java:312)
	at org.testng.SuiteRunner.run(SuiteRunner.java:261)
	at org.testng.SuiteRunnerWorker.runSuite(SuiteRunnerWorker.java:52)
	at org.testng.SuiteRunnerWorker.run(SuiteRunnerWorker.java:86)
	at org.testng.TestNG.runSuitesSequentially(TestNG.java:1185)
	at org.testng.TestNG.runSuitesLocally(TestNG.java:1110)
	at org.testng.TestNG.run(TestNG.java:1018)
	at org.testng.remote.RemoteTestNG.run(RemoteTestNG.java:112)
	at org.testng.remote.RemoteTestNG.initAndRun(RemoteTestNG.java:205)
	at org.testng.remote.RemoteTestNG.main(RemoteTestNG.java:176)
]]>
    </failure>
  </testcase> <!-- VerifyShipmentDetailsOnLDD -->
  <testcase name="VerifyShipmentDetailsOnLDD" time="32.978" classname="SitTest.US1204And1217ShipmentDetailsOnLDDAnd1202DisplayProsLoadedOnTrailerToBeClosed">
    <failure type="java.lang.AssertionError" message="The following asserts failed:
	prolist information is wrong	prolist information is wrong expected [[[0347461329, 177, 177, 200, N], [2755401395, 347, 184, 612], [4544280165, @, 347, 615, 753], [4931522171, 347, 187, 118], [4931529148, 347, 116, 265], [4931665658, 347, 187, 856], [4931665685, 347, 183, 695], [4931692076, 347, 152, 238], [4993916523, 347, 152, 4130], [4995162677, 347, 615, 3600], [4996008128, 347, 184, 1061], [4996008137, 347, 177, 940]]] but found [[[0347461329, 177, 177, 200, N], [2755401395, 347, 184, 612, N], [4544280165, @, 347, 615, 753, N], [4931522171, 347, 187, 118, N], [4931529148, 347, 116, 265, N], [4931665658, 347, 187, 856, N], [4931665685, 347, 183, 695, N], [4931692076, 347, 152, 238, N], [4993916523, 347, 152, 4130, N], [4995162677, 347, 615, 3600, N], [4996008128, 347, 184, 1061, N], [4996008137, 347, 177, 940, N]]]">
      <![CDATA[java.lang.AssertionError: The following asserts failed:
	prolist information is wrong	prolist information is wrong expected [[[0347461329, 177, 177, 200, N], [2755401395, 347, 184, 612], [4544280165, @, 347, 615, 753], [4931522171, 347, 187, 118], [4931529148, 347, 116, 265], [4931665658, 347, 187, 856], [4931665685, 347, 183, 695], [4931692076, 347, 152, 238], [4993916523, 347, 152, 4130], [4995162677, 347, 615, 3600], [4996008128, 347, 184, 1061], [4996008137, 347, 177, 940]]] but found [[[0347461329, 177, 177, 200, N], [2755401395, 347, 184, 612, N], [4544280165, @, 347, 615, 753, N], [4931522171, 347, 187, 118, N], [4931529148, 347, 116, 265, N], [4931665658, 347, 187, 856, N], [4931665685, 347, 183, 695, N], [4931692076, 347, 152, 238, N], [4993916523, 347, 152, 4130, N], [4995162677, 347, 615, 3600, N], [4996008128, 347, 184, 1061, N], [4996008137, 347, 177, 940, N]]]
	at org.testng.asserts.SoftAssert.assertAll(SoftAssert.java:48)
	at SitTest.US1204And1217ShipmentDetailsOnLDDAnd1202DisplayProsLoadedOnTrailerToBeClosed.VerifyShipmentDetailsOnLDD(US1204And1217ShipmentDetailsOnLDDAnd1202DisplayProsLoadedOnTrailerToBeClosed.java:128)
	at sun.reflect.NativeMethodAccessorImpl.invoke0(Native Method)
	at sun.reflect.NativeMethodAccessorImpl.invoke(Unknown Source)
	at sun.reflect.DelegatingMethodAccessorImpl.invoke(Unknown Source)
	at java.lang.reflect.Method.invoke(Unknown Source)
	at org.testng.internal.MethodInvocationHelper.invokeMethod(MethodInvocationHelper.java:85)
	at org.testng.internal.Invoker.invokeMethod(Invoker.java:639)
	at org.testng.internal.Invoker.invokeTestMethod(Invoker.java:816)
	at org.testng.internal.Invoker.invokeTestMethods(Invoker.java:1124)
	at org.testng.internal.TestMethodWorker.invokeTestMethods(TestMethodWorker.java:124)
	at org.testng.internal.TestMethodWorker.run(TestMethodWorker.java:108)
	at org.testng.TestRunner.privateRun(TestRunner.java:773)
	at org.testng.TestRunner.run(TestRunner.java:623)
	at org.testng.SuiteRunner.runTest(SuiteRunner.java:359)
	at org.testng.SuiteRunner.runSequentially(SuiteRunner.java:354)
	at org.testng.SuiteRunner.privateRun(SuiteRunner.java:312)
	at org.testng.SuiteRunner.run(SuiteRunner.java:261)
	at org.testng.SuiteRunnerWorker.runSuite(SuiteRunnerWorker.java:52)
	at org.testng.SuiteRunnerWorker.run(SuiteRunnerWorker.java:86)
	at org.testng.TestNG.runSuitesSequentially(TestNG.java:1185)
	at org.testng.TestNG.runSuitesLocally(TestNG.java:1110)
	at org.testng.TestNG.run(TestNG.java:1018)
	at org.testng.remote.RemoteTestNG.run(RemoteTestNG.java:112)
	at org.testng.remote.RemoteTestNG.initAndRun(RemoteTestNG.java:205)
	at org.testng.remote.RemoteTestNG.main(RemoteTestNG.java:176)
]]>
    </failure>
  </testcase> <!-- VerifyShipmentDetailsOnLDD -->
</testsuite> <!-- SitTest.US1204And1217ShipmentDetailsOnLDDAnd1202DisplayProsLoadedOnTrailerToBeClosed -->
