<?xml version="1.0" encoding="UTF-8"?>
<!-- Generated by org.testng.reporters.JUnitReportReporter -->
<testsuite hostname="N700278" name="SitTest.US1215QuickClose" tests="1" failures="0" timestamp="10 Mar 2016 05:54:45 GMT" time="25.463" errors="0">
  <testcase name="TrailerWithPRO" time="25.463" classname="SitTest.US1215QuickClose"/>
</testsuite> <!-- SitTest.US1215QuickClose -->
