<?xml version="1.0" encoding="UTF-8"?>
<!-- Generated by org.testng.reporters.JUnitReportReporter -->
<testsuite hostname="N700278" name="LDDscreen.US607PromptHeadloadOnDestinationChangeLDD" tests="1" failures="0" timestamp="28 Apr 2016 21:42:27 GMT" time="31.694" errors="0">
  <testcase name="lddTrailerWithHeadloadProsClickNo" time="31.694" classname="LDDscreen.US607PromptHeadloadOnDestinationChangeLDD"/>
</testsuite> <!-- LDDscreen.US607PromptHeadloadOnDestinationChangeLDD -->
